[ 2017-02-16T12:59:52+08:00 ] ::1 /MyBlog/Public/Admin/img/progress.gif
INFO: [ app_init ] --START--
INFO: Run Behavior\BuildLiteBehavior [ RunTime:0.000020s ]
INFO: [ app_init ] --END-- [ RunTime:0.000470s ]

[ 2017-02-16T13:00:02+08:00 ] ::1 /MyBlog/Public/Admin/js/plugins/layer/extend/layer.ext.js
INFO: [ app_init ] --START--
INFO: Run Behavior\BuildLiteBehavior [ RunTime:0.000016s ]
INFO: [ app_init ] --END-- [ RunTime:0.000450s ]
INFO: [ app_begin ] --START--
INFO: Run Behavior\ReadHtmlCacheBehavior [ RunTime:0.000458s ]
INFO: [ app_begin ] --END-- [ RunTime:0.000512s ]
ERR: 无法加载控制器:Public

[ 2017-02-16T13:00:06+08:00 ] ::1 /MyBlog/Public/Admin/css/add-public.css
INFO: [ app_init ] --START--
INFO: Run Behavior\BuildLiteBehavior [ RunTime:0.000019s ]
INFO: [ app_init ] --END-- [ RunTime:0.000637s ]
INFO: [ app_begin ] --START--
INFO: Run Behavior\ReadHtmlCacheBehavior [ RunTime:0.000610s ]
INFO: [ app_begin ] --END-- [ RunTime:0.000687s ]
ERR: 无法加载控制器:Public

[ 2017-02-16T13:00:06+08:00 ] ::1 /MyBlog/Public/Admin/css/node.css
INFO: [ app_init ] --START--
INFO: Run Behavior\BuildLiteBehavior [ RunTime:0.000024s ]
INFO: [ app_init ] --END-- [ RunTime:0.000498s ]
INFO: [ app_begin ] --START--
INFO: Run Behavior\ReadHtmlCacheBehavior [ RunTime:0.000595s ]
INFO: [ app_begin ] --END-- [ RunTime:0.000670s ]
ERR: 无法加载控制器:Public

[ 2017-02-16T13:00:06+08:00 ] ::1 /MyBlog/Public/Admin/js/plugins/layer/extend/layer.ext.js
INFO: [ app_init ] --START--
INFO: Run Behavior\BuildLiteBehavior [ RunTime:0.000012s ]
INFO: [ app_init ] --END-- [ RunTime:0.000328s ]
INFO: [ app_begin ] --START--
INFO: Run Behavior\ReadHtmlCacheBehavior [ RunTime:0.000543s ]
INFO: [ app_begin ] --END-- [ RunTime:0.000603s ]
ERR: 无法加载控制器:Public

[ 2017-02-16T13:00:20+08:00 ] ::1 /MyBlog/Public/Admin/js/plugins/layer/extend/layer.ext.js
INFO: [ app_init ] --START--
INFO: Run Behavior\BuildLiteBehavior [ RunTime:0.000012s ]
INFO: [ app_init ] --END-- [ RunTime:0.000330s ]
INFO: [ app_begin ] --START--
INFO: Run Behavior\ReadHtmlCacheBehavior [ RunTime:0.000420s ]
INFO: [ app_begin ] --END-- [ RunTime:0.000470s ]
ERR: 无法加载控制器:Public

[ 2017-02-16T13:00:22+08:00 ] ::1 /MyBlog/Public/Admin/js/plugins/layer/extend/layer.ext.js
INFO: [ app_init ] --START--
INFO: Run Behavior\BuildLiteBehavior [ RunTime:0.000015s ]
INFO: [ app_init ] --END-- [ RunTime:0.000389s ]
INFO: [ app_begin ] --START--
INFO: Run Behavior\ReadHtmlCacheBehavior [ RunTime:0.000661s ]
INFO: [ app_begin ] --END-- [ RunTime:0.000741s ]
ERR: 无法加载控制器:Public

[ 2017-02-16T13:00:25+08:00 ] ::1 /MyBlog/Public/Admin/js/plugins/layer/extend/layer.ext.js
INFO: [ app_init ] --START--
INFO: Run Behavior\BuildLiteBehavior [ RunTime:0.000020s ]
INFO: [ app_init ] --END-- [ RunTime:0.000543s ]
INFO: [ app_begin ] --START--
INFO: Run Behavior\ReadHtmlCacheBehavior [ RunTime:0.000922s ]
INFO: [ app_begin ] --END-- [ RunTime:0.001028s ]
ERR: 无法加载控制器:Public

[ 2017-02-16T13:00:31+08:00 ] ::1 /MyBlog/Public/Admin/js/plugins/layer/extend/layer.ext.js
INFO: [ app_init ] --START--
INFO: Run Behavior\BuildLiteBehavior [ RunTime:0.000018s ]
INFO: [ app_init ] --END-- [ RunTime:0.000494s ]
INFO: [ app_begin ] --START--
INFO: Run Behavior\ReadHtmlCacheBehavior [ RunTime:0.000614s ]
INFO: [ app_begin ] --END-- [ RunTime:0.000686s ]
ERR: 无法加载控制器:Public

[ 2017-02-16T13:00:41+08:00 ] ::1 /MyBlog/Public/Admin/js/plugins/layer/extend/layer.ext.js
INFO: [ app_init ] --START--
INFO: Run Behavior\BuildLiteBehavior [ RunTime:0.000025s ]
INFO: [ app_init ] --END-- [ RunTime:0.000589s ]
INFO: [ app_begin ] --START--
INFO: Run Behavior\ReadHtmlCacheBehavior [ RunTime:0.000457s ]
INFO: [ app_begin ] --END-- [ RunTime:0.000514s ]
ERR: 无法加载控制器:Public

[ 2017-02-16T13:00:48+08:00 ] ::1 /MyBlog/Public/Admin/js/plugins/layer/extend/layer.ext.js
INFO: [ app_init ] --START--
INFO: Run Behavior\BuildLiteBehavior [ RunTime:0.000014s ]
INFO: [ app_init ] --END-- [ RunTime:0.000358s ]
INFO: [ app_begin ] --START--
INFO: Run Behavior\ReadHtmlCacheBehavior [ RunTime:0.000425s ]
INFO: [ app_begin ] --END-- [ RunTime:0.000479s ]
ERR: 无法加载控制器:Public

[ 2017-02-16T13:00:53+08:00 ] ::1 /MyBlog/Public/Admin/js/plugins/layer/extend/layer.ext.js
INFO: [ app_init ] --START--
INFO: Run Behavior\BuildLiteBehavior [ RunTime:0.000013s ]
INFO: [ app_init ] --END-- [ RunTime:0.000323s ]
INFO: [ app_begin ] --START--
INFO: Run Behavior\ReadHtmlCacheBehavior [ RunTime:0.000435s ]
INFO: [ app_begin ] --END-- [ RunTime:0.000494s ]
ERR: 无法加载控制器:Public

[ 2017-02-16T13:00:57+08:00 ] ::1 /MyBlog/Public/Admin/js/plugins/layer/extend/layer.ext.js
INFO: [ app_init ] --START--
INFO: Run Behavior\BuildLiteBehavior [ RunTime:0.000013s ]
INFO: [ app_init ] --END-- [ RunTime:0.000334s ]
INFO: [ app_begin ] --START--
INFO: Run Behavior\ReadHtmlCacheBehavior [ RunTime:0.000590s ]
INFO: [ app_begin ] --END-- [ RunTime:0.000657s ]
ERR: 无法加载控制器:Public

[ 2017-02-16T13:01:09+08:00 ] ::1 /MyBlog/
INFO: [ app_init ] --START--
INFO: Run Behavior\BuildLiteBehavior [ RunTime:0.000014s ]
INFO: [ app_init ] --END-- [ RunTime:0.000357s ]
INFO: [ app_begin ] --START--
INFO: Run Behavior\ReadHtmlCacheBehavior [ RunTime:0.000359s ]
INFO: [ app_begin ] --END-- [ RunTime:0.000404s ]
INFO: [ view_parse ] --START--
INFO: [ template_filter ] --START--
INFO: Run Behavior\ContentReplaceBehavior [ RunTime:0.000041s ]
INFO: [ template_filter ] --END-- [ RunTime:0.000091s ]
INFO: Run Behavior\ParseTemplateBehavior [ RunTime:0.017246s ]
INFO: [ view_parse ] --END-- [ RunTime:0.017308s ]
INFO: [ view_filter ] --START--
INFO: Run Behavior\WriteHtmlCacheBehavior [ RunTime:0.000207s ]
INFO: [ view_filter ] --END-- [ RunTime:0.000240s ]
INFO: [ app_end ] --START--
INFO: Run Behavior\ShowPageTraceBehavior [ RunTime:0.000488s ]
INFO: [ app_end ] --END-- [ RunTime:0.000527s ]

[ 2017-02-16T13:01:22+08:00 ] ::1 /MyBlog/About/index.html
INFO: [ app_init ] --START--
INFO: Run Behavior\BuildLiteBehavior [ RunTime:0.000011s ]
INFO: [ app_init ] --END-- [ RunTime:0.000277s ]
INFO: [ app_begin ] --START--
INFO: Run Behavior\ReadHtmlCacheBehavior [ RunTime:0.000476s ]
INFO: [ app_begin ] --END-- [ RunTime:0.000520s ]
INFO: [ view_parse ] --START--
INFO: [ template_filter ] --START--
INFO: Run Behavior\ContentReplaceBehavior [ RunTime:0.000055s ]
INFO: [ template_filter ] --END-- [ RunTime:0.000103s ]
INFO: Run Behavior\ParseTemplateBehavior [ RunTime:0.044454s ]
INFO: [ view_parse ] --END-- [ RunTime:0.044516s ]
INFO: [ view_filter ] --START--
INFO: Run Behavior\WriteHtmlCacheBehavior [ RunTime:0.000322s ]
INFO: [ view_filter ] --END-- [ RunTime:0.000353s ]
INFO: [ app_end ] --START--
INFO: Run Behavior\ShowPageTraceBehavior [ RunTime:0.000482s ]
INFO: [ app_end ] --END-- [ RunTime:0.000516s ]

[ 2017-02-16T13:01:23+08:00 ] ::1 /MyBlog/About/js/comment-reply.min.js
INFO: [ app_init ] --START--
INFO: Run Behavior\BuildLiteBehavior [ RunTime:0.000013s ]
INFO: [ app_init ] --END-- [ RunTime:0.000371s ]
INFO: [ app_begin ] --START--
INFO: Run Behavior\ReadHtmlCacheBehavior [ RunTime:0.000540s ]
INFO: [ app_begin ] --END-- [ RunTime:0.000595s ]
ERR: 非法操作:js

[ 2017-02-16T13:01:23+08:00 ] ::1 /MyBlog/About/js/comment-reply.min.js
INFO: [ app_init ] --START--
INFO: Run Behavior\BuildLiteBehavior [ RunTime:0.000011s ]
INFO: [ app_init ] --END-- [ RunTime:0.000315s ]
INFO: [ app_begin ] --START--
INFO: Run Behavior\ReadHtmlCacheBehavior [ RunTime:0.000409s ]
INFO: [ app_begin ] --END-- [ RunTime:0.000458s ]
ERR: 非法操作:js

[ 2017-02-16T13:01:26+08:00 ] ::1 /MyBlog/Liuyan/index.html
INFO: [ app_init ] --START--
INFO: Run Behavior\BuildLiteBehavior [ RunTime:0.000010s ]
INFO: [ app_init ] --END-- [ RunTime:0.000312s ]
INFO: [ app_begin ] --START--
INFO: Run Behavior\ReadHtmlCacheBehavior [ RunTime:0.000401s ]
INFO: [ app_begin ] --END-- [ RunTime:0.000447s ]
SQL: SHOW COLUMNS FROM `myblog_liuyan` [ RunTime:0.0010s ]
SQL: SELECT COUNT(*) AS tp_count FROM `myblog_liuyan` LIMIT 1   [ RunTime:0.0003s ]
SQL: SELECT * FROM `myblog_liuyan` ORDER BY id desc  [ RunTime:0.0004s ]
INFO: [ view_parse ] --START--
INFO: [ template_filter ] --START--
INFO: Run Behavior\ContentReplaceBehavior [ RunTime:0.000063s ]
INFO: [ template_filter ] --END-- [ RunTime:0.000108s ]
INFO: Run Behavior\ParseTemplateBehavior [ RunTime:0.019238s ]
INFO: [ view_parse ] --END-- [ RunTime:0.019288s ]
INFO: [ view_filter ] --START--
INFO: Run Behavior\WriteHtmlCacheBehavior [ RunTime:0.000332s ]
INFO: [ view_filter ] --END-- [ RunTime:0.000396s ]
INFO: [ app_end ] --START--
INFO: Run Behavior\ShowPageTraceBehavior [ RunTime:0.000714s ]
INFO: [ app_end ] --END-- [ RunTime:0.000774s ]

[ 2017-02-16T13:01:33+08:00 ] ::1 /MyBlog/Links/index.html
INFO: [ app_init ] --START--
INFO: Run Behavior\BuildLiteBehavior [ RunTime:0.000010s ]
INFO: [ app_init ] --END-- [ RunTime:0.000281s ]
INFO: [ app_begin ] --START--
INFO: Run Behavior\ReadHtmlCacheBehavior [ RunTime:0.000376s ]
INFO: [ app_begin ] --END-- [ RunTime:0.000429s ]
SQL: SHOW COLUMNS FROM `myblog_links` [ RunTime:0.0022s ]
SQL: SELECT * FROM `myblog_links` ORDER BY id desc  [ RunTime:0.0005s ]
INFO: [ view_parse ] --START--
INFO: [ template_filter ] --START--
INFO: Run Behavior\ContentReplaceBehavior [ RunTime:0.000053s ]
INFO: [ template_filter ] --END-- [ RunTime:0.000095s ]
INFO: Run Behavior\ParseTemplateBehavior [ RunTime:0.007058s ]
INFO: [ view_parse ] --END-- [ RunTime:0.007124s ]
INFO: [ view_filter ] --START--
INFO: Run Behavior\WriteHtmlCacheBehavior [ RunTime:0.000203s ]
INFO: [ view_filter ] --END-- [ RunTime:0.000233s ]
INFO: [ app_end ] --START--
INFO: Run Behavior\ShowPageTraceBehavior [ RunTime:0.000355s ]
INFO: [ app_end ] --END-- [ RunTime:0.000387s ]

[ 2017-02-16T13:01:35+08:00 ] ::1 /MyBlog/Article/qian_duan.html
INFO: [ app_init ] --START--
INFO: Run Behavior\BuildLiteBehavior [ RunTime:0.000009s ]
INFO: [ app_init ] --END-- [ RunTime:0.000295s ]
INFO: [ app_begin ] --START--
INFO: Run Behavior\ReadHtmlCacheBehavior [ RunTime:0.000451s ]
INFO: [ app_begin ] --END-- [ RunTime:0.000507s ]
SQL: SHOW COLUMNS FROM `myblog_article` [ RunTime:0.0007s ]
SQL: SELECT COUNT(*) AS tp_count FROM `myblog_article` WHERE `cate_id` = 5 LIMIT 1   [ RunTime:0.0003s ]
SQL: SELECT * FROM `myblog_article` WHERE `cate_id` = 5 LIMIT 0,10   [ RunTime:0.0004s ]
INFO: [ view_parse ] --START--
INFO: [ template_filter ] --START--
INFO: Run Behavior\ContentReplaceBehavior [ RunTime:0.000062s ]
INFO: [ template_filter ] --END-- [ RunTime:0.000117s ]
INFO: Run Behavior\ParseTemplateBehavior [ RunTime:0.019466s ]
INFO: [ view_parse ] --END-- [ RunTime:0.019521s ]
INFO: [ view_filter ] --START--
INFO: Run Behavior\WriteHtmlCacheBehavior [ RunTime:0.000198s ]
INFO: [ view_filter ] --END-- [ RunTime:0.000229s ]
INFO: [ app_end ] --START--
INFO: Run Behavior\ShowPageTraceBehavior [ RunTime:0.000383s ]
INFO: [ app_end ] --END-- [ RunTime:0.000416s ]

[ 2017-02-16T13:01:38+08:00 ] ::1 /MyBlog/Article/sql_.html
INFO: [ app_init ] --START--
INFO: Run Behavior\BuildLiteBehavior [ RunTime:0.000012s ]
INFO: [ app_init ] --END-- [ RunTime:0.000315s ]
INFO: [ app_begin ] --START--
INFO: Run Behavior\ReadHtmlCacheBehavior [ RunTime:0.000356s ]
INFO: [ app_begin ] --END-- [ RunTime:0.000397s ]
SQL: SHOW COLUMNS FROM `myblog_article` [ RunTime:0.0007s ]
SQL: SELECT COUNT(*) AS tp_count FROM `myblog_article` WHERE `cate_id` = 4 LIMIT 1   [ RunTime:0.0003s ]
SQL: SELECT * FROM `myblog_article` WHERE `cate_id` = 4 LIMIT 0,10   [ RunTime:0.0003s ]
INFO: [ view_parse ] --START--
INFO: [ template_filter ] --START--
INFO: Run Behavior\ContentReplaceBehavior [ RunTime:0.000051s ]
INFO: [ template_filter ] --END-- [ RunTime:0.000093s ]
INFO: Run Behavior\ParseTemplateBehavior [ RunTime:0.006826s ]
INFO: [ view_parse ] --END-- [ RunTime:0.006896s ]
INFO: [ view_filter ] --START--
INFO: Run Behavior\WriteHtmlCacheBehavior [ RunTime:0.000242s ]
INFO: [ view_filter ] --END-- [ RunTime:0.000276s ]
INFO: [ app_end ] --START--
INFO: Run Behavior\ShowPageTraceBehavior [ RunTime:0.000399s ]
INFO: [ app_end ] --END-- [ RunTime:0.000438s ]

[ 2017-02-16T13:01:40+08:00 ] ::1 /MyBlog/Article/ja_ph.html
INFO: [ app_init ] --START--
INFO: Run Behavior\BuildLiteBehavior [ RunTime:0.000017s ]
INFO: [ app_init ] --END-- [ RunTime:0.000421s ]
INFO: [ app_begin ] --START--
INFO: Run Behavior\ReadHtmlCacheBehavior [ RunTime:0.000361s ]
INFO: [ app_begin ] --END-- [ RunTime:0.000403s ]
SQL: SHOW COLUMNS FROM `myblog_article` [ RunTime:0.0009s ]
SQL: SELECT COUNT(*) AS tp_count FROM `myblog_article` WHERE `cate_id` = 3 LIMIT 1   [ RunTime:0.0003s ]
SQL: SELECT * FROM `myblog_article` WHERE `cate_id` = 3 LIMIT 0,10   [ RunTime:0.0004s ]
INFO: [ view_parse ] --START--
INFO: [ template_filter ] --START--
INFO: Run Behavior\ContentReplaceBehavior [ RunTime:0.000051s ]
INFO: [ template_filter ] --END-- [ RunTime:0.000091s ]
INFO: Run Behavior\ParseTemplateBehavior [ RunTime:0.006705s ]
INFO: [ view_parse ] --END-- [ RunTime:0.006755s ]
INFO: [ view_filter ] --START--
INFO: Run Behavior\WriteHtmlCacheBehavior [ RunTime:0.000196s ]
INFO: [ view_filter ] --END-- [ RunTime:0.000226s ]
INFO: [ app_end ] --START--
INFO: Run Behavior\ShowPageTraceBehavior [ RunTime:0.000584s ]
INFO: [ app_end ] --END-- [ RunTime:0.000646s ]

[ 2017-02-16T13:01:41+08:00 ] ::1 /MyBlog/Article/mood.html
INFO: [ app_init ] --START--
INFO: Run Behavior\BuildLiteBehavior [ RunTime:0.000020s ]
INFO: [ app_init ] --END-- [ RunTime:0.000532s ]
INFO: [ app_begin ] --START--
INFO: Run Behavior\ReadHtmlCacheBehavior [ RunTime:0.000670s ]
INFO: [ app_begin ] --END-- [ RunTime:0.000755s ]
SQL: SHOW COLUMNS FROM `myblog_article` [ RunTime:0.0010s ]
SQL: SELECT COUNT(*) AS tp_count FROM `myblog_article` WHERE `cate_id` = 2 LIMIT 1   [ RunTime:0.0005s ]
SQL: SELECT * FROM `myblog_article` WHERE `cate_id` = 2 LIMIT 0,10   [ RunTime:0.0005s ]
INFO: [ view_parse ] --START--
INFO: [ template_filter ] --START--
INFO: Run Behavior\ContentReplaceBehavior [ RunTime:0.000057s ]
INFO: [ template_filter ] --END-- [ RunTime:0.000104s ]
INFO: Run Behavior\ParseTemplateBehavior [ RunTime:0.008541s ]
INFO: [ view_parse ] --END-- [ RunTime:0.008616s ]
INFO: [ view_filter ] --START--
INFO: Run Behavior\WriteHtmlCacheBehavior [ RunTime:0.000420s ]
INFO: [ view_filter ] --END-- [ RunTime:0.000487s ]
INFO: [ app_end ] --START--
INFO: Run Behavior\ShowPageTraceBehavior [ RunTime:0.000676s ]
INFO: [ app_end ] --END-- [ RunTime:0.000748s ]

[ 2017-02-16T13:01:43+08:00 ] ::1 /MyBlog/Article/suibi.html
INFO: [ app_init ] --START--
INFO: Run Behavior\BuildLiteBehavior [ RunTime:0.000018s ]
INFO: [ app_init ] --END-- [ RunTime:0.000334s ]
INFO: [ app_begin ] --START--
INFO: Run Behavior\ReadHtmlCacheBehavior [ RunTime:0.000714s ]
INFO: [ app_begin ] --END-- [ RunTime:0.000811s ]
SQL: SHOW COLUMNS FROM `myblog_article` [ RunTime:0.0008s ]
SQL: SELECT COUNT(*) AS tp_count FROM `myblog_article` WHERE `cate_id` = 1 LIMIT 1   [ RunTime:0.0005s ]
SQL: SELECT * FROM `myblog_article` WHERE `cate_id` = 1 LIMIT 0,10   [ RunTime:0.0004s ]
INFO: [ view_parse ] --START--
INFO: [ template_filter ] --START--
INFO: Run Behavior\ContentReplaceBehavior [ RunTime:0.000086s ]
INFO: [ template_filter ] --END-- [ RunTime:0.000156s ]
NOTIC: [8] Array to string conversion D:\www\MyBlog\App\Runtime\Cache\Home\17592d29c89a2fe08a3f8f6cc03d05d4.php 第 36 行.
NOTIC: [8] Array to string conversion D:\www\MyBlog\App\Runtime\Cache\Home\17592d29c89a2fe08a3f8f6cc03d05d4.php 第 36 行.
NOTIC: [8] Array to string conversion D:\www\MyBlog\App\Runtime\Cache\Home\17592d29c89a2fe08a3f8f6cc03d05d4.php 第 36 行.
NOTIC: [8] Array to string conversion D:\www\MyBlog\App\Runtime\Cache\Home\17592d29c89a2fe08a3f8f6cc03d05d4.php 第 36 行.
INFO: Run Behavior\ParseTemplateBehavior [ RunTime:0.009847s ]
INFO: [ view_parse ] --END-- [ RunTime:0.009895s ]
INFO: [ view_filter ] --START--
INFO: Run Behavior\WriteHtmlCacheBehavior [ RunTime:0.000225s ]
INFO: [ view_filter ] --END-- [ RunTime:0.000256s ]
INFO: [ app_end ] --START--
INFO: Run Behavior\ShowPageTraceBehavior [ RunTime:0.000405s ]
INFO: [ app_end ] --END-- [ RunTime:0.000442s ]

[ 2017-02-16T13:01:47+08:00 ] ::1 /MyBlog/Article/mood.html
INFO: [ app_init ] --START--
INFO: Run Behavior\BuildLiteBehavior [ RunTime:0.000011s ]
INFO: [ app_init ] --END-- [ RunTime:0.000279s ]
INFO: [ app_begin ] --START--
INFO: Run Behavior\ReadHtmlCacheBehavior [ RunTime:0.000358s ]
INFO: [ app_begin ] --END-- [ RunTime:0.000400s ]
SQL: SHOW COLUMNS FROM `myblog_article` [ RunTime:0.0007s ]
SQL: SELECT COUNT(*) AS tp_count FROM `myblog_article` WHERE `cate_id` = 2 LIMIT 1   [ RunTime:0.0004s ]
SQL: SELECT * FROM `myblog_article` WHERE `cate_id` = 2 LIMIT 0,10   [ RunTime:0.0004s ]
INFO: [ view_parse ] --START--
INFO: [ template_filter ] --START--
INFO: Run Behavior\ContentReplaceBehavior [ RunTime:0.000053s ]
INFO: [ template_filter ] --END-- [ RunTime:0.000095s ]
INFO: Run Behavior\ParseTemplateBehavior [ RunTime:0.006806s ]
INFO: [ view_parse ] --END-- [ RunTime:0.006856s ]
INFO: [ view_filter ] --START--
INFO: Run Behavior\WriteHtmlCacheBehavior [ RunTime:0.000204s ]
INFO: [ view_filter ] --END-- [ RunTime:0.000234s ]
INFO: [ app_end ] --START--
INFO: Run Behavior\ShowPageTraceBehavior [ RunTime:0.000432s ]
INFO: [ app_end ] --END-- [ RunTime:0.000465s ]

[ 2017-02-16T13:01:48+08:00 ] ::1 /MyBlog/Article/suibi.html
INFO: [ app_init ] --START--
INFO: Run Behavior\BuildLiteBehavior [ RunTime:0.000013s ]
INFO: [ app_init ] --END-- [ RunTime:0.000345s ]
INFO: [ app_begin ] --START--
INFO: Run Behavior\ReadHtmlCacheBehavior [ RunTime:0.000405s ]
INFO: [ app_begin ] --END-- [ RunTime:0.000460s ]
SQL: SHOW COLUMNS FROM `myblog_article` [ RunTime:0.0007s ]
SQL: SELECT COUNT(*) AS tp_count FROM `myblog_article` WHERE `cate_id` = 1 LIMIT 1   [ RunTime:0.0003s ]
SQL: SELECT * FROM `myblog_article` WHERE `cate_id` = 1 LIMIT 0,10   [ RunTime:0.0008s ]
INFO: [ view_parse ] --START--
INFO: [ template_filter ] --START--
INFO: Run Behavior\ContentReplaceBehavior [ RunTime:0.000057s ]
INFO: [ template_filter ] --END-- [ RunTime:0.000106s ]
NOTIC: [8] Array to string conversion D:\www\MyBlog\App\Runtime\Cache\Home\17592d29c89a2fe08a3f8f6cc03d05d4.php 第 36 行.
NOTIC: [8] Array to string conversion D:\www\MyBlog\App\Runtime\Cache\Home\17592d29c89a2fe08a3f8f6cc03d05d4.php 第 36 行.
NOTIC: [8] Array to string conversion D:\www\MyBlog\App\Runtime\Cache\Home\17592d29c89a2fe08a3f8f6cc03d05d4.php 第 36 行.
NOTIC: [8] Array to string conversion D:\www\MyBlog\App\Runtime\Cache\Home\17592d29c89a2fe08a3f8f6cc03d05d4.php 第 36 行.
INFO: Run Behavior\ParseTemplateBehavior [ RunTime:0.009070s ]
INFO: [ view_parse ] --END-- [ RunTime:0.009120s ]
INFO: [ view_filter ] --START--
INFO: Run Behavior\WriteHtmlCacheBehavior [ RunTime:0.000300s ]
INFO: [ view_filter ] --END-- [ RunTime:0.000336s ]
INFO: [ app_end ] --START--
INFO: Run Behavior\ShowPageTraceBehavior [ RunTime:0.000401s ]
INFO: [ app_end ] --END-- [ RunTime:0.000437s ]

[ 2017-02-16T13:04:51+08:00 ] ::1 /MyBlog/Public/Admin/js/plugins/layer/extend/layer.ext.js
INFO: [ app_init ] --START--
INFO: Run Behavior\BuildLiteBehavior [ RunTime:0.000023s ]
INFO: [ app_init ] --END-- [ RunTime:0.000570s ]
INFO: [ app_begin ] --START--
INFO: Run Behavior\ReadHtmlCacheBehavior [ RunTime:0.000660s ]
INFO: [ app_begin ] --END-- [ RunTime:0.000743s ]
ERR: 无法加载控制器:Public

[ 2017-02-16T13:04:52+08:00 ] ::1 /MyBlog/Public/Admin/js/plugins/layer/extend/layer.ext.js
INFO: [ app_init ] --START--
INFO: Run Behavior\BuildLiteBehavior [ RunTime:0.000016s ]
INFO: [ app_init ] --END-- [ RunTime:0.000417s ]
INFO: [ app_begin ] --START--
INFO: Run Behavior\ReadHtmlCacheBehavior [ RunTime:0.000551s ]
INFO: [ app_begin ] --END-- [ RunTime:0.000625s ]
ERR: 无法加载控制器:Public

[ 2017-02-16T13:05:04+08:00 ] ::1 /MyBlog/Public/Admin/js/plugins/layer/extend/layer.ext.js
INFO: [ app_init ] --START--
INFO: Run Behavior\BuildLiteBehavior [ RunTime:0.000016s ]
INFO: [ app_init ] --END-- [ RunTime:0.000395s ]
INFO: [ app_begin ] --START--
INFO: Run Behavior\ReadHtmlCacheBehavior [ RunTime:0.000435s ]
INFO: [ app_begin ] --END-- [ RunTime:0.000493s ]
ERR: 无法加载控制器:Public

[ 2017-02-16T13:05:07+08:00 ] ::1 /MyBlog/Public/Admin/js/plugins/layer/extend/layer.ext.js
INFO: [ app_init ] --START--
INFO: Run Behavior\BuildLiteBehavior [ RunTime:0.000014s ]
INFO: [ app_init ] --END-- [ RunTime:0.000440s ]
INFO: [ app_begin ] --START--
INFO: Run Behavior\ReadHtmlCacheBehavior [ RunTime:0.000452s ]
INFO: [ app_begin ] --END-- [ RunTime:0.000505s ]
ERR: 无法加载控制器:Public

[ 2017-02-16T13:05:33+08:00 ] ::1 /MyBlog/Public/Admin/js/plugins/layer/extend/layer.ext.js
INFO: [ app_init ] --START--
INFO: Run Behavior\BuildLiteBehavior [ RunTime:0.000016s ]
INFO: [ app_init ] --END-- [ RunTime:0.000342s ]
INFO: [ app_begin ] --START--
INFO: Run Behavior\ReadHtmlCacheBehavior [ RunTime:0.000467s ]
INFO: [ app_begin ] --END-- [ RunTime:0.000522s ]
ERR: 无法加载控制器:Public

[ 2017-02-16T13:05:40+08:00 ] ::1 /MyBlog/Public/Admin/js/plugins/layer/extend/layer.ext.js
INFO: [ app_init ] --START--
INFO: Run Behavior\BuildLiteBehavior [ RunTime:0.000019s ]
INFO: [ app_init ] --END-- [ RunTime:0.000506s ]
INFO: [ app_begin ] --START--
INFO: Run Behavior\ReadHtmlCacheBehavior [ RunTime:0.000456s ]
INFO: [ app_begin ] --END-- [ RunTime:0.000522s ]
ERR: 无法加载控制器:Public

[ 2017-02-16T13:05:57+08:00 ] ::1 /MyBlog/Public/Admin/js/plugins/layer/extend/layer.ext.js
INFO: [ app_init ] --START--
INFO: Run Behavior\BuildLiteBehavior [ RunTime:0.000014s ]
INFO: [ app_init ] --END-- [ RunTime:0.000390s ]
INFO: [ app_begin ] --START--
INFO: Run Behavior\ReadHtmlCacheBehavior [ RunTime:0.000415s ]
INFO: [ app_begin ] --END-- [ RunTime:0.000471s ]
ERR: 无法加载控制器:Public

[ 2017-02-16T13:06:03+08:00 ] ::1 /MyBlog/Public/Admin/js/plugins/layer/extend/layer.ext.js
INFO: [ app_init ] --START--
INFO: Run Behavior\BuildLiteBehavior [ RunTime:0.000021s ]
INFO: [ app_init ] --END-- [ RunTime:0.000561s ]
INFO: [ app_begin ] --START--
INFO: Run Behavior\ReadHtmlCacheBehavior [ RunTime:0.001516s ]
INFO: [ app_begin ] --END-- [ RunTime:0.001601s ]
ERR: 无法加载控制器:Public

[ 2017-02-16T13:06:16+08:00 ] ::1 /MyBlog/Public/Admin/js/plugins/layer/extend/layer.ext.js
INFO: [ app_init ] --START--
INFO: Run Behavior\BuildLiteBehavior [ RunTime:0.000022s ]
INFO: [ app_init ] --END-- [ RunTime:0.000579s ]
INFO: [ app_begin ] --START--
INFO: Run Behavior\ReadHtmlCacheBehavior [ RunTime:0.000802s ]
INFO: [ app_begin ] --END-- [ RunTime:0.000877s ]
ERR: 无法加载控制器:Public

[ 2017-02-16T13:07:43+08:00 ] ::1 /MyBlog/Article/suibi.html
INFO: [ app_init ] --START--
INFO: Run Behavior\BuildLiteBehavior [ RunTime:0.000010s ]
INFO: [ app_init ] --END-- [ RunTime:0.000353s ]
INFO: [ app_begin ] --START--
INFO: Run Behavior\ReadHtmlCacheBehavior [ RunTime:0.000515s ]
INFO: [ app_begin ] --END-- [ RunTime:0.000563s ]
SQL: SHOW COLUMNS FROM `myblog_article` [ RunTime:0.0009s ]
SQL: SELECT COUNT(*) AS tp_count FROM `myblog_article` WHERE `cate_id` = 1 LIMIT 1   [ RunTime:0.0003s ]
SQL: SELECT * FROM `myblog_article` WHERE `cate_id` = 1 LIMIT 0,10   [ RunTime:0.0004s ]
INFO: [ view_parse ] --START--
INFO: [ template_filter ] --START--
INFO: Run Behavior\ContentReplaceBehavior [ RunTime:0.000094s ]
INFO: [ template_filter ] --END-- [ RunTime:0.000165s ]
NOTIC: [8] Array to string conversion D:\www\MyBlog\App\Runtime\Cache\Home\17592d29c89a2fe08a3f8f6cc03d05d4.php 第 36 行.
NOTIC: [8] Array to string conversion D:\www\MyBlog\App\Runtime\Cache\Home\17592d29c89a2fe08a3f8f6cc03d05d4.php 第 36 行.
NOTIC: [8] Array to string conversion D:\www\MyBlog\App\Runtime\Cache\Home\17592d29c89a2fe08a3f8f6cc03d05d4.php 第 36 行.
NOTIC: [8] Array to string conversion D:\www\MyBlog\App\Runtime\Cache\Home\17592d29c89a2fe08a3f8f6cc03d05d4.php 第 36 行.
INFO: Run Behavior\ParseTemplateBehavior [ RunTime:0.008525s ]
INFO: [ view_parse ] --END-- [ RunTime:0.008571s ]
INFO: [ view_filter ] --START--
INFO: Run Behavior\WriteHtmlCacheBehavior [ RunTime:0.000397s ]
INFO: [ view_filter ] --END-- [ RunTime:0.000428s ]
INFO: [ app_end ] --START--
INFO: Run Behavior\ShowPageTraceBehavior [ RunTime:0.000497s ]
INFO: [ app_end ] --END-- [ RunTime:0.000530s ]

[ 2017-02-16T13:08:58+08:00 ] ::1 /MyBlog/Article/suibi.html
INFO: [ app_init ] --START--
INFO: Run Behavior\BuildLiteBehavior [ RunTime:0.000011s ]
INFO: [ app_init ] --END-- [ RunTime:0.000348s ]
INFO: [ app_begin ] --START--
INFO: Run Behavior\ReadHtmlCacheBehavior [ RunTime:0.000529s ]
INFO: [ app_begin ] --END-- [ RunTime:0.000575s ]
SQL: SHOW COLUMNS FROM `myblog_article` [ RunTime:0.0014s ]
SQL: SELECT COUNT(*) AS tp_count FROM `myblog_article` WHERE `cate_id` = 1 LIMIT 1   [ RunTime:0.0005s ]
SQL: SELECT * FROM `myblog_article` WHERE `cate_id` = 1 ORDER BY create_time desc LIMIT 0,10   [ RunTime:0.0007s ]
INFO: [ view_parse ] --START--
INFO: [ template_filter ] --START--
INFO: Run Behavior\ContentReplaceBehavior [ RunTime:0.000065s ]
INFO: [ template_filter ] --END-- [ RunTime:0.000114s ]
NOTIC: [8] Array to string conversion D:\www\MyBlog\App\Runtime\Cache\Home\17592d29c89a2fe08a3f8f6cc03d05d4.php 第 36 行.
NOTIC: [8] Array to string conversion D:\www\MyBlog\App\Runtime\Cache\Home\17592d29c89a2fe08a3f8f6cc03d05d4.php 第 36 行.
NOTIC: [8] Array to string conversion D:\www\MyBlog\App\Runtime\Cache\Home\17592d29c89a2fe08a3f8f6cc03d05d4.php 第 36 行.
NOTIC: [8] Array to string conversion D:\www\MyBlog\App\Runtime\Cache\Home\17592d29c89a2fe08a3f8f6cc03d05d4.php 第 36 行.
INFO: Run Behavior\ParseTemplateBehavior [ RunTime:0.008284s ]
INFO: [ view_parse ] --END-- [ RunTime:0.008335s ]
INFO: [ view_filter ] --START--
INFO: Run Behavior\WriteHtmlCacheBehavior [ RunTime:0.000424s ]
INFO: [ view_filter ] --END-- [ RunTime:0.000463s ]
INFO: [ app_end ] --START--
INFO: Run Behavior\ShowPageTraceBehavior [ RunTime:0.000547s ]
INFO: [ app_end ] --END-- [ RunTime:0.000585s ]

[ 2017-02-16T13:09:10+08:00 ] ::1 /MyBlog/Public/Admin/js/plugins/layer/extend/layer.ext.js
INFO: [ app_init ] --START--
INFO: Run Behavior\BuildLiteBehavior [ RunTime:0.000020s ]
INFO: [ app_init ] --END-- [ RunTime:0.000569s ]
INFO: [ app_begin ] --START--
INFO: Run Behavior\ReadHtmlCacheBehavior [ RunTime:0.000713s ]
INFO: [ app_begin ] --END-- [ RunTime:0.000804s ]
ERR: 无法加载控制器:Public

[ 2017-02-16T13:09:13+08:00 ] ::1 /MyBlog/Public/js/jquery.min.js
INFO: [ app_init ] --START--
INFO: Run Behavior\BuildLiteBehavior [ RunTime:0.000017s ]
INFO: [ app_init ] --END-- [ RunTime:0.000552s ]
INFO: [ app_begin ] --START--
INFO: Run Behavior\ReadHtmlCacheBehavior [ RunTime:0.000874s ]
INFO: [ app_begin ] --END-- [ RunTime:0.000964s ]
ERR: 无法加载控制器:Public

[ 2017-02-16T13:09:13+08:00 ] ::1 /MyBlog/Public/js/jquery.min.js
INFO: [ app_init ] --START--
INFO: Run Behavior\BuildLiteBehavior [ RunTime:0.000011s ]
INFO: [ app_init ] --END-- [ RunTime:0.000330s ]
INFO: [ app_begin ] --START--
INFO: Run Behavior\ReadHtmlCacheBehavior [ RunTime:0.000578s ]
INFO: [ app_begin ] --END-- [ RunTime:0.000636s ]
ERR: 无法加载控制器:Public

[ 2017-02-16T13:09:13+08:00 ] ::1 /MyBlog/Public/Admin/js/plugins/layer/extend/layer.ext.js
INFO: [ app_init ] --START--
INFO: Run Behavior\BuildLiteBehavior [ RunTime:0.000016s ]
INFO: [ app_init ] --END-- [ RunTime:0.000410s ]
INFO: [ app_begin ] --START--
INFO: Run Behavior\ReadHtmlCacheBehavior [ RunTime:0.000883s ]
INFO: [ app_begin ] --END-- [ RunTime:0.000985s ]
ERR: 无法加载控制器:Public

[ 2017-02-16T13:12:20+08:00 ] ::1 /MyBlog/Public/Admin/js/plugins/layer/extend/layer.ext.js
INFO: [ app_init ] --START--
INFO: Run Behavior\BuildLiteBehavior [ RunTime:0.000014s ]
INFO: [ app_init ] --END-- [ RunTime:0.000345s ]
INFO: [ app_begin ] --START--
INFO: Run Behavior\ReadHtmlCacheBehavior [ RunTime:0.000431s ]
INFO: [ app_begin ] --END-- [ RunTime:0.000486s ]
ERR: 无法加载控制器:Public

[ 2017-02-16T13:12:31+08:00 ] ::1 /MyBlog/Article/suibi.html
INFO: [ app_init ] --START--
INFO: Run Behavior\BuildLiteBehavior [ RunTime:0.000010s ]
INFO: [ app_init ] --END-- [ RunTime:0.000288s ]
INFO: [ app_begin ] --START--
INFO: Run Behavior\ReadHtmlCacheBehavior [ RunTime:0.000407s ]
INFO: [ app_begin ] --END-- [ RunTime:0.000452s ]
SQL: SHOW COLUMNS FROM `myblog_article` [ RunTime:0.0007s ]
SQL: SELECT COUNT(*) AS tp_count FROM `myblog_article` WHERE `cate_id` = 1 LIMIT 1   [ RunTime:0.0003s ]
SQL: SELECT * FROM `myblog_article` WHERE `cate_id` = 1 ORDER BY create_time desc LIMIT 0,10   [ RunTime:0.0004s ]
INFO: [ view_parse ] --START--
INFO: [ template_filter ] --START--
INFO: Run Behavior\ContentReplaceBehavior [ RunTime:0.000089s ]
INFO: [ template_filter ] --END-- [ RunTime:0.000163s ]
NOTIC: [8] Array to string conversion D:\www\MyBlog\App\Runtime\Cache\Home\17592d29c89a2fe08a3f8f6cc03d05d4.php 第 36 行.
NOTIC: [8] Array to string conversion D:\www\MyBlog\App\Runtime\Cache\Home\17592d29c89a2fe08a3f8f6cc03d05d4.php 第 36 行.
NOTIC: [8] Array to string conversion D:\www\MyBlog\App\Runtime\Cache\Home\17592d29c89a2fe08a3f8f6cc03d05d4.php 第 36 行.
NOTIC: [8] Array to string conversion D:\www\MyBlog\App\Runtime\Cache\Home\17592d29c89a2fe08a3f8f6cc03d05d4.php 第 36 行.
INFO: Run Behavior\ParseTemplateBehavior [ RunTime:0.007745s ]
INFO: [ view_parse ] --END-- [ RunTime:0.007792s ]
INFO: [ view_filter ] --START--
INFO: Run Behavior\WriteHtmlCacheBehavior [ RunTime:0.000217s ]
INFO: [ view_filter ] --END-- [ RunTime:0.000248s ]
INFO: [ app_end ] --START--
INFO: Run Behavior\ShowPageTraceBehavior [ RunTime:0.000407s ]
INFO: [ app_end ] --END-- [ RunTime:0.000440s ]

[ 2017-02-16T13:12:33+08:00 ] ::1 /MyBlog/Article/mood.html
INFO: [ app_init ] --START--
INFO: Run Behavior\BuildLiteBehavior [ RunTime:0.000011s ]
INFO: [ app_init ] --END-- [ RunTime:0.000304s ]
INFO: [ app_begin ] --START--
INFO: Run Behavior\ReadHtmlCacheBehavior [ RunTime:0.000573s ]
INFO: [ app_begin ] --END-- [ RunTime:0.000648s ]
SQL: SHOW COLUMNS FROM `myblog_article` [ RunTime:0.0011s ]
SQL: SELECT COUNT(*) AS tp_count FROM `myblog_article` WHERE `cate_id` = 2 LIMIT 1   [ RunTime:0.0004s ]
SQL: SELECT * FROM `myblog_article` WHERE `cate_id` = 2 ORDER BY create_time desc LIMIT 0,10   [ RunTime:0.0007s ]
INFO: [ view_parse ] --START--
INFO: [ template_filter ] --START--
INFO: Run Behavior\ContentReplaceBehavior [ RunTime:0.000060s ]
INFO: [ template_filter ] --END-- [ RunTime:0.000108s ]
NOTIC: [8] Array to string conversion D:\www\MyBlog\App\Runtime\Cache\Home\17592d29c89a2fe08a3f8f6cc03d05d4.php 第 36 行.
NOTIC: [8] Array to string conversion D:\www\MyBlog\App\Runtime\Cache\Home\17592d29c89a2fe08a3f8f6cc03d05d4.php 第 36 行.
INFO: Run Behavior\ParseTemplateBehavior [ RunTime:0.009077s ]
INFO: [ view_parse ] --END-- [ RunTime:0.009148s ]
INFO: [ view_filter ] --START--
INFO: Run Behavior\WriteHtmlCacheBehavior [ RunTime:0.000342s ]
INFO: [ view_filter ] --END-- [ RunTime:0.000395s ]
INFO: [ app_end ] --START--
INFO: Run Behavior\ShowPageTraceBehavior [ RunTime:0.000589s ]
INFO: [ app_end ] --END-- [ RunTime:0.000649s ]

[ 2017-02-16T13:12:36+08:00 ] ::1 /MyBlog/Article/show_content/id/3/cate_id/ArrayArray.html
INFO: [ app_init ] --START--
INFO: Run Behavior\BuildLiteBehavior [ RunTime:0.000014s ]
INFO: [ app_init ] --END-- [ RunTime:0.000335s ]
INFO: [ app_begin ] --START--
INFO: Run Behavior\ReadHtmlCacheBehavior [ RunTime:0.000397s ]
INFO: [ app_begin ] --END-- [ RunTime:0.000442s ]
SQL: SHOW COLUMNS FROM `myblog_article` [ RunTime:0.0006s ]
SQL: SELECT * FROM `myblog_article` WHERE `id` = 3 LIMIT 1   [ RunTime:0.0003s ]
SQL: SELECT `click` FROM `myblog_article` WHERE `id` = 3 LIMIT 1   [ RunTime:0.0002s ]
NOTIC: [8] Undefined variable: click D:\www\MyBlog\App\Home\Controller\ArticleController.class.php 第 99 行.
SQL: UPDATE `myblog_article` SET `click`='1' WHERE `id` = 3 [ RunTime:0.0912s ]
SQL: SELECT * FROM `myblog_article` WHERE `cate_id` = 3 AND ( id > 3 ) ORDER BY id desc LIMIT 1   [ RunTime:0.0004s ]
SQL: SELECT * FROM `myblog_article` WHERE `cate_id` = 3 AND ( id < 3 ) ORDER BY id desc LIMIT 1   [ RunTime:0.0003s ]
INFO: [ view_parse ] --START--
INFO: [ template_filter ] --START--
INFO: Run Behavior\ContentReplaceBehavior [ RunTime:0.000076s ]
INFO: [ template_filter ] --END-- [ RunTime:0.000117s ]
INFO: Run Behavior\ParseTemplateBehavior [ RunTime:0.008182s ]
INFO: [ view_parse ] --END-- [ RunTime:0.008632s ]
INFO: [ view_filter ] --START--
INFO: Run Behavior\WriteHtmlCacheBehavior [ RunTime:0.000531s ]
INFO: [ view_filter ] --END-- [ RunTime:0.000616s ]
INFO: [ app_end ] --START--
INFO: Run Behavior\ShowPageTraceBehavior [ RunTime:0.000745s ]
INFO: [ app_end ] --END-- [ RunTime:0.000825s ]

[ 2017-02-16T13:12:36+08:00 ] ::1 /MyBlog/Public/Home/css/images/y.png
INFO: [ app_init ] --START--
INFO: Run Behavior\BuildLiteBehavior [ RunTime:0.000011s ]
INFO: [ app_init ] --END-- [ RunTime:0.000285s ]

[ 2017-02-16T13:12:53+08:00 ] ::1 /MyBlog/Article/suibi.html
INFO: [ app_init ] --START--
INFO: Run Behavior\BuildLiteBehavior [ RunTime:0.000010s ]
INFO: [ app_init ] --END-- [ RunTime:0.000342s ]
INFO: [ app_begin ] --START--
INFO: Run Behavior\ReadHtmlCacheBehavior [ RunTime:0.000473s ]
INFO: [ app_begin ] --END-- [ RunTime:0.000516s ]
SQL: SHOW COLUMNS FROM `myblog_article` [ RunTime:0.0008s ]
SQL: SELECT COUNT(*) AS tp_count FROM `myblog_article` WHERE `cate_id` = 1 LIMIT 1   [ RunTime:0.0003s ]
SQL: SELECT * FROM `myblog_article` WHERE `cate_id` = 1 ORDER BY create_time desc LIMIT 0,10   [ RunTime:0.0004s ]
INFO: [ view_parse ] --START--
INFO: [ template_filter ] --START--
INFO: Run Behavior\ContentReplaceBehavior [ RunTime:0.000056s ]
INFO: [ template_filter ] --END-- [ RunTime:0.000101s ]
NOTIC: [8] Array to string conversion D:\www\MyBlog\App\Runtime\Cache\Home\17592d29c89a2fe08a3f8f6cc03d05d4.php 第 36 行.
NOTIC: [8] Array to string conversion D:\www\MyBlog\App\Runtime\Cache\Home\17592d29c89a2fe08a3f8f6cc03d05d4.php 第 36 行.
NOTIC: [8] Array to string conversion D:\www\MyBlog\App\Runtime\Cache\Home\17592d29c89a2fe08a3f8f6cc03d05d4.php 第 36 行.
NOTIC: [8] Array to string conversion D:\www\MyBlog\App\Runtime\Cache\Home\17592d29c89a2fe08a3f8f6cc03d05d4.php 第 36 行.
INFO: Run Behavior\ParseTemplateBehavior [ RunTime:0.007159s ]
INFO: [ view_parse ] --END-- [ RunTime:0.007209s ]
INFO: [ view_filter ] --START--
INFO: Run Behavior\WriteHtmlCacheBehavior [ RunTime:0.000530s ]
INFO: [ view_filter ] --END-- [ RunTime:0.000593s ]
INFO: [ app_end ] --START--
INFO: Run Behavior\ShowPageTraceBehavior [ RunTime:0.001262s ]
INFO: [ app_end ] --END-- [ RunTime:0.001326s ]

[ 2017-02-16T13:12:56+08:00 ] ::1 /MyBlog/Article/show_content/id/2/cate_id/ArrayArray.html
INFO: [ app_init ] --START--
INFO: Run Behavior\BuildLiteBehavior [ RunTime:0.000010s ]
INFO: [ app_init ] --END-- [ RunTime:0.000277s ]
INFO: [ app_begin ] --START--
INFO: Run Behavior\ReadHtmlCacheBehavior [ RunTime:0.000534s ]
INFO: [ app_begin ] --END-- [ RunTime:0.000595s ]
SQL: SHOW COLUMNS FROM `myblog_article` [ RunTime:0.0007s ]
SQL: SELECT * FROM `myblog_article` WHERE `id` = 2 LIMIT 1   [ RunTime:0.0003s ]
SQL: SELECT `click` FROM `myblog_article` WHERE `id` = 2 LIMIT 1   [ RunTime:0.0003s ]
NOTIC: [8] Undefined variable: click D:\www\MyBlog\App\Home\Controller\ArticleController.class.php 第 99 行.
SQL: UPDATE `myblog_article` SET `click`='1' WHERE `id` = 2 [ RunTime:0.0928s ]
SQL: SELECT * FROM `myblog_article` WHERE `cate_id` = 2 AND ( id > 2 ) ORDER BY id desc LIMIT 1   [ RunTime:0.0012s ]
SQL: SELECT * FROM `myblog_article` WHERE `cate_id` = 2 AND ( id < 2 ) ORDER BY id desc LIMIT 1   [ RunTime:0.0012s ]
INFO: [ view_parse ] --START--
INFO: [ template_filter ] --START--
INFO: Run Behavior\ContentReplaceBehavior [ RunTime:0.000234s ]
INFO: [ template_filter ] --END-- [ RunTime:0.000362s ]
NOTIC: [8] Array to string conversion D:\www\MyBlog\App\Runtime\Cache\Home\e290892073dc263c2be8621dd28650b0.php 第 50 行.
NOTIC: [8] Array to string conversion D:\www\MyBlog\App\Runtime\Cache\Home\e290892073dc263c2be8621dd28650b0.php 第 50 行.
INFO: Run Behavior\ParseTemplateBehavior [ RunTime:0.023002s ]
INFO: [ view_parse ] --END-- [ RunTime:0.023130s ]
INFO: [ view_filter ] --START--
INFO: Run Behavior\WriteHtmlCacheBehavior [ RunTime:0.000865s ]
INFO: [ view_filter ] --END-- [ RunTime:0.000969s ]
INFO: [ app_end ] --START--
INFO: Run Behavior\ShowPageTraceBehavior [ RunTime:0.001349s ]
INFO: [ app_end ] --END-- [ RunTime:0.001467s ]

[ 2017-02-16T13:12:56+08:00 ] ::1 /MyBlog/Public/Home/css/images/y.png
INFO: [ app_init ] --START--
INFO: Run Behavior\BuildLiteBehavior [ RunTime:0.000012s ]
INFO: [ app_init ] --END-- [ RunTime:0.000296s ]

[ 2017-02-16T13:13:56+08:00 ] ::1 /MyBlog/Article/suibi.html
INFO: [ app_init ] --START--
INFO: Run Behavior\BuildLiteBehavior [ RunTime:0.000017s ]
INFO: [ app_init ] --END-- [ RunTime:0.000485s ]
INFO: [ app_begin ] --START--
INFO: Run Behavior\ReadHtmlCacheBehavior [ RunTime:0.000435s ]
INFO: [ app_begin ] --END-- [ RunTime:0.000481s ]
SQL: SHOW COLUMNS FROM `myblog_article` [ RunTime:0.0007s ]
SQL: SELECT COUNT(*) AS tp_count FROM `myblog_article` WHERE `cate_id` = 1 LIMIT 1   [ RunTime:0.0003s ]
SQL: SELECT * FROM `myblog_article` WHERE `cate_id` = 1 ORDER BY create_time desc LIMIT 0,10   [ RunTime:0.0005s ]
INFO: [ view_parse ] --START--
INFO: [ template_filter ] --START--
INFO: Run Behavior\ContentReplaceBehavior [ RunTime:0.000055s ]
INFO: [ template_filter ] --END-- [ RunTime:0.000100s ]
NOTIC: [8] Array to string conversion D:\www\MyBlog\App\Runtime\Cache\Home\17592d29c89a2fe08a3f8f6cc03d05d4.php 第 36 行.
NOTIC: [8] Array to string conversion D:\www\MyBlog\App\Runtime\Cache\Home\17592d29c89a2fe08a3f8f6cc03d05d4.php 第 36 行.
NOTIC: [8] Array to string conversion D:\www\MyBlog\App\Runtime\Cache\Home\17592d29c89a2fe08a3f8f6cc03d05d4.php 第 36 行.
NOTIC: [8] Array to string conversion D:\www\MyBlog\App\Runtime\Cache\Home\17592d29c89a2fe08a3f8f6cc03d05d4.php 第 36 行.
INFO: Run Behavior\ParseTemplateBehavior [ RunTime:0.007520s ]
INFO: [ view_parse ] --END-- [ RunTime:0.007616s ]
INFO: [ view_filter ] --START--
INFO: Run Behavior\WriteHtmlCacheBehavior [ RunTime:0.000293s ]
INFO: [ view_filter ] --END-- [ RunTime:0.000325s ]
INFO: [ app_end ] --START--
INFO: Run Behavior\ShowPageTraceBehavior [ RunTime:0.000374s ]
INFO: [ app_end ] --END-- [ RunTime:0.000407s ]

[ 2017-02-16T13:13:58+08:00 ] ::1 /MyBlog/Article/show_content/id/1/cate_id/ArrayArray.html
INFO: [ app_init ] --START--
INFO: Run Behavior\BuildLiteBehavior [ RunTime:0.000013s ]
INFO: [ app_init ] --END-- [ RunTime:0.000332s ]
INFO: [ app_begin ] --START--
INFO: Run Behavior\ReadHtmlCacheBehavior [ RunTime:0.000416s ]
INFO: [ app_begin ] --END-- [ RunTime:0.000504s ]
SQL: SHOW COLUMNS FROM `myblog_article` [ RunTime:0.0014s ]
SQL: SELECT * FROM `myblog_article` WHERE `id` = 1 LIMIT 1   [ RunTime:0.0005s ]
SQL: SELECT `click` FROM `myblog_article` WHERE `id` = 1 LIMIT 1   [ RunTime:0.0002s ]
NOTIC: [8] Undefined variable: click D:\www\MyBlog\App\Home\Controller\ArticleController.class.php 第 99 行.
SQL: UPDATE `myblog_article` SET `click`='1' WHERE `id` = 1 [ RunTime:0.0899s ]
SQL: SELECT * FROM `myblog_article` WHERE `cate_id` = 1 AND ( id > 1 ) ORDER BY id desc LIMIT 1   [ RunTime:0.0004s ]
SQL: SELECT * FROM `myblog_article` WHERE `cate_id` = 1 AND ( id < 1 ) ORDER BY id desc LIMIT 1   [ RunTime:0.0003s ]
INFO: [ view_parse ] --START--
INFO: [ template_filter ] --START--
INFO: Run Behavior\ContentReplaceBehavior [ RunTime:0.000094s ]
INFO: [ template_filter ] --END-- [ RunTime:0.000137s ]
NOTIC: [8] Array to string conversion D:\www\MyBlog\App\Runtime\Cache\Home\e290892073dc263c2be8621dd28650b0.php 第 50 行.
NOTIC: [8] Array to string conversion D:\www\MyBlog\App\Runtime\Cache\Home\e290892073dc263c2be8621dd28650b0.php 第 50 行.
INFO: Run Behavior\ParseTemplateBehavior [ RunTime:0.007497s ]
INFO: [ view_parse ] --END-- [ RunTime:0.007543s ]
INFO: [ view_filter ] --START--
INFO: Run Behavior\WriteHtmlCacheBehavior [ RunTime:0.000256s ]
INFO: [ view_filter ] --END-- [ RunTime:0.000285s ]
INFO: [ app_end ] --START--
INFO: Run Behavior\ShowPageTraceBehavior [ RunTime:0.000579s ]
INFO: [ app_end ] --END-- [ RunTime:0.000643s ]

[ 2017-02-16T13:14:02+08:00 ] ::1 /MyBlog/Article/show_content/id/2/cate_id/ArrayArray.html
INFO: [ app_init ] --START--
INFO: Run Behavior\BuildLiteBehavior [ RunTime:0.000009s ]
INFO: [ app_init ] --END-- [ RunTime:0.000309s ]
INFO: [ app_begin ] --START--
INFO: Run Behavior\ReadHtmlCacheBehavior [ RunTime:0.000351s ]
INFO: [ app_begin ] --END-- [ RunTime:0.000394s ]
SQL: SHOW COLUMNS FROM `myblog_article` [ RunTime:0.0007s ]
SQL: SELECT * FROM `myblog_article` WHERE `id` = 2 LIMIT 1   [ RunTime:0.0003s ]
SQL: SELECT `click` FROM `myblog_article` WHERE `id` = 2 LIMIT 1   [ RunTime:0.0002s ]
NOTIC: [8] Undefined variable: click D:\www\MyBlog\App\Home\Controller\ArticleController.class.php 第 99 行.
SQL: UPDATE `myblog_article` SET `click`='1' WHERE `id` = 2 [ RunTime:0.0571s ]
SQL: SELECT * FROM `myblog_article` WHERE `cate_id` = 2 AND ( id > 2 ) ORDER BY id desc LIMIT 1   [ RunTime:0.0004s ]
SQL: SELECT * FROM `myblog_article` WHERE `cate_id` = 2 AND ( id < 2 ) ORDER BY id desc LIMIT 1   [ RunTime:0.0003s ]
INFO: [ view_parse ] --START--
INFO: [ template_filter ] --START--
INFO: Run Behavior\ContentReplaceBehavior [ RunTime:0.000074s ]
INFO: [ template_filter ] --END-- [ RunTime:0.000116s ]
NOTIC: [8] Array to string conversion D:\www\MyBlog\App\Runtime\Cache\Home\e290892073dc263c2be8621dd28650b0.php 第 50 行.
NOTIC: [8] Array to string conversion D:\www\MyBlog\App\Runtime\Cache\Home\e290892073dc263c2be8621dd28650b0.php 第 50 行.
INFO: Run Behavior\ParseTemplateBehavior [ RunTime:0.007954s ]
INFO: [ view_parse ] --END-- [ RunTime:0.008000s ]
INFO: [ view_filter ] --START--
INFO: Run Behavior\WriteHtmlCacheBehavior [ RunTime:0.000265s ]
INFO: [ view_filter ] --END-- [ RunTime:0.000296s ]
INFO: [ app_end ] --START--
INFO: Run Behavior\ShowPageTraceBehavior [ RunTime:0.000432s ]
INFO: [ app_end ] --END-- [ RunTime:0.000477s ]

[ 2017-02-16T13:14:02+08:00 ] ::1 /MyBlog/Public/Home/css/images/y.png
INFO: [ app_init ] --START--
INFO: Run Behavior\BuildLiteBehavior [ RunTime:0.000021s ]
INFO: [ app_init ] --END-- [ RunTime:0.000530s ]

[ 2017-02-16T13:14:05+08:00 ] ::1 /MyBlog/Article/show_content/id/3/cate_id/ArrayArray.html
INFO: [ app_init ] --START--
INFO: Run Behavior\BuildLiteBehavior [ RunTime:0.000025s ]
INFO: [ app_init ] --END-- [ RunTime:0.000325s ]
INFO: [ app_begin ] --START--
INFO: Run Behavior\ReadHtmlCacheBehavior [ RunTime:0.000532s ]
INFO: [ app_begin ] --END-- [ RunTime:0.000583s ]
SQL: SHOW COLUMNS FROM `myblog_article` [ RunTime:0.0007s ]
SQL: SELECT * FROM `myblog_article` WHERE `id` = 3 LIMIT 1   [ RunTime:0.0003s ]
SQL: SELECT `click` FROM `myblog_article` WHERE `id` = 3 LIMIT 1   [ RunTime:0.0002s ]
NOTIC: [8] Undefined variable: click D:\www\MyBlog\App\Home\Controller\ArticleController.class.php 第 99 行.
SQL: UPDATE `myblog_article` SET `click`='1' WHERE `id` = 3 [ RunTime:0.0576s ]
SQL: SELECT * FROM `myblog_article` WHERE `cate_id` = 3 AND ( id > 3 ) ORDER BY id desc LIMIT 1   [ RunTime:0.0004s ]
SQL: SELECT * FROM `myblog_article` WHERE `cate_id` = 3 AND ( id < 3 ) ORDER BY id desc LIMIT 1   [ RunTime:0.0005s ]
INFO: [ view_parse ] --START--
INFO: [ template_filter ] --START--
INFO: Run Behavior\ContentReplaceBehavior [ RunTime:0.000092s ]
INFO: [ template_filter ] --END-- [ RunTime:0.000142s ]
INFO: Run Behavior\ParseTemplateBehavior [ RunTime:0.009223s ]
INFO: [ view_parse ] --END-- [ RunTime:0.009301s ]
INFO: [ view_filter ] --START--
INFO: Run Behavior\WriteHtmlCacheBehavior [ RunTime:0.000414s ]
INFO: [ view_filter ] --END-- [ RunTime:0.000454s ]
INFO: [ app_end ] --START--
INFO: Run Behavior\ShowPageTraceBehavior [ RunTime:0.000618s ]
INFO: [ app_end ] --END-- [ RunTime:0.000682s ]

[ 2017-02-16T13:14:05+08:00 ] ::1 /MyBlog/Public/Home/css/images/y.png
INFO: [ app_init ] --START--
INFO: Run Behavior\BuildLiteBehavior [ RunTime:0.000014s ]
INFO: [ app_init ] --END-- [ RunTime:0.000360s ]

[ 2017-02-16T13:14:09+08:00 ] ::1 /MyBlog/Article/suibi.html
INFO: [ app_init ] --START--
INFO: Run Behavior\BuildLiteBehavior [ RunTime:0.000011s ]
INFO: [ app_init ] --END-- [ RunTime:0.000326s ]
INFO: [ app_begin ] --START--
INFO: Run Behavior\ReadHtmlCacheBehavior [ RunTime:0.000386s ]
INFO: [ app_begin ] --END-- [ RunTime:0.000440s ]
SQL: SHOW COLUMNS FROM `myblog_article` [ RunTime:0.0007s ]
SQL: SELECT COUNT(*) AS tp_count FROM `myblog_article` WHERE `cate_id` = 1 LIMIT 1   [ RunTime:0.0003s ]
SQL: SELECT * FROM `myblog_article` WHERE `cate_id` = 1 ORDER BY create_time desc LIMIT 0,10   [ RunTime:0.0004s ]
INFO: [ view_parse ] --START--
INFO: [ template_filter ] --START--
INFO: Run Behavior\ContentReplaceBehavior [ RunTime:0.000083s ]
INFO: [ template_filter ] --END-- [ RunTime:0.000135s ]
NOTIC: [8] Array to string conversion D:\www\MyBlog\App\Runtime\Cache\Home\17592d29c89a2fe08a3f8f6cc03d05d4.php 第 36 行.
NOTIC: [8] Array to string conversion D:\www\MyBlog\App\Runtime\Cache\Home\17592d29c89a2fe08a3f8f6cc03d05d4.php 第 36 行.
NOTIC: [8] Array to string conversion D:\www\MyBlog\App\Runtime\Cache\Home\17592d29c89a2fe08a3f8f6cc03d05d4.php 第 36 行.
NOTIC: [8] Array to string conversion D:\www\MyBlog\App\Runtime\Cache\Home\17592d29c89a2fe08a3f8f6cc03d05d4.php 第 36 行.
INFO: Run Behavior\ParseTemplateBehavior [ RunTime:0.008230s ]
INFO: [ view_parse ] --END-- [ RunTime:0.008357s ]
INFO: [ view_filter ] --START--
INFO: Run Behavior\WriteHtmlCacheBehavior [ RunTime:0.000342s ]
INFO: [ view_filter ] --END-- [ RunTime:0.000373s ]
INFO: [ app_end ] --START--
INFO: Run Behavior\ShowPageTraceBehavior [ RunTime:0.000397s ]
INFO: [ app_end ] --END-- [ RunTime:0.000430s ]

[ 2017-02-16T13:14:11+08:00 ] ::1 /MyBlog/Article/show_content/id/2/cate_id/ArrayArray.html
INFO: [ app_init ] --START--
INFO: Run Behavior\BuildLiteBehavior [ RunTime:0.000011s ]
INFO: [ app_init ] --END-- [ RunTime:0.000279s ]
INFO: [ app_begin ] --START--
INFO: Run Behavior\ReadHtmlCacheBehavior [ RunTime:0.000352s ]
INFO: [ app_begin ] --END-- [ RunTime:0.000393s ]
SQL: SHOW COLUMNS FROM `myblog_article` [ RunTime:0.0009s ]
SQL: SELECT * FROM `myblog_article` WHERE `id` = 2 LIMIT 1   [ RunTime:0.0009s ]
SQL: SELECT `click` FROM `myblog_article` WHERE `id` = 2 LIMIT 1   [ RunTime:0.0003s ]
NOTIC: [8] Undefined variable: click D:\www\MyBlog\App\Home\Controller\ArticleController.class.php 第 99 行.
SQL: UPDATE `myblog_article` SET `click`='1' WHERE `id` = 2 [ RunTime:0.1123s ]
SQL: SELECT * FROM `myblog_article` WHERE `cate_id` = 2 AND ( id > 2 ) ORDER BY id desc LIMIT 1   [ RunTime:0.0004s ]
SQL: SELECT * FROM `myblog_article` WHERE `cate_id` = 2 AND ( id < 2 ) ORDER BY id desc LIMIT 1   [ RunTime:0.0002s ]
INFO: [ view_parse ] --START--
INFO: [ template_filter ] --START--
INFO: Run Behavior\ContentReplaceBehavior [ RunTime:0.000100s ]
INFO: [ template_filter ] --END-- [ RunTime:0.000141s ]
NOTIC: [8] Array to string conversion D:\www\MyBlog\App\Runtime\Cache\Home\e290892073dc263c2be8621dd28650b0.php 第 50 行.
NOTIC: [8] Array to string conversion D:\www\MyBlog\App\Runtime\Cache\Home\e290892073dc263c2be8621dd28650b0.php 第 50 行.
INFO: Run Behavior\ParseTemplateBehavior [ RunTime:0.007147s ]
INFO: [ view_parse ] --END-- [ RunTime:0.007190s ]
INFO: [ view_filter ] --START--
INFO: Run Behavior\WriteHtmlCacheBehavior [ RunTime:0.000274s ]
INFO: [ view_filter ] --END-- [ RunTime:0.000306s ]
INFO: [ app_end ] --START--
INFO: Run Behavior\ShowPageTraceBehavior [ RunTime:0.000435s ]
INFO: [ app_end ] --END-- [ RunTime:0.000480s ]

[ 2017-02-16T13:14:11+08:00 ] ::1 /MyBlog/Public/Home/css/images/y.png
INFO: [ app_init ] --START--
INFO: Run Behavior\BuildLiteBehavior [ RunTime:0.000018s ]
INFO: [ app_init ] --END-- [ RunTime:0.000488s ]

[ 2017-02-16T13:15:27+08:00 ] ::1 /MyBlog/Article/show_content/id/2/cate_id/ArrayArray.html
INFO: [ app_init ] --START--
INFO: Run Behavior\BuildLiteBehavior [ RunTime:0.000012s ]
INFO: [ app_init ] --END-- [ RunTime:0.000361s ]
INFO: [ app_begin ] --START--
INFO: Run Behavior\ReadHtmlCacheBehavior [ RunTime:0.000491s ]
INFO: [ app_begin ] --END-- [ RunTime:0.000547s ]
SQL: SHOW COLUMNS FROM `myblog_article` [ RunTime:0.0008s ]
SQL: SELECT * FROM `myblog_article` WHERE `id` = 2 LIMIT 1   [ RunTime:0.0004s ]
SQL: SELECT `click` FROM `myblog_article` WHERE `id` = 2 LIMIT 1   [ RunTime:0.0002s ]
NOTIC: [8] Undefined variable: click D:\www\MyBlog\App\Home\Controller\ArticleController.class.php 第 99 行.
SQL: UPDATE `myblog_article` SET `click`='1' WHERE `id` = 2 [ RunTime:0.1007s ]
SQL: SELECT * FROM `myblog_article` WHERE `cate_id` = 0 AND ( id > 2 ) ORDER BY id desc LIMIT 1   [ RunTime:0.0004s ]
SQL: SELECT * FROM `myblog_article` WHERE `cate_id` = 0 AND ( id < 2 ) ORDER BY id desc LIMIT 1   [ RunTime:0.0004s ]
INFO: [ view_parse ] --START--
INFO: [ template_filter ] --START--
INFO: Run Behavior\ContentReplaceBehavior [ RunTime:0.000074s ]
INFO: [ template_filter ] --END-- [ RunTime:0.000114s ]
INFO: Run Behavior\ParseTemplateBehavior [ RunTime:0.008071s ]
INFO: [ view_parse ] --END-- [ RunTime:0.008122s ]
INFO: [ view_filter ] --START--
INFO: Run Behavior\WriteHtmlCacheBehavior [ RunTime:0.000299s ]
INFO: [ view_filter ] --END-- [ RunTime:0.000329s ]
INFO: [ app_end ] --START--
INFO: Run Behavior\ShowPageTraceBehavior [ RunTime:0.000655s ]
INFO: [ app_end ] --END-- [ RunTime:0.000724s ]

[ 2017-02-16T13:15:28+08:00 ] ::1 /MyBlog/Public/Home/css/images/y.png
INFO: [ app_init ] --START--
INFO: Run Behavior\BuildLiteBehavior [ RunTime:0.000035s ]
INFO: [ app_init ] --END-- [ RunTime:0.001413s ]

[ 2017-02-16T13:15:32+08:00 ] ::1 /MyBlog/Article/suibi.html
INFO: [ app_init ] --START--
INFO: Run Behavior\BuildLiteBehavior [ RunTime:0.000011s ]
INFO: [ app_init ] --END-- [ RunTime:0.000307s ]
INFO: [ app_begin ] --START--
INFO: Run Behavior\ReadHtmlCacheBehavior [ RunTime:0.000382s ]
INFO: [ app_begin ] --END-- [ RunTime:0.000423s ]
SQL: SHOW COLUMNS FROM `myblog_article` [ RunTime:0.0008s ]
SQL: SELECT COUNT(*) AS tp_count FROM `myblog_article` WHERE `cate_id` = 1 LIMIT 1   [ RunTime:0.0003s ]
SQL: SELECT * FROM `myblog_article` WHERE `cate_id` = 1 ORDER BY create_time desc LIMIT 0,10   [ RunTime:0.0005s ]
INFO: [ view_parse ] --START--
INFO: [ template_filter ] --START--
INFO: Run Behavior\ContentReplaceBehavior [ RunTime:0.000054s ]
INFO: [ template_filter ] --END-- [ RunTime:0.000101s ]
NOTIC: [8] Array to string conversion D:\www\MyBlog\App\Runtime\Cache\Home\17592d29c89a2fe08a3f8f6cc03d05d4.php 第 36 行.
NOTIC: [8] Array to string conversion D:\www\MyBlog\App\Runtime\Cache\Home\17592d29c89a2fe08a3f8f6cc03d05d4.php 第 36 行.
NOTIC: [8] Array to string conversion D:\www\MyBlog\App\Runtime\Cache\Home\17592d29c89a2fe08a3f8f6cc03d05d4.php 第 36 行.
NOTIC: [8] Array to string conversion D:\www\MyBlog\App\Runtime\Cache\Home\17592d29c89a2fe08a3f8f6cc03d05d4.php 第 36 行.
INFO: Run Behavior\ParseTemplateBehavior [ RunTime:0.007558s ]
INFO: [ view_parse ] --END-- [ RunTime:0.007642s ]
INFO: [ view_filter ] --START--
INFO: Run Behavior\WriteHtmlCacheBehavior [ RunTime:0.000258s ]
INFO: [ view_filter ] --END-- [ RunTime:0.000298s ]
INFO: [ app_end ] --START--
INFO: Run Behavior\ShowPageTraceBehavior [ RunTime:0.000355s ]
INFO: [ app_end ] --END-- [ RunTime:0.000387s ]

[ 2017-02-16T13:15:34+08:00 ] ::1 /MyBlog/Article/show_content/id/1/cate_id/ArrayArray.html
INFO: [ app_init ] --START--
INFO: Run Behavior\BuildLiteBehavior [ RunTime:0.000014s ]
INFO: [ app_init ] --END-- [ RunTime:0.000333s ]
INFO: [ app_begin ] --START--
INFO: Run Behavior\ReadHtmlCacheBehavior [ RunTime:0.000432s ]
INFO: [ app_begin ] --END-- [ RunTime:0.000482s ]
SQL: SHOW COLUMNS FROM `myblog_article` [ RunTime:0.0008s ]
SQL: SELECT * FROM `myblog_article` WHERE `id` = 1 LIMIT 1   [ RunTime:0.0004s ]
SQL: SELECT `click` FROM `myblog_article` WHERE `id` = 1 LIMIT 1   [ RunTime:0.0002s ]
NOTIC: [8] Undefined variable: click D:\www\MyBlog\App\Home\Controller\ArticleController.class.php 第 99 行.
SQL: UPDATE `myblog_article` SET `click`='1' WHERE `id` = 1 [ RunTime:0.0697s ]
SQL: SELECT * FROM `myblog_article` WHERE `cate_id` = 0 AND ( id > 1 ) ORDER BY id desc LIMIT 1   [ RunTime:0.0008s ]
SQL: SELECT * FROM `myblog_article` WHERE `cate_id` = 0 AND ( id < 1 ) ORDER BY id desc LIMIT 1   [ RunTime:0.0006s ]
INFO: [ view_parse ] --START--
INFO: [ template_filter ] --START--
INFO: Run Behavior\ContentReplaceBehavior [ RunTime:0.000244s ]
INFO: [ template_filter ] --END-- [ RunTime:0.000365s ]
INFO: Run Behavior\ParseTemplateBehavior [ RunTime:0.022474s ]
INFO: [ view_parse ] --END-- [ RunTime:0.022625s ]
INFO: [ view_filter ] --START--
INFO: Run Behavior\WriteHtmlCacheBehavior [ RunTime:0.000986s ]
INFO: [ view_filter ] --END-- [ RunTime:0.001131s ]
INFO: [ app_end ] --START--
INFO: Run Behavior\ShowPageTraceBehavior [ RunTime:0.001324s ]
INFO: [ app_end ] --END-- [ RunTime:0.001497s ]

[ 2017-02-16T13:19:03+08:00 ] ::1 /MyBlog/Article/show_content/id/1/cate_id/ArrayArray.html
INFO: [ app_init ] --START--
INFO: Run Behavior\BuildLiteBehavior [ RunTime:0.000027s ]
INFO: [ app_init ] --END-- [ RunTime:0.000497s ]
INFO: [ app_begin ] --START--
INFO: Run Behavior\ReadHtmlCacheBehavior [ RunTime:0.000600s ]
INFO: [ app_begin ] --END-- [ RunTime:0.000666s ]
SQL: SHOW COLUMNS FROM `myblog_article` [ RunTime:0.0008s ]
SQL: SELECT * FROM `myblog_article` WHERE `id` = 1 LIMIT 1   [ RunTime:0.0004s ]
SQL: SELECT `click` FROM `myblog_article` WHERE `id` = 1 LIMIT 1   [ RunTime:0.0003s ]
NOTIC: [8] Undefined variable: click D:\www\MyBlog\App\Home\Controller\ArticleController.class.php 第 99 行.
SQL: UPDATE `myblog_article` SET `click`='1' WHERE `id` = 1 [ RunTime:0.0358s ]
SQL: SELECT * FROM `myblog_article` WHERE `cate_id` = 0 AND (  id > 1 ) ORDER BY id desc LIMIT 1   [ RunTime:0.0006s ]
SQL: SELECT * FROM `myblog_article` WHERE `cate_id` = 0 AND ( id < 1 ) ORDER BY id desc LIMIT 1   [ RunTime:0.0005s ]
INFO: [ view_parse ] --START--
INFO: [ template_filter ] --START--
INFO: Run Behavior\ContentReplaceBehavior [ RunTime:0.000084s ]
INFO: [ template_filter ] --END-- [ RunTime:0.000132s ]
INFO: Run Behavior\ParseTemplateBehavior [ RunTime:0.007637s ]
INFO: [ view_parse ] --END-- [ RunTime:0.007706s ]
INFO: [ view_filter ] --START--
INFO: Run Behavior\WriteHtmlCacheBehavior [ RunTime:0.000380s ]
INFO: [ view_filter ] --END-- [ RunTime:0.000418s ]
INFO: [ app_end ] --START--
INFO: Run Behavior\ShowPageTraceBehavior [ RunTime:0.000766s ]
INFO: [ app_end ] --END-- [ RunTime:0.000839s ]

[ 2017-02-16T13:23:33+08:00 ] ::1 /MyBlog/Article/show_content/id/1/cate_id/ArrayArray.html
INFO: [ app_init ] --START--
INFO: Run Behavior\BuildLiteBehavior [ RunTime:0.000011s ]
INFO: [ app_init ] --END-- [ RunTime:0.000371s ]
INFO: [ app_begin ] --START--
INFO: Run Behavior\ReadHtmlCacheBehavior [ RunTime:0.000554s ]
INFO: [ app_begin ] --END-- [ RunTime:0.000610s ]
SQL: SHOW COLUMNS FROM `myblog_article` [ RunTime:0.0008s ]
SQL: SELECT * FROM `myblog_article` WHERE `id` = 1 LIMIT 1   [ RunTime:0.0004s ]
SQL: SELECT `click` FROM `myblog_article` WHERE `id` = 1 LIMIT 1   [ RunTime:0.0002s ]

[ 2017-02-16T13:23:38+08:00 ] ::1 /MyBlog/Article/suibi.html
INFO: [ app_init ] --START--
INFO: Run Behavior\BuildLiteBehavior [ RunTime:0.000011s ]
INFO: [ app_init ] --END-- [ RunTime:0.000329s ]
INFO: [ app_begin ] --START--
INFO: Run Behavior\ReadHtmlCacheBehavior [ RunTime:0.001186s ]
INFO: [ app_begin ] --END-- [ RunTime:0.001258s ]
SQL: SHOW COLUMNS FROM `myblog_article` [ RunTime:0.0012s ]
SQL: SELECT COUNT(*) AS tp_count FROM `myblog_article` WHERE `cate_id` = 1 LIMIT 1   [ RunTime:0.0003s ]
SQL: SELECT * FROM `myblog_article` WHERE `cate_id` = 1 ORDER BY create_time desc LIMIT 0,10   [ RunTime:0.0004s ]
INFO: [ view_parse ] --START--
INFO: [ template_filter ] --START--
INFO: Run Behavior\ContentReplaceBehavior [ RunTime:0.000056s ]
INFO: [ template_filter ] --END-- [ RunTime:0.000098s ]
NOTIC: [8] Array to string conversion D:\www\MyBlog\App\Runtime\Cache\Home\17592d29c89a2fe08a3f8f6cc03d05d4.php 第 36 行.
NOTIC: [8] Array to string conversion D:\www\MyBlog\App\Runtime\Cache\Home\17592d29c89a2fe08a3f8f6cc03d05d4.php 第 36 行.
NOTIC: [8] Array to string conversion D:\www\MyBlog\App\Runtime\Cache\Home\17592d29c89a2fe08a3f8f6cc03d05d4.php 第 36 行.
NOTIC: [8] Array to string conversion D:\www\MyBlog\App\Runtime\Cache\Home\17592d29c89a2fe08a3f8f6cc03d05d4.php 第 36 行.
INFO: Run Behavior\ParseTemplateBehavior [ RunTime:0.007398s ]
INFO: [ view_parse ] --END-- [ RunTime:0.007452s ]
INFO: [ view_filter ] --START--
INFO: Run Behavior\WriteHtmlCacheBehavior [ RunTime:0.000326s ]
INFO: [ view_filter ] --END-- [ RunTime:0.000356s ]
INFO: [ app_end ] --START--
INFO: Run Behavior\ShowPageTraceBehavior [ RunTime:0.000488s ]
INFO: [ app_end ] --END-- [ RunTime:0.000521s ]

[ 2017-02-16T13:23:40+08:00 ] ::1 /MyBlog/Article/show_content/id/2/cate_id/ArrayArray.html
INFO: [ app_init ] --START--
INFO: Run Behavior\BuildLiteBehavior [ RunTime:0.000012s ]
INFO: [ app_init ] --END-- [ RunTime:0.000331s ]
INFO: [ app_begin ] --START--
INFO: Run Behavior\ReadHtmlCacheBehavior [ RunTime:0.000360s ]
INFO: [ app_begin ] --END-- [ RunTime:0.000401s ]
SQL: SHOW COLUMNS FROM `myblog_article` [ RunTime:0.0007s ]
SQL: SELECT * FROM `myblog_article` WHERE `id` = 2 LIMIT 1   [ RunTime:0.0003s ]
SQL: SELECT `click` FROM `myblog_article` WHERE `id` = 2 LIMIT 1   [ RunTime:0.0002s ]

[ 2017-02-16T13:25:49+08:00 ] ::1 /MyBlog/Article/show_content/id/2/cate_id/ArrayArray.html
INFO: [ app_init ] --START--
INFO: Run Behavior\BuildLiteBehavior [ RunTime:0.000011s ]
INFO: [ app_init ] --END-- [ RunTime:0.000344s ]
INFO: [ app_begin ] --START--
INFO: Run Behavior\ReadHtmlCacheBehavior [ RunTime:0.000757s ]
INFO: [ app_begin ] --END-- [ RunTime:0.000840s ]
SQL: SHOW COLUMNS FROM `myblog_article` [ RunTime:0.0008s ]
SQL: SELECT * FROM `myblog_article` WHERE `id` = 2 LIMIT 1   [ RunTime:0.0004s ]
SQL: SELECT `click` FROM `myblog_article` WHERE `id` = 2 LIMIT 1   [ RunTime:0.0002s ]
SQL: UPDATE `myblog_article` SET `click`='2' WHERE `id` = 2 [ RunTime:0.0755s ]
SQL: SELECT * FROM `myblog_article` WHERE `cate_id` = 0 AND (  id > 2 ) ORDER BY id desc LIMIT 1   [ RunTime:0.0004s ]
SQL: SELECT * FROM `myblog_article` WHERE `cate_id` = 0 AND ( id < 2 ) ORDER BY id desc LIMIT 1   [ RunTime:0.0003s ]
INFO: [ view_parse ] --START--
INFO: [ template_filter ] --START--
INFO: Run Behavior\ContentReplaceBehavior [ RunTime:0.000072s ]
INFO: [ template_filter ] --END-- [ RunTime:0.000113s ]
INFO: Run Behavior\ParseTemplateBehavior [ RunTime:0.007291s ]
INFO: [ view_parse ] --END-- [ RunTime:0.007350s ]
INFO: [ view_filter ] --START--
INFO: Run Behavior\WriteHtmlCacheBehavior [ RunTime:0.000303s ]
INFO: [ view_filter ] --END-- [ RunTime:0.000333s ]
INFO: [ app_end ] --START--
INFO: Run Behavior\ShowPageTraceBehavior [ RunTime:0.000591s ]
INFO: [ app_end ] --END-- [ RunTime:0.000640s ]

[ 2017-02-16T13:25:49+08:00 ] ::1 /MyBlog/Public/Home/css/images/y.png
INFO: [ app_init ] --START--
INFO: Run Behavior\BuildLiteBehavior [ RunTime:0.000020s ]
INFO: [ app_init ] --END-- [ RunTime:0.000543s ]

[ 2017-02-16T13:25:55+08:00 ] ::1 /MyBlog/Article/show_content/id/2/cate_id/ArrayArray.html
INFO: [ app_init ] --START--
INFO: Run Behavior\BuildLiteBehavior [ RunTime:0.000010s ]
INFO: [ app_init ] --END-- [ RunTime:0.000311s ]
INFO: [ app_begin ] --START--
INFO: Run Behavior\ReadHtmlCacheBehavior [ RunTime:0.001045s ]
INFO: [ app_begin ] --END-- [ RunTime:0.001252s ]
SQL: SHOW COLUMNS FROM `myblog_article` [ RunTime:0.0007s ]
SQL: SELECT * FROM `myblog_article` WHERE `id` = 2 LIMIT 1   [ RunTime:0.0003s ]
SQL: SELECT `click` FROM `myblog_article` WHERE `id` = 2 LIMIT 1   [ RunTime:0.0002s ]
SQL: UPDATE `myblog_article` SET `click`='3' WHERE `id` = 2 [ RunTime:0.0563s ]
SQL: SELECT * FROM `myblog_article` WHERE `cate_id` = 0 AND (  id > 2 ) ORDER BY id desc LIMIT 1   [ RunTime:0.0004s ]
SQL: SELECT * FROM `myblog_article` WHERE `cate_id` = 0 AND ( id < 2 ) ORDER BY id desc LIMIT 1   [ RunTime:0.0003s ]
INFO: [ view_parse ] --START--
INFO: [ template_filter ] --START--
INFO: Run Behavior\ContentReplaceBehavior [ RunTime:0.000072s ]
INFO: [ template_filter ] --END-- [ RunTime:0.000113s ]
INFO: Run Behavior\ParseTemplateBehavior [ RunTime:0.007335s ]
INFO: [ view_parse ] --END-- [ RunTime:0.007387s ]
INFO: [ view_filter ] --START--
INFO: Run Behavior\WriteHtmlCacheBehavior [ RunTime:0.000265s ]
INFO: [ view_filter ] --END-- [ RunTime:0.000295s ]
INFO: [ app_end ] --START--
INFO: Run Behavior\ShowPageTraceBehavior [ RunTime:0.000463s ]
INFO: [ app_end ] --END-- [ RunTime:0.000512s ]

[ 2017-02-16T13:25:55+08:00 ] ::1 /MyBlog/Public/Home/css/images/y.png
INFO: [ app_init ] --START--
INFO: Run Behavior\BuildLiteBehavior [ RunTime:0.000023s ]
INFO: [ app_init ] --END-- [ RunTime:0.000615s ]

[ 2017-02-16T13:28:01+08:00 ] ::1 /MyBlog/Article/suibi.html
INFO: [ app_init ] --START--
INFO: Run Behavior\BuildLiteBehavior [ RunTime:0.000011s ]
INFO: [ app_init ] --END-- [ RunTime:0.000375s ]
INFO: [ app_begin ] --START--
INFO: Run Behavior\ReadHtmlCacheBehavior [ RunTime:0.000479s ]
INFO: [ app_begin ] --END-- [ RunTime:0.000522s ]
SQL: SHOW COLUMNS FROM `myblog_article` [ RunTime:0.0010s ]
SQL: SELECT COUNT(*) AS tp_count FROM `myblog_article` WHERE `cate_id` = 1 LIMIT 1   [ RunTime:0.0003s ]
SQL: SELECT * FROM `myblog_article` WHERE `cate_id` = 1 ORDER BY create_time desc LIMIT 0,10   [ RunTime:0.0005s ]
INFO: [ view_parse ] --START--
INFO: [ template_filter ] --START--
INFO: Run Behavior\ContentReplaceBehavior [ RunTime:0.000116s ]
INFO: [ template_filter ] --END-- [ RunTime:0.000169s ]
INFO: Run Behavior\ParseTemplateBehavior [ RunTime:0.006790s ]
INFO: [ view_parse ] --END-- [ RunTime:0.006842s ]
INFO: [ view_filter ] --START--
INFO: Run Behavior\WriteHtmlCacheBehavior [ RunTime:0.000355s ]
INFO: [ view_filter ] --END-- [ RunTime:0.000407s ]
INFO: [ app_end ] --START--
INFO: Run Behavior\ShowPageTraceBehavior [ RunTime:0.000468s ]
INFO: [ app_end ] --END-- [ RunTime:0.000501s ]

[ 2017-02-16T13:28:03+08:00 ] ::1 /MyBlog/Article/show_content/id/2/cate_id/1.html
INFO: [ app_init ] --START--
INFO: Run Behavior\BuildLiteBehavior [ RunTime:0.000017s ]
INFO: [ app_init ] --END-- [ RunTime:0.000476s ]
INFO: [ app_begin ] --START--
INFO: Run Behavior\ReadHtmlCacheBehavior [ RunTime:0.000500s ]
INFO: [ app_begin ] --END-- [ RunTime:0.000561s ]
SQL: SHOW COLUMNS FROM `myblog_article` [ RunTime:0.0012s ]
SQL: SELECT * FROM `myblog_article` WHERE `id` = 2 LIMIT 1   [ RunTime:0.0004s ]
SQL: SELECT `click` FROM `myblog_article` WHERE `id` = 2 LIMIT 1   [ RunTime:0.0003s ]
SQL: UPDATE `myblog_article` SET `click`='4' WHERE `id` = 2 [ RunTime:0.0556s ]
SQL: SELECT * FROM `myblog_article` WHERE `cate_id` = 1 AND (  id > 2 ) ORDER BY id desc LIMIT 1   [ RunTime:0.0004s ]
SQL: SELECT * FROM `myblog_article` WHERE `cate_id` = 1 AND ( id < 2 ) ORDER BY id desc LIMIT 1   [ RunTime:0.0004s ]
INFO: [ view_parse ] --START--
INFO: [ template_filter ] --START--
INFO: Run Behavior\ContentReplaceBehavior [ RunTime:0.000082s ]
INFO: [ template_filter ] --END-- [ RunTime:0.000126s ]
NOTIC: [8] Array to string conversion D:\www\MyBlog\App\Runtime\Cache\Home\e290892073dc263c2be8621dd28650b0.php 第 53 行.
NOTIC: [8] Array to string conversion D:\www\MyBlog\App\Runtime\Cache\Home\e290892073dc263c2be8621dd28650b0.php 第 53 行.
INFO: Run Behavior\ParseTemplateBehavior [ RunTime:0.008281s ]
INFO: [ view_parse ] --END-- [ RunTime:0.008331s ]
INFO: [ view_filter ] --START--
INFO: Run Behavior\WriteHtmlCacheBehavior [ RunTime:0.000273s ]
INFO: [ view_filter ] --END-- [ RunTime:0.000310s ]
INFO: [ app_end ] --START--
INFO: Run Behavior\ShowPageTraceBehavior [ RunTime:0.000544s ]
INFO: [ app_end ] --END-- [ RunTime:0.000609s ]

[ 2017-02-16T13:28:03+08:00 ] ::1 /MyBlog/Public/Home/css/images/y.png
INFO: [ app_init ] --START--
INFO: Run Behavior\BuildLiteBehavior [ RunTime:0.000026s ]
INFO: [ app_init ] --END-- [ RunTime:0.000591s ]

[ 2017-02-16T13:28:05+08:00 ] ::1 /MyBlog/Article/show_content/id/2/cate_id/1.html
INFO: [ app_init ] --START--
INFO: Run Behavior\BuildLiteBehavior [ RunTime:0.000010s ]
INFO: [ app_init ] --END-- [ RunTime:0.000323s ]
INFO: [ app_begin ] --START--
INFO: Run Behavior\ReadHtmlCacheBehavior [ RunTime:0.000366s ]
INFO: [ app_begin ] --END-- [ RunTime:0.000409s ]
SQL: SHOW COLUMNS FROM `myblog_article` [ RunTime:0.0007s ]
SQL: SELECT * FROM `myblog_article` WHERE `id` = 2 LIMIT 1   [ RunTime:0.0003s ]
SQL: SELECT `click` FROM `myblog_article` WHERE `id` = 2 LIMIT 1   [ RunTime:0.0002s ]
SQL: UPDATE `myblog_article` SET `click`='5' WHERE `id` = 2 [ RunTime:0.0642s ]
SQL: SELECT * FROM `myblog_article` WHERE `cate_id` = 1 AND (  id > 2 ) ORDER BY id desc LIMIT 1   [ RunTime:0.0004s ]
SQL: SELECT * FROM `myblog_article` WHERE `cate_id` = 1 AND ( id < 2 ) ORDER BY id desc LIMIT 1   [ RunTime:0.0003s ]
INFO: [ view_parse ] --START--
INFO: [ template_filter ] --START--
INFO: Run Behavior\ContentReplaceBehavior [ RunTime:0.000118s ]
INFO: [ template_filter ] --END-- [ RunTime:0.000182s ]
NOTIC: [8] Array to string conversion D:\www\MyBlog\App\Runtime\Cache\Home\e290892073dc263c2be8621dd28650b0.php 第 53 行.
NOTIC: [8] Array to string conversion D:\www\MyBlog\App\Runtime\Cache\Home\e290892073dc263c2be8621dd28650b0.php 第 53 行.
INFO: Run Behavior\ParseTemplateBehavior [ RunTime:0.011613s ]
INFO: [ view_parse ] --END-- [ RunTime:0.011675s ]
INFO: [ view_filter ] --START--
INFO: Run Behavior\WriteHtmlCacheBehavior [ RunTime:0.000435s ]
INFO: [ view_filter ] --END-- [ RunTime:0.000494s ]
INFO: [ app_end ] --START--
INFO: Run Behavior\ShowPageTraceBehavior [ RunTime:0.000660s ]
INFO: [ app_end ] --END-- [ RunTime:0.000730s ]

[ 2017-02-16T13:28:05+08:00 ] ::1 /MyBlog/Public/Home/css/images/y.png
INFO: [ app_init ] --START--
INFO: Run Behavior\BuildLiteBehavior [ RunTime:0.000024s ]
INFO: [ app_init ] --END-- [ RunTime:0.000630s ]

[ 2017-02-16T13:28:10+08:00 ] ::1 /MyBlog/Article/show_content/id/1/cate_id/1.html
INFO: [ app_init ] --START--
INFO: Run Behavior\BuildLiteBehavior [ RunTime:0.000013s ]
INFO: [ app_init ] --END-- [ RunTime:0.000433s ]
INFO: [ app_begin ] --START--
INFO: Run Behavior\ReadHtmlCacheBehavior [ RunTime:0.000363s ]
INFO: [ app_begin ] --END-- [ RunTime:0.000406s ]
SQL: SHOW COLUMNS FROM `myblog_article` [ RunTime:0.0006s ]
SQL: SELECT * FROM `myblog_article` WHERE `id` = 1 LIMIT 1   [ RunTime:0.0004s ]
SQL: SELECT `click` FROM `myblog_article` WHERE `id` = 1 LIMIT 1   [ RunTime:0.0002s ]
SQL: UPDATE `myblog_article` SET `click`='2' WHERE `id` = 1 [ RunTime:0.0997s ]
SQL: SELECT * FROM `myblog_article` WHERE `cate_id` = 1 AND (  id > 1 ) ORDER BY id desc LIMIT 1   [ RunTime:0.0003s ]
SQL: SELECT * FROM `myblog_article` WHERE `cate_id` = 1 AND ( id < 1 ) ORDER BY id desc LIMIT 1   [ RunTime:0.0002s ]
INFO: [ view_parse ] --START--
INFO: [ template_filter ] --START--
INFO: Run Behavior\ContentReplaceBehavior [ RunTime:0.000077s ]
INFO: [ template_filter ] --END-- [ RunTime:0.000121s ]
NOTIC: [8] Array to string conversion D:\www\MyBlog\App\Runtime\Cache\Home\e290892073dc263c2be8621dd28650b0.php 第 50 行.
NOTIC: [8] Array to string conversion D:\www\MyBlog\App\Runtime\Cache\Home\e290892073dc263c2be8621dd28650b0.php 第 50 行.
INFO: Run Behavior\ParseTemplateBehavior [ RunTime:0.006709s ]
INFO: [ view_parse ] --END-- [ RunTime:0.006749s ]
INFO: [ view_filter ] --START--
INFO: Run Behavior\WriteHtmlCacheBehavior [ RunTime:0.000241s ]
INFO: [ view_filter ] --END-- [ RunTime:0.000271s ]
INFO: [ app_end ] --START--
INFO: Run Behavior\ShowPageTraceBehavior [ RunTime:0.000483s ]
INFO: [ app_end ] --END-- [ RunTime:0.000538s ]

[ 2017-02-16T13:28:12+08:00 ] ::1 /MyBlog/Article/mood.html
INFO: [ app_init ] --START--
INFO: Run Behavior\BuildLiteBehavior [ RunTime:0.000011s ]
INFO: [ app_init ] --END-- [ RunTime:0.000304s ]
INFO: [ app_begin ] --START--
INFO: Run Behavior\ReadHtmlCacheBehavior [ RunTime:0.000349s ]
INFO: [ app_begin ] --END-- [ RunTime:0.000393s ]
SQL: SHOW COLUMNS FROM `myblog_article` [ RunTime:0.0008s ]
SQL: SELECT COUNT(*) AS tp_count FROM `myblog_article` WHERE `cate_id` = 2 LIMIT 1   [ RunTime:0.0003s ]
SQL: SELECT * FROM `myblog_article` WHERE `cate_id` = 2 ORDER BY create_time desc LIMIT 0,10   [ RunTime:0.0006s ]
INFO: [ view_parse ] --START--
INFO: [ template_filter ] --START--
INFO: Run Behavior\ContentReplaceBehavior [ RunTime:0.000051s ]
INFO: [ template_filter ] --END-- [ RunTime:0.000092s ]
INFO: Run Behavior\ParseTemplateBehavior [ RunTime:0.006158s ]
INFO: [ view_parse ] --END-- [ RunTime:0.006211s ]
INFO: [ view_filter ] --START--
INFO: Run Behavior\WriteHtmlCacheBehavior [ RunTime:0.000239s ]
INFO: [ view_filter ] --END-- [ RunTime:0.000270s ]
INFO: [ app_end ] --START--
INFO: Run Behavior\ShowPageTraceBehavior [ RunTime:0.000361s ]
INFO: [ app_end ] --END-- [ RunTime:0.000394s ]

[ 2017-02-16T13:28:14+08:00 ] ::1 /MyBlog/Article/show_content/id/3/cate_id/2.html
INFO: [ app_init ] --START--
INFO: Run Behavior\BuildLiteBehavior [ RunTime:0.000017s ]
INFO: [ app_init ] --END-- [ RunTime:0.000450s ]
INFO: [ app_begin ] --START--
INFO: Run Behavior\ReadHtmlCacheBehavior [ RunTime:0.000793s ]
INFO: [ app_begin ] --END-- [ RunTime:0.000898s ]
SQL: SHOW COLUMNS FROM `myblog_article` [ RunTime:0.0009s ]
SQL: SELECT * FROM `myblog_article` WHERE `id` = 3 LIMIT 1   [ RunTime:0.0005s ]
SQL: SELECT `click` FROM `myblog_article` WHERE `id` = 3 LIMIT 1   [ RunTime:0.0002s ]
SQL: UPDATE `myblog_article` SET `click`='2' WHERE `id` = 3 [ RunTime:0.0686s ]
SQL: SELECT * FROM `myblog_article` WHERE `cate_id` = 2 AND (  id > 3 ) ORDER BY id desc LIMIT 1   [ RunTime:0.0004s ]
SQL: SELECT * FROM `myblog_article` WHERE `cate_id` = 2 AND ( id < 3 ) ORDER BY id desc LIMIT 1   [ RunTime:0.0004s ]
INFO: [ view_parse ] --START--
INFO: [ template_filter ] --START--
INFO: Run Behavior\ContentReplaceBehavior [ RunTime:0.000076s ]
INFO: [ template_filter ] --END-- [ RunTime:0.000120s ]
INFO: Run Behavior\ParseTemplateBehavior [ RunTime:0.006820s ]
INFO: [ view_parse ] --END-- [ RunTime:0.006887s ]
INFO: [ view_filter ] --START--
INFO: Run Behavior\WriteHtmlCacheBehavior [ RunTime:0.000212s ]
INFO: [ view_filter ] --END-- [ RunTime:0.000243s ]
INFO: [ app_end ] --START--
INFO: Run Behavior\ShowPageTraceBehavior [ RunTime:0.000453s ]
INFO: [ app_end ] --END-- [ RunTime:0.000497s ]

[ 2017-02-16T13:28:14+08:00 ] ::1 /MyBlog/Public/Home/css/images/y.png
INFO: [ app_init ] --START--
INFO: Run Behavior\BuildLiteBehavior [ RunTime:0.000011s ]
INFO: [ app_init ] --END-- [ RunTime:0.000325s ]

