[ 2017-02-12T10:59:39+08:00 ] ::1 /MyBlog/PUBLIC/Admin/img/error.png
INFO: [ app_init ] --START--
INFO: Run Behavior\BuildLiteBehavior [ RunTime:0.000056s ]
INFO: [ app_init ] --END-- [ RunTime:0.000724s ]

[ 2017-02-12T10:59:46+08:00 ] ::1 /MyBlog/Public/Admin/img/progress.gif
INFO: [ app_init ] --START--
INFO: Run Behavior\BuildLiteBehavior [ RunTime:0.000032s ]
INFO: [ app_init ] --END-- [ RunTime:0.000753s ]

[ 2017-02-12T10:59:53+08:00 ] ::1 /MyBlog/Public/Admin/js/plugins/layer/extend/layer.ext.js
INFO: [ app_init ] --START--
INFO: Run Behavior\BuildLiteBehavior [ RunTime:0.000019s ]
INFO: [ app_init ] --END-- [ RunTime:0.000533s ]
INFO: [ app_begin ] --START--
INFO: Run Behavior\ReadHtmlCacheBehavior [ RunTime:0.000771s ]
INFO: [ app_begin ] --END-- [ RunTime:0.000887s ]
ERR: 无法加载控制器:Public

[ 2017-02-12T11:00:22+08:00 ] ::1 /MyBlog/Public/Admin/js/plugins/layer/extend/layer.ext.js
INFO: [ app_init ] --START--
INFO: Run Behavior\BuildLiteBehavior [ RunTime:0.000013s ]
INFO: [ app_init ] --END-- [ RunTime:0.000353s ]
INFO: [ app_begin ] --START--
INFO: Run Behavior\ReadHtmlCacheBehavior [ RunTime:0.000598s ]
INFO: [ app_begin ] --END-- [ RunTime:0.000679s ]
ERR: 无法加载控制器:Public

[ 2017-02-12T11:00:37+08:00 ] ::1 /MyBlog/Home
INFO: [ app_init ] --START--
INFO: Run Behavior\BuildLiteBehavior [ RunTime:0.000023s ]
INFO: [ app_init ] --END-- [ RunTime:0.000417s ]
INFO: [ app_begin ] --START--
INFO: Run Behavior\ReadHtmlCacheBehavior [ RunTime:0.000519s ]
INFO: [ app_begin ] --END-- [ RunTime:0.000570s ]
INFO: [ view_parse ] --START--
INFO: [ template_filter ] --START--
INFO: Run Behavior\ContentReplaceBehavior [ RunTime:0.000043s ]
INFO: [ template_filter ] --END-- [ RunTime:0.000103s ]
INFO: Run Behavior\ParseTemplateBehavior [ RunTime:0.007584s ]
INFO: [ view_parse ] --END-- [ RunTime:0.007656s ]
INFO: [ view_filter ] --START--
INFO: Run Behavior\WriteHtmlCacheBehavior [ RunTime:0.000228s ]
INFO: [ view_filter ] --END-- [ RunTime:0.000264s ]
INFO: [ app_end ] --START--
INFO: Run Behavior\ShowPageTraceBehavior [ RunTime:0.000556s ]
INFO: [ app_end ] --END-- [ RunTime:0.000596s ]

[ 2017-02-12T11:52:29+08:00 ] ::1 /Myblog/Home/Article/suibi
INFO: [ app_init ] --START--
INFO: Run Behavior\BuildLiteBehavior [ RunTime:0.000016s ]
INFO: [ app_init ] --END-- [ RunTime:0.000400s ]
INFO: [ app_begin ] --START--
INFO: Run Behavior\ReadHtmlCacheBehavior [ RunTime:0.000618s ]
INFO: [ app_begin ] --END-- [ RunTime:0.000681s ]
SQL: SHOW COLUMNS FROM `myblog_article` [ RunTime:0.0010s ]
SQL: SELECT * FROM `myblog_article` WHERE `id` = 1 LIMIT 1   [ RunTime:0.0004s ]
INFO: [ view_parse ] --START--
INFO: [ template_filter ] --START--
INFO: Run Behavior\ContentReplaceBehavior [ RunTime:0.000129s ]
INFO: [ template_filter ] --END-- [ RunTime:0.000191s ]
INFO: Run Behavior\ParseTemplateBehavior [ RunTime:0.009361s ]
INFO: [ view_parse ] --END-- [ RunTime:0.009421s ]
INFO: [ view_filter ] --START--
INFO: Run Behavior\WriteHtmlCacheBehavior [ RunTime:0.000297s ]
INFO: [ view_filter ] --END-- [ RunTime:0.000348s ]
INFO: [ app_end ] --START--
INFO: Run Behavior\ShowPageTraceBehavior [ RunTime:0.000787s ]
INFO: [ app_end ] --END-- [ RunTime:0.000836s ]

[ 2017-02-12T11:52:29+08:00 ] ::1 /Myblog/Home/Article/%E6%83%B3%E9%9D%A0%E7%8E%A9%E7%A5%A8%E6%9D%A5%E7%BB%B4%E6%8C%81%E5%A4%A9%E5%90%8E%E7%BA%A7%E6%AD%8C%E6%89%8B%E7%9A%84%E4%B9%90%E5%9D%9B%E5%9C%B0%E4%BD%8D%EF%BC%8C%E5%8F%AF%E8%83%BD%E5%90%97%EF%BC%9F-Crazy%20uncle_files/comment-reply.min.js.%E4%B8%8B%E8%BD%BD
INFO: [ app_init ] --START--
INFO: Run Behavior\BuildLiteBehavior [ RunTime:0.000014s ]
INFO: [ app_init ] --END-- [ RunTime:0.000362s ]
INFO: [ app_begin ] --START--
INFO: Run Behavior\ReadHtmlCacheBehavior [ RunTime:0.000433s ]
INFO: [ app_begin ] --END-- [ RunTime:0.000490s ]
ERR: 非法操作:想靠玩票来维持天后级歌手的乐坛地位，可能吗？-Crazy uncle_files

[ 2017-02-12T12:14:02+08:00 ] ::1 /Myblog/Home/Article/suibi
INFO: [ app_init ] --START--
INFO: Run Behavior\BuildLiteBehavior [ RunTime:0.000011s ]
INFO: [ app_init ] --END-- [ RunTime:0.000343s ]
INFO: [ app_begin ] --START--
INFO: Run Behavior\ReadHtmlCacheBehavior [ RunTime:0.000489s ]
INFO: [ app_begin ] --END-- [ RunTime:0.000534s ]
SQL: SHOW COLUMNS FROM `myblog_article` [ RunTime:0.0010s ]
SQL: SELECT * FROM `myblog_article` WHERE `id` = 1 LIMIT 1   [ RunTime:0.0004s ]
INFO: [ view_parse ] --START--
INFO: [ template_filter ] --START--
INFO: Run Behavior\ContentReplaceBehavior [ RunTime:0.000119s ]
INFO: [ template_filter ] --END-- [ RunTime:0.000166s ]
INFO: Run Behavior\ParseTemplateBehavior [ RunTime:0.008917s ]
INFO: [ view_parse ] --END-- [ RunTime:0.008998s ]
INFO: [ view_filter ] --START--
INFO: Run Behavior\WriteHtmlCacheBehavior [ RunTime:0.000500s ]
INFO: [ view_filter ] --END-- [ RunTime:0.000557s ]
INFO: [ app_end ] --START--
INFO: Run Behavior\ShowPageTraceBehavior [ RunTime:0.000877s ]
INFO: [ app_end ] --END-- [ RunTime:0.000970s ]

[ 2017-02-12T12:14:03+08:00 ] ::1 /Myblog/Home/Article/%E6%83%B3%E9%9D%A0%E7%8E%A9%E7%A5%A8%E6%9D%A5%E7%BB%B4%E6%8C%81%E5%A4%A9%E5%90%8E%E7%BA%A7%E6%AD%8C%E6%89%8B%E7%9A%84%E4%B9%90%E5%9D%9B%E5%9C%B0%E4%BD%8D%EF%BC%8C%E5%8F%AF%E8%83%BD%E5%90%97%EF%BC%9F-Crazy%20uncle_files/comment-reply.min.js.%E4%B8%8B%E8%BD%BD
INFO: [ app_init ] --START--
INFO: Run Behavior\BuildLiteBehavior [ RunTime:0.000013s ]
INFO: [ app_init ] --END-- [ RunTime:0.000345s ]
INFO: [ app_begin ] --START--
INFO: Run Behavior\ReadHtmlCacheBehavior [ RunTime:0.000462s ]
INFO: [ app_begin ] --END-- [ RunTime:0.000518s ]
ERR: 非法操作:想靠玩票来维持天后级歌手的乐坛地位，可能吗？-Crazy uncle_files

[ 2017-02-12T12:14:03+08:00 ] ::1 /Myblog/Home/Article/%E6%83%B3%E9%9D%A0%E7%8E%A9%E7%A5%A8%E6%9D%A5%E7%BB%B4%E6%8C%81%E5%A4%A9%E5%90%8E%E7%BA%A7%E6%AD%8C%E6%89%8B%E7%9A%84%E4%B9%90%E5%9D%9B%E5%9C%B0%E4%BD%8D%EF%BC%8C%E5%8F%AF%E8%83%BD%E5%90%97%EF%BC%9F-Crazy%20uncle_files/comment-reply.min.js.%E4%B8%8B%E8%BD%BD
INFO: [ app_init ] --START--
INFO: Run Behavior\BuildLiteBehavior [ RunTime:0.000016s ]
INFO: [ app_init ] --END-- [ RunTime:0.000330s ]
INFO: [ app_begin ] --START--
INFO: Run Behavior\ReadHtmlCacheBehavior [ RunTime:0.000393s ]
INFO: [ app_begin ] --END-- [ RunTime:0.000441s ]
ERR: 非法操作:想靠玩票来维持天后级歌手的乐坛地位，可能吗？-Crazy uncle_files

[ 2017-02-12T12:19:58+08:00 ] ::1 /Myblog/Home/Article/suibi
INFO: [ app_init ] --START--
INFO: Run Behavior\BuildLiteBehavior [ RunTime:0.000009s ]
INFO: [ app_init ] --END-- [ RunTime:0.000327s ]
INFO: [ app_begin ] --START--
INFO: Run Behavior\ReadHtmlCacheBehavior [ RunTime:0.000486s ]
INFO: [ app_begin ] --END-- [ RunTime:0.000533s ]
SQL: SHOW COLUMNS FROM `myblog_article` [ RunTime:0.0009s ]
SQL: SELECT * FROM `myblog_article` WHERE `id` = 1 LIMIT 1   [ RunTime:0.0005s ]
INFO: [ view_parse ] --START--
INFO: [ template_filter ] --START--
INFO: Run Behavior\ContentReplaceBehavior [ RunTime:0.000246s ]
INFO: [ template_filter ] --END-- [ RunTime:0.000337s ]
INFO: Run Behavior\ParseTemplateBehavior [ RunTime:0.007734s ]
INFO: [ view_parse ] --END-- [ RunTime:0.007809s ]
INFO: [ view_filter ] --START--
INFO: Run Behavior\WriteHtmlCacheBehavior [ RunTime:0.000413s ]
INFO: [ view_filter ] --END-- [ RunTime:0.000462s ]
INFO: [ app_end ] --START--
INFO: Run Behavior\ShowPageTraceBehavior [ RunTime:0.000904s ]
INFO: [ app_end ] --END-- [ RunTime:0.001004s ]

[ 2017-02-12T12:19:58+08:00 ] ::1 /Myblog/Home/Article/%E6%83%B3%E9%9D%A0%E7%8E%A9%E7%A5%A8%E6%9D%A5%E7%BB%B4%E6%8C%81%E5%A4%A9%E5%90%8E%E7%BA%A7%E6%AD%8C%E6%89%8B%E7%9A%84%E4%B9%90%E5%9D%9B%E5%9C%B0%E4%BD%8D%EF%BC%8C%E5%8F%AF%E8%83%BD%E5%90%97%EF%BC%9F-Crazy%20uncle_files/comment-reply.min.js.%E4%B8%8B%E8%BD%BD
INFO: [ app_init ] --START--
INFO: Run Behavior\BuildLiteBehavior [ RunTime:0.000019s ]
INFO: [ app_init ] --END-- [ RunTime:0.000541s ]
INFO: [ app_begin ] --START--
INFO: Run Behavior\ReadHtmlCacheBehavior [ RunTime:0.000709s ]
INFO: [ app_begin ] --END-- [ RunTime:0.000797s ]
ERR: 非法操作:想靠玩票来维持天后级歌手的乐坛地位，可能吗？-Crazy uncle_files

[ 2017-02-12T12:19:58+08:00 ] ::1 /Myblog/Home/Article/%E6%83%B3%E9%9D%A0%E7%8E%A9%E7%A5%A8%E6%9D%A5%E7%BB%B4%E6%8C%81%E5%A4%A9%E5%90%8E%E7%BA%A7%E6%AD%8C%E6%89%8B%E7%9A%84%E4%B9%90%E5%9D%9B%E5%9C%B0%E4%BD%8D%EF%BC%8C%E5%8F%AF%E8%83%BD%E5%90%97%EF%BC%9F-Crazy%20uncle_files/comment-reply.min.js.%E4%B8%8B%E8%BD%BD
INFO: [ app_init ] --START--
INFO: Run Behavior\BuildLiteBehavior [ RunTime:0.000033s ]
INFO: [ app_init ] --END-- [ RunTime:0.000854s ]
INFO: [ app_begin ] --START--
INFO: Run Behavior\ReadHtmlCacheBehavior [ RunTime:0.000433s ]
INFO: [ app_begin ] --END-- [ RunTime:0.000483s ]
ERR: 非法操作:想靠玩票来维持天后级歌手的乐坛地位，可能吗？-Crazy uncle_files

[ 2017-02-12T12:20:40+08:00 ] ::1 /Myblog/Home/Article/suibi
INFO: [ app_init ] --START--
INFO: Run Behavior\BuildLiteBehavior [ RunTime:0.000036s ]
INFO: [ app_init ] --END-- [ RunTime:0.000416s ]
INFO: [ app_begin ] --START--
INFO: Run Behavior\ReadHtmlCacheBehavior [ RunTime:0.000732s ]
INFO: [ app_begin ] --END-- [ RunTime:0.000812s ]
SQL: SHOW COLUMNS FROM `myblog_article` [ RunTime:0.0010s ]
SQL: SELECT * FROM `myblog_article` WHERE `id` = 1 LIMIT 1   [ RunTime:0.0008s ]
INFO: [ view_parse ] --START--
INFO: [ template_filter ] --START--
INFO: Run Behavior\ContentReplaceBehavior [ RunTime:0.000077s ]
INFO: [ template_filter ] --END-- [ RunTime:0.000119s ]
INFO: Run Behavior\ParseTemplateBehavior [ RunTime:0.007020s ]
INFO: [ view_parse ] --END-- [ RunTime:0.007075s ]
INFO: [ view_filter ] --START--
INFO: Run Behavior\WriteHtmlCacheBehavior [ RunTime:0.000315s ]
INFO: [ view_filter ] --END-- [ RunTime:0.000348s ]
INFO: [ app_end ] --START--
INFO: Run Behavior\ShowPageTraceBehavior [ RunTime:0.000627s ]
INFO: [ app_end ] --END-- [ RunTime:0.000681s ]

[ 2017-02-12T12:20:40+08:00 ] ::1 /Myblog/Home/Article/%E6%83%B3%E9%9D%A0%E7%8E%A9%E7%A5%A8%E6%9D%A5%E7%BB%B4%E6%8C%81%E5%A4%A9%E5%90%8E%E7%BA%A7%E6%AD%8C%E6%89%8B%E7%9A%84%E4%B9%90%E5%9D%9B%E5%9C%B0%E4%BD%8D%EF%BC%8C%E5%8F%AF%E8%83%BD%E5%90%97%EF%BC%9F-Crazy%20uncle_files/comment-reply.min.js.%E4%B8%8B%E8%BD%BD
INFO: [ app_init ] --START--
INFO: Run Behavior\BuildLiteBehavior [ RunTime:0.000013s ]
INFO: [ app_init ] --END-- [ RunTime:0.000334s ]
INFO: [ app_begin ] --START--
INFO: Run Behavior\ReadHtmlCacheBehavior [ RunTime:0.000408s ]
INFO: [ app_begin ] --END-- [ RunTime:0.000475s ]
ERR: 非法操作:想靠玩票来维持天后级歌手的乐坛地位，可能吗？-Crazy uncle_files

[ 2017-02-12T12:20:40+08:00 ] ::1 /Myblog/Home/Article/%E6%83%B3%E9%9D%A0%E7%8E%A9%E7%A5%A8%E6%9D%A5%E7%BB%B4%E6%8C%81%E5%A4%A9%E5%90%8E%E7%BA%A7%E6%AD%8C%E6%89%8B%E7%9A%84%E4%B9%90%E5%9D%9B%E5%9C%B0%E4%BD%8D%EF%BC%8C%E5%8F%AF%E8%83%BD%E5%90%97%EF%BC%9F-Crazy%20uncle_files/comment-reply.min.js.%E4%B8%8B%E8%BD%BD
INFO: [ app_init ] --START--
INFO: Run Behavior\BuildLiteBehavior [ RunTime:0.000010s ]
INFO: [ app_init ] --END-- [ RunTime:0.000287s ]
INFO: [ app_begin ] --START--
INFO: Run Behavior\ReadHtmlCacheBehavior [ RunTime:0.000389s ]
INFO: [ app_begin ] --END-- [ RunTime:0.000432s ]
ERR: 非法操作:想靠玩票来维持天后级歌手的乐坛地位，可能吗？-Crazy uncle_files

[ 2017-02-12T12:20:54+08:00 ] ::1 /Myblog/Home/Article/suibi
INFO: [ app_init ] --START--
INFO: Run Behavior\BuildLiteBehavior [ RunTime:0.000014s ]
INFO: [ app_init ] --END-- [ RunTime:0.000323s ]
INFO: [ app_begin ] --START--
INFO: Run Behavior\ReadHtmlCacheBehavior [ RunTime:0.001146s ]
INFO: [ app_begin ] --END-- [ RunTime:0.001243s ]
SQL: SHOW COLUMNS FROM `myblog_article` [ RunTime:0.0009s ]
SQL: SELECT * FROM `myblog_article` WHERE `id` = 1 LIMIT 1   [ RunTime:0.0004s ]
INFO: [ view_parse ] --START--
INFO: [ template_filter ] --START--
INFO: Run Behavior\ContentReplaceBehavior [ RunTime:0.000078s ]
INFO: [ template_filter ] --END-- [ RunTime:0.000121s ]
INFO: Run Behavior\ParseTemplateBehavior [ RunTime:0.007833s ]
INFO: [ view_parse ] --END-- [ RunTime:0.007881s ]
INFO: [ view_filter ] --START--
INFO: Run Behavior\WriteHtmlCacheBehavior [ RunTime:0.000207s ]
INFO: [ view_filter ] --END-- [ RunTime:0.000239s ]
INFO: [ app_end ] --START--
INFO: Run Behavior\ShowPageTraceBehavior [ RunTime:0.000481s ]
INFO: [ app_end ] --END-- [ RunTime:0.000533s ]

[ 2017-02-12T12:20:54+08:00 ] ::1 /Myblog/Home/Article/%E6%83%B3%E9%9D%A0%E7%8E%A9%E7%A5%A8%E6%9D%A5%E7%BB%B4%E6%8C%81%E5%A4%A9%E5%90%8E%E7%BA%A7%E6%AD%8C%E6%89%8B%E7%9A%84%E4%B9%90%E5%9D%9B%E5%9C%B0%E4%BD%8D%EF%BC%8C%E5%8F%AF%E8%83%BD%E5%90%97%EF%BC%9F-Crazy%20uncle_files/comment-reply.min.js.%E4%B8%8B%E8%BD%BD
INFO: [ app_init ] --START--
INFO: Run Behavior\BuildLiteBehavior [ RunTime:0.000107s ]
INFO: [ app_init ] --END-- [ RunTime:0.000897s ]
INFO: [ app_begin ] --START--
INFO: Run Behavior\ReadHtmlCacheBehavior [ RunTime:0.000778s ]
INFO: [ app_begin ] --END-- [ RunTime:0.000893s ]
ERR: 非法操作:想靠玩票来维持天后级歌手的乐坛地位，可能吗？-Crazy uncle_files

[ 2017-02-12T12:20:54+08:00 ] ::1 /Myblog/Home/Article/%E6%83%B3%E9%9D%A0%E7%8E%A9%E7%A5%A8%E6%9D%A5%E7%BB%B4%E6%8C%81%E5%A4%A9%E5%90%8E%E7%BA%A7%E6%AD%8C%E6%89%8B%E7%9A%84%E4%B9%90%E5%9D%9B%E5%9C%B0%E4%BD%8D%EF%BC%8C%E5%8F%AF%E8%83%BD%E5%90%97%EF%BC%9F-Crazy%20uncle_files/comment-reply.min.js.%E4%B8%8B%E8%BD%BD
INFO: [ app_init ] --START--
INFO: Run Behavior\BuildLiteBehavior [ RunTime:0.000010s ]
INFO: [ app_init ] --END-- [ RunTime:0.000281s ]
INFO: [ app_begin ] --START--
INFO: Run Behavior\ReadHtmlCacheBehavior [ RunTime:0.000377s ]
INFO: [ app_begin ] --END-- [ RunTime:0.000423s ]
ERR: 非法操作:想靠玩票来维持天后级歌手的乐坛地位，可能吗？-Crazy uncle_files

[ 2017-02-12T12:21:15+08:00 ] ::1 /Myblog/Home/Article/suibi
INFO: [ app_init ] --START--
INFO: Run Behavior\BuildLiteBehavior [ RunTime:0.000011s ]
INFO: [ app_init ] --END-- [ RunTime:0.000294s ]
INFO: [ app_begin ] --START--
INFO: Run Behavior\ReadHtmlCacheBehavior [ RunTime:0.000467s ]
INFO: [ app_begin ] --END-- [ RunTime:0.000515s ]
SQL: SHOW COLUMNS FROM `myblog_article` [ RunTime:0.0008s ]
SQL: SELECT * FROM `myblog_article` WHERE `id` = 1 LIMIT 1   [ RunTime:0.0004s ]
INFO: [ view_parse ] --START--
INFO: [ template_filter ] --START--
INFO: Run Behavior\ContentReplaceBehavior [ RunTime:0.000098s ]
INFO: [ template_filter ] --END-- [ RunTime:0.000154s ]
INFO: Run Behavior\ParseTemplateBehavior [ RunTime:0.007598s ]
INFO: [ view_parse ] --END-- [ RunTime:0.007659s ]
INFO: [ view_filter ] --START--
INFO: Run Behavior\WriteHtmlCacheBehavior [ RunTime:0.000284s ]
INFO: [ view_filter ] --END-- [ RunTime:0.000330s ]
INFO: [ app_end ] --START--
INFO: Run Behavior\ShowPageTraceBehavior [ RunTime:0.000784s ]
INFO: [ app_end ] --END-- [ RunTime:0.000894s ]

[ 2017-02-12T12:21:15+08:00 ] ::1 /Myblog/Home/Article/%E6%83%B3%E9%9D%A0%E7%8E%A9%E7%A5%A8%E6%9D%A5%E7%BB%B4%E6%8C%81%E5%A4%A9%E5%90%8E%E7%BA%A7%E6%AD%8C%E6%89%8B%E7%9A%84%E4%B9%90%E5%9D%9B%E5%9C%B0%E4%BD%8D%EF%BC%8C%E5%8F%AF%E8%83%BD%E5%90%97%EF%BC%9F-Crazy%20uncle_files/comment-reply.min.js.%E4%B8%8B%E8%BD%BD
INFO: [ app_init ] --START--
INFO: Run Behavior\BuildLiteBehavior [ RunTime:0.000016s ]
INFO: [ app_init ] --END-- [ RunTime:0.000445s ]
INFO: [ app_begin ] --START--
INFO: Run Behavior\ReadHtmlCacheBehavior [ RunTime:0.001093s ]
INFO: [ app_begin ] --END-- [ RunTime:0.001191s ]
ERR: 非法操作:想靠玩票来维持天后级歌手的乐坛地位，可能吗？-Crazy uncle_files

[ 2017-02-12T12:21:15+08:00 ] ::1 /Myblog/Home/Article/%E6%83%B3%E9%9D%A0%E7%8E%A9%E7%A5%A8%E6%9D%A5%E7%BB%B4%E6%8C%81%E5%A4%A9%E5%90%8E%E7%BA%A7%E6%AD%8C%E6%89%8B%E7%9A%84%E4%B9%90%E5%9D%9B%E5%9C%B0%E4%BD%8D%EF%BC%8C%E5%8F%AF%E8%83%BD%E5%90%97%EF%BC%9F-Crazy%20uncle_files/comment-reply.min.js.%E4%B8%8B%E8%BD%BD
INFO: [ app_init ] --START--
INFO: Run Behavior\BuildLiteBehavior [ RunTime:0.000011s ]
INFO: [ app_init ] --END-- [ RunTime:0.000341s ]
INFO: [ app_begin ] --START--
INFO: Run Behavior\ReadHtmlCacheBehavior [ RunTime:0.000407s ]
INFO: [ app_begin ] --END-- [ RunTime:0.000452s ]
ERR: 非法操作:想靠玩票来维持天后级歌手的乐坛地位，可能吗？-Crazy uncle_files

