[ 2017-03-24T12:52:00+08:00 ] ::1 /MyBlog/Admin/Login/index.html
INFO: [ app_init ] --START--
INFO: Run Behavior\BuildLiteBehavior [ RunTime:0.000045s ]
INFO: [ app_init ] --END-- [ RunTime:0.006098s ]
INFO: [ app_begin ] --START--
INFO: Run Behavior\ReadHtmlCacheBehavior [ RunTime:0.011820s ]
INFO: [ app_begin ] --END-- [ RunTime:0.011967s ]
INFO: [ view_parse ] --START--
INFO: [ template_filter ] --START--
INFO: Run Behavior\ContentReplaceBehavior [ RunTime:0.000151s ]
INFO: [ template_filter ] --END-- [ RunTime:0.000261s ]
INFO: Run Behavior\ParseTemplateBehavior [ RunTime:0.076719s ]
INFO: [ view_parse ] --END-- [ RunTime:0.076865s ]
INFO: [ view_filter ] --START--
INFO: Run Behavior\WriteHtmlCacheBehavior [ RunTime:0.008833s ]
INFO: [ view_filter ] --END-- [ RunTime:0.008933s ]
INFO: [ app_end ] --START--
INFO: Run Behavior\ShowPageTraceBehavior [ RunTime:0.009726s ]
INFO: [ app_end ] --END-- [ RunTime:0.009834s ]

[ 2017-03-24T12:52:01+08:00 ] ::1 /MyBlog/Admin/Login/login
INFO: [ app_init ] --START--
INFO: Run Behavior\BuildLiteBehavior [ RunTime:0.000014s ]
INFO: [ app_init ] --END-- [ RunTime:0.000421s ]
INFO: [ app_begin ] --START--
INFO: Run Behavior\ReadHtmlCacheBehavior [ RunTime:0.000671s ]
INFO: [ app_begin ] --END-- [ RunTime:0.000713s ]
SQL: SHOW COLUMNS FROM `myblog_user` [ RunTime:0.0078s ]
SQL: SELECT * FROM `myblog_user` WHERE `username` = 'taolei' AND `status` = 1 LIMIT 1   [ RunTime:0.0013s ]

[ 2017-03-24T12:52:06+08:00 ] ::1 /MyBlog/Admin/Login/login
INFO: [ app_init ] --START--
INFO: Run Behavior\BuildLiteBehavior [ RunTime:0.000011s ]
INFO: [ app_init ] --END-- [ RunTime:0.000333s ]
INFO: [ app_begin ] --START--
INFO: Run Behavior\ReadHtmlCacheBehavior [ RunTime:0.000696s ]
INFO: [ app_begin ] --END-- [ RunTime:0.000744s ]
SQL: SHOW COLUMNS FROM `myblog_user` [ RunTime:0.0024s ]
SQL: SELECT * FROM `myblog_user` WHERE `username` = 'admin' AND `status` = 1 LIMIT 1   [ RunTime:0.0005s ]
SQL: UPDATE `myblog_user` SET `last_loginip`='0.0.0.0',`last_logintime`='1490331126' WHERE `id` = 1 [ RunTime:0.0717s ]

[ 2017-03-24T12:52:06+08:00 ] ::1 /MyBlog/Admin/Index/index.html
INFO: [ app_init ] --START--
INFO: Run Behavior\BuildLiteBehavior [ RunTime:0.000023s ]
INFO: [ app_init ] --END-- [ RunTime:0.000656s ]
INFO: [ app_begin ] --START--
INFO: Run Behavior\ReadHtmlCacheBehavior [ RunTime:0.001102s ]
INFO: [ app_begin ] --END-- [ RunTime:0.001181s ]
NOTIC: [8] Undefined index: menu_list D:\www\MyBlog\App\Admin\Controller\CommonController.class.php 第 81 行.
NOTIC: [2] Invalid argument supplied for foreach() D:\www\MyBlog\App\Admin\Controller\CommonController.class.php 第 81 行.
SQL: SHOW COLUMNS FROM `myblog_node` [ RunTime:0.0044s ]
SQL: SELECT * FROM `myblog_node` WHERE `menuflag` = 1  [ RunTime:0.0177s ]
INFO: [ view_parse ] --START--
INFO: [ template_filter ] --START--
INFO: Run Behavior\ContentReplaceBehavior [ RunTime:0.000464s ]
INFO: [ template_filter ] --END-- [ RunTime:0.000621s ]
NOTIC: [8] Undefined variable: Os D:\www\MyBlog\App\Runtime\Cache\Admin\9df924d9a2d217daa77a359c5bee0c33.php 第 111 行.
INFO: Run Behavior\ParseTemplateBehavior [ RunTime:0.125848s ]
INFO: [ view_parse ] --END-- [ RunTime:0.125960s ]
INFO: [ view_filter ] --START--
INFO: Run Behavior\WriteHtmlCacheBehavior [ RunTime:0.001841s ]
INFO: [ view_filter ] --END-- [ RunTime:0.001951s ]
INFO: [ app_end ] --START--
INFO: Run Behavior\ShowPageTraceBehavior [ RunTime:0.005112s ]
INFO: [ app_end ] --END-- [ RunTime:0.005256s ]

[ 2017-03-24T12:52:18+08:00 ] ::1 /MyBlog/Admin/System/user.html
INFO: [ app_init ] --START--
INFO: Run Behavior\BuildLiteBehavior [ RunTime:0.000012s ]
INFO: [ app_init ] --END-- [ RunTime:0.000335s ]
INFO: [ app_begin ] --START--
INFO: Run Behavior\ReadHtmlCacheBehavior [ RunTime:0.000997s ]
INFO: [ app_begin ] --END-- [ RunTime:0.001067s ]
NOTIC: [8] Undefined index: menu_list D:\www\MyBlog\App\Admin\Controller\CommonController.class.php 第 81 行.
NOTIC: [2] Invalid argument supplied for foreach() D:\www\MyBlog\App\Admin\Controller\CommonController.class.php 第 81 行.
SQL: SHOW COLUMNS FROM `myblog_node` [ RunTime:0.0035s ]
SQL: SELECT * FROM `myblog_node` WHERE `menuflag` = 1  [ RunTime:0.0007s ]
SQL: SHOW COLUMNS FROM `myblog_user` [ RunTime:0.0027s ]
SQL: SHOW COLUMNS FROM `myblog_role` [ RunTime:0.0026s ]
SQL: SELECT COUNT(*) AS tp_count FROM `myblog_user` LIMIT 1   [ RunTime:0.0004s ]
SQL: SELECT * FROM `myblog_user` ORDER BY id desc LIMIT 0,10   [ RunTime:0.0005s ]
SQL: SELECT * FROM `myblog_role`  [ RunTime:0.0003s ]
INFO: [ view_parse ] --START--
INFO: [ template_filter ] --START--
INFO: Run Behavior\ContentReplaceBehavior [ RunTime:0.000134s ]
INFO: [ template_filter ] --END-- [ RunTime:0.000190s ]
NOTIC: [8] Undefined variable: Os D:\www\MyBlog\App\Runtime\Cache\Admin\e6ebfbe50ff11fcc9e1d5236f5b98164.php 第 149 行.
INFO: Run Behavior\ParseTemplateBehavior [ RunTime:0.048993s ]
INFO: [ view_parse ] --END-- [ RunTime:0.049061s ]
INFO: [ view_filter ] --START--
INFO: Run Behavior\WriteHtmlCacheBehavior [ RunTime:0.000692s ]
INFO: [ view_filter ] --END-- [ RunTime:0.000734s ]
INFO: [ app_end ] --START--
INFO: Run Behavior\ShowPageTraceBehavior [ RunTime:0.001308s ]
INFO: [ app_end ] --END-- [ RunTime:0.001389s ]

[ 2017-03-24T12:52:25+08:00 ] ::1 /MyBlog/Admin/System/addUser.html
INFO: [ app_init ] --START--
INFO: Run Behavior\BuildLiteBehavior [ RunTime:0.000011s ]
INFO: [ app_init ] --END-- [ RunTime:0.000387s ]
INFO: [ app_begin ] --START--
INFO: Run Behavior\ReadHtmlCacheBehavior [ RunTime:0.000522s ]
INFO: [ app_begin ] --END-- [ RunTime:0.000567s ]
NOTIC: [8] Undefined index: menu_list D:\www\MyBlog\App\Admin\Controller\CommonController.class.php 第 81 行.
NOTIC: [2] Invalid argument supplied for foreach() D:\www\MyBlog\App\Admin\Controller\CommonController.class.php 第 81 行.
SQL: SHOW COLUMNS FROM `myblog_node` [ RunTime:0.0013s ]
SQL: SELECT * FROM `myblog_node` WHERE `menuflag` = 1  [ RunTime:0.0006s ]
SQL: SHOW COLUMNS FROM `myblog_role` [ RunTime:0.0011s ]
SQL: SELECT * FROM `myblog_role` WHERE `status` = 1  [ RunTime:0.0333s ]
INFO: [ view_parse ] --START--
INFO: [ template_filter ] --START--
INFO: Run Behavior\ContentReplaceBehavior [ RunTime:0.000361s ]
INFO: [ template_filter ] --END-- [ RunTime:0.000503s ]
NOTIC: [8] Undefined variable: Os D:\www\MyBlog\App\Runtime\Cache\Admin\28f59234987d8dbfe33060fbffbe28f2.php 第 148 行.
NOTIC: [8] Undefined variable: nowtime D:\www\MyBlog\App\Runtime\Cache\Admin\28f59234987d8dbfe33060fbffbe28f2.php 第 306 行.
INFO: Run Behavior\ParseTemplateBehavior [ RunTime:0.068177s ]
INFO: [ view_parse ] --END-- [ RunTime:0.068277s ]
INFO: [ view_filter ] --START--
INFO: Run Behavior\WriteHtmlCacheBehavior [ RunTime:0.000643s ]
INFO: [ view_filter ] --END-- [ RunTime:0.000707s ]
INFO: [ app_end ] --START--
INFO: Run Behavior\ShowPageTraceBehavior [ RunTime:0.000970s ]
INFO: [ app_end ] --END-- [ RunTime:0.001093s ]

[ 2017-03-24T12:52:39+08:00 ] ::1 /MyBlog/Admin/Article/index.html
INFO: [ app_init ] --START--
INFO: Run Behavior\BuildLiteBehavior [ RunTime:0.000011s ]
INFO: [ app_init ] --END-- [ RunTime:0.000352s ]
INFO: [ app_begin ] --START--
INFO: Run Behavior\ReadHtmlCacheBehavior [ RunTime:0.000583s ]
INFO: [ app_begin ] --END-- [ RunTime:0.000649s ]
NOTIC: [8] Undefined index: menu_list D:\www\MyBlog\App\Admin\Controller\CommonController.class.php 第 81 行.
NOTIC: [2] Invalid argument supplied for foreach() D:\www\MyBlog\App\Admin\Controller\CommonController.class.php 第 81 行.
SQL: SHOW COLUMNS FROM `myblog_node` [ RunTime:0.0013s ]
SQL: SELECT * FROM `myblog_node` WHERE `menuflag` = 1  [ RunTime:0.0007s ]
SQL: SHOW COLUMNS FROM `myblog_article` [ RunTime:0.0269s ]
SQL: SHOW COLUMNS FROM `myblog_article_cate` [ RunTime:0.0236s ]
SQL: SELECT COUNT(*) AS tp_count FROM `myblog_article` LIMIT 1   [ RunTime:0.0006s ]
SQL: SELECT * FROM `myblog_article` ORDER BY create_time desc LIMIT 10   [ RunTime:0.0012s ]
SQL: SELECT * FROM `myblog_article_cate`  [ RunTime:0.0007s ]
INFO: [ view_parse ] --START--
INFO: [ template_filter ] --START--
INFO: Run Behavior\ContentReplaceBehavior [ RunTime:0.000279s ]
INFO: [ template_filter ] --END-- [ RunTime:0.000393s ]
NOTIC: [8] Undefined variable: Os D:\www\MyBlog\App\Runtime\Cache\Admin\ac492b5605bffa8cac27c5e0dc599b32.php 第 149 行.
INFO: Run Behavior\ParseTemplateBehavior [ RunTime:0.055498s ]
INFO: [ view_parse ] --END-- [ RunTime:0.055621s ]
INFO: [ view_filter ] --START--
INFO: Run Behavior\WriteHtmlCacheBehavior [ RunTime:0.000913s ]
INFO: [ view_filter ] --END-- [ RunTime:0.000994s ]
INFO: [ app_end ] --START--
INFO: Run Behavior\ShowPageTraceBehavior [ RunTime:0.001659s ]
INFO: [ app_end ] --END-- [ RunTime:0.001816s ]

[ 2017-03-24T12:52:51+08:00 ] ::1 /MyBlog/Admin/Article/edit/id/3.html
INFO: [ app_init ] --START--
INFO: Run Behavior\BuildLiteBehavior [ RunTime:0.000012s ]
INFO: [ app_init ] --END-- [ RunTime:0.000340s ]
INFO: [ app_begin ] --START--
INFO: Run Behavior\ReadHtmlCacheBehavior [ RunTime:0.000391s ]
INFO: [ app_begin ] --END-- [ RunTime:0.000437s ]
NOTIC: [8] Undefined index: menu_list D:\www\MyBlog\App\Admin\Controller\CommonController.class.php 第 81 行.
NOTIC: [2] Invalid argument supplied for foreach() D:\www\MyBlog\App\Admin\Controller\CommonController.class.php 第 81 行.
SQL: SHOW COLUMNS FROM `myblog_node` [ RunTime:0.0008s ]
SQL: SELECT * FROM `myblog_node` WHERE `menuflag` = 1  [ RunTime:0.0006s ]
SQL: SHOW COLUMNS FROM `myblog_article` [ RunTime:0.0028s ]
SQL: SHOW COLUMNS FROM `myblog_article_cate` [ RunTime:0.0024s ]
SQL: SELECT * FROM `myblog_article_cate`  [ RunTime:0.0005s ]
SQL: SELECT * FROM `myblog_article` WHERE `id` = 3 LIMIT 1   [ RunTime:0.0005s ]
INFO: [ view_parse ] --START--
INFO: [ template_filter ] --START--
INFO: Run Behavior\ContentReplaceBehavior [ RunTime:0.000164s ]
INFO: [ template_filter ] --END-- [ RunTime:0.000207s ]
NOTIC: [8] Undefined variable: Os D:\www\MyBlog\App\Runtime\Cache\Admin\1104de50aaf571d1f72f5ad1d1b77d03.php 第 151 行.
NOTIC: [8] Undefined index: photo D:\www\MyBlog\App\Runtime\Cache\Admin\1104de50aaf571d1f72f5ad1d1b77d03.php 第 236 行.
NOTIC: [8] Undefined index: photo D:\www\MyBlog\App\Runtime\Cache\Admin\1104de50aaf571d1f72f5ad1d1b77d03.php 第 240 行.
NOTIC: [8] Undefined variable: nowtime D:\www\MyBlog\App\Runtime\Cache\Admin\1104de50aaf571d1f72f5ad1d1b77d03.php 第 347 行.
INFO: Run Behavior\ParseTemplateBehavior [ RunTime:0.053112s ]
INFO: [ view_parse ] --END-- [ RunTime:0.053175s ]
INFO: [ view_filter ] --START--
INFO: Run Behavior\WriteHtmlCacheBehavior [ RunTime:0.000381s ]
INFO: [ view_filter ] --END-- [ RunTime:0.000425s ]
INFO: [ app_end ] --START--
INFO: Run Behavior\ShowPageTraceBehavior [ RunTime:0.000646s ]
INFO: [ app_end ] --END-- [ RunTime:0.000708s ]

[ 2017-03-24T12:53:12+08:00 ] ::1 /MyBlog/Admin/Article/indextype.html
INFO: [ app_init ] --START--
INFO: Run Behavior\BuildLiteBehavior [ RunTime:0.000011s ]
INFO: [ app_init ] --END-- [ RunTime:0.000372s ]
INFO: [ app_begin ] --START--
INFO: Run Behavior\ReadHtmlCacheBehavior [ RunTime:0.000659s ]
INFO: [ app_begin ] --END-- [ RunTime:0.000721s ]
NOTIC: [8] Undefined index: menu_list D:\www\MyBlog\App\Admin\Controller\CommonController.class.php 第 81 行.
NOTIC: [2] Invalid argument supplied for foreach() D:\www\MyBlog\App\Admin\Controller\CommonController.class.php 第 81 行.
SQL: SHOW COLUMNS FROM `myblog_node` [ RunTime:0.0010s ]
SQL: SELECT * FROM `myblog_node` WHERE `menuflag` = 1  [ RunTime:0.0006s ]
SQL: SHOW COLUMNS FROM `myblog_article_cate` [ RunTime:0.0029s ]
SQL: SELECT COUNT(*) AS tp_count FROM `myblog_article_cate` LIMIT 1   [ RunTime:0.0003s ]
SQL: SELECT * FROM `myblog_article_cate` LIMIT 0,10   [ RunTime:0.0004s ]
INFO: [ view_parse ] --START--
INFO: [ template_filter ] --START--
INFO: Run Behavior\ContentReplaceBehavior [ RunTime:0.000104s ]
INFO: [ template_filter ] --END-- [ RunTime:0.000147s ]
NOTIC: [8] Undefined variable: Os D:\www\MyBlog\App\Runtime\Cache\Admin\9ddbdc19835b9f047a52a43d27ae1923.php 第 149 行.
INFO: Run Behavior\ParseTemplateBehavior [ RunTime:0.033795s ]
INFO: [ view_parse ] --END-- [ RunTime:0.033843s ]
INFO: [ view_filter ] --START--
INFO: Run Behavior\WriteHtmlCacheBehavior [ RunTime:0.000473s ]
INFO: [ view_filter ] --END-- [ RunTime:0.000506s ]
INFO: [ app_end ] --START--
INFO: Run Behavior\ShowPageTraceBehavior [ RunTime:0.000963s ]
INFO: [ app_end ] --END-- [ RunTime:0.001026s ]

[ 2017-03-24T12:53:14+08:00 ] ::1 /MyBlog/Admin/Article/edittype/cate_id/1.html
INFO: [ app_init ] --START--
INFO: Run Behavior\BuildLiteBehavior [ RunTime:0.000015s ]
INFO: [ app_init ] --END-- [ RunTime:0.000428s ]
INFO: [ app_begin ] --START--
INFO: Run Behavior\ReadHtmlCacheBehavior [ RunTime:0.001031s ]
INFO: [ app_begin ] --END-- [ RunTime:0.001283s ]
NOTIC: [8] Undefined index: menu_list D:\www\MyBlog\App\Admin\Controller\CommonController.class.php 第 81 行.
NOTIC: [2] Invalid argument supplied for foreach() D:\www\MyBlog\App\Admin\Controller\CommonController.class.php 第 81 行.
SQL: SHOW COLUMNS FROM `myblog_node` [ RunTime:0.0011s ]
SQL: SELECT * FROM `myblog_node` WHERE `menuflag` = 1  [ RunTime:0.0006s ]
SQL: SHOW COLUMNS FROM `myblog_article_cate` [ RunTime:0.0020s ]
SQL: SELECT * FROM `myblog_article_cate` WHERE `cate_id` = 1 LIMIT 1   [ RunTime:0.0003s ]
INFO: [ view_parse ] --START--
INFO: [ template_filter ] --START--
INFO: Run Behavior\ContentReplaceBehavior [ RunTime:0.000093s ]
INFO: [ template_filter ] --END-- [ RunTime:0.000136s ]
NOTIC: [8] Undefined variable: Os D:\www\MyBlog\App\Runtime\Cache\Admin\6fe496e9b93f4a39f928d753a795c684.php 第 147 行.
INFO: Run Behavior\ParseTemplateBehavior [ RunTime:0.024984s ]
INFO: [ view_parse ] --END-- [ RunTime:0.025032s ]
INFO: [ view_filter ] --START--
INFO: Run Behavior\WriteHtmlCacheBehavior [ RunTime:0.000567s ]
INFO: [ view_filter ] --END-- [ RunTime:0.000617s ]
INFO: [ app_end ] --START--
INFO: Run Behavior\ShowPageTraceBehavior [ RunTime:0.001179s ]
INFO: [ app_end ] --END-- [ RunTime:0.001261s ]

[ 2017-03-24T12:53:17+08:00 ] ::1 /MyBlog/Admin/Liuyan/index.html
INFO: [ app_init ] --START--
INFO: Run Behavior\BuildLiteBehavior [ RunTime:0.000011s ]
INFO: [ app_init ] --END-- [ RunTime:0.000365s ]
INFO: [ app_begin ] --START--
INFO: Run Behavior\ReadHtmlCacheBehavior [ RunTime:0.000564s ]
INFO: [ app_begin ] --END-- [ RunTime:0.000611s ]
NOTIC: [8] Undefined index: menu_list D:\www\MyBlog\App\Admin\Controller\CommonController.class.php 第 81 行.
NOTIC: [2] Invalid argument supplied for foreach() D:\www\MyBlog\App\Admin\Controller\CommonController.class.php 第 81 行.
SQL: SHOW COLUMNS FROM `myblog_node` [ RunTime:0.0011s ]
SQL: SELECT * FROM `myblog_node` WHERE `menuflag` = 1  [ RunTime:0.0007s ]
SQL: SHOW COLUMNS FROM `myblog_liuyan` [ RunTime:0.0229s ]
SQL: SELECT COUNT(*) AS tp_count FROM `myblog_liuyan` LIMIT 1   [ RunTime:0.0003s ]
SQL: SELECT * FROM `myblog_liuyan` ORDER BY ly_time desc LIMIT 0,10   [ RunTime:0.0005s ]
INFO: [ view_parse ] --START--
INFO: [ template_filter ] --START--
INFO: Run Behavior\ContentReplaceBehavior [ RunTime:0.000187s ]
INFO: [ template_filter ] --END-- [ RunTime:0.000257s ]
NOTIC: [8] Undefined variable: Os D:\www\MyBlog\App\Runtime\Cache\Admin\685d5098d176ea357592d6a5719ce703.php 第 149 行.
INFO: Run Behavior\ParseTemplateBehavior [ RunTime:0.052229s ]
INFO: [ view_parse ] --END-- [ RunTime:0.052303s ]
INFO: [ view_filter ] --START--
INFO: Run Behavior\WriteHtmlCacheBehavior [ RunTime:0.000706s ]
INFO: [ view_filter ] --END-- [ RunTime:0.000762s ]
INFO: [ app_end ] --START--
INFO: Run Behavior\ShowPageTraceBehavior [ RunTime:0.001426s ]
INFO: [ app_end ] --END-- [ RunTime:0.001534s ]

[ 2017-03-24T12:53:22+08:00 ] ::1 /MyBlog/Admin/Site/index.html
INFO: [ app_init ] --START--
INFO: Run Behavior\BuildLiteBehavior [ RunTime:0.000026s ]
INFO: [ app_init ] --END-- [ RunTime:0.000846s ]
INFO: [ app_begin ] --START--
INFO: Run Behavior\ReadHtmlCacheBehavior [ RunTime:0.001744s ]
INFO: [ app_begin ] --END-- [ RunTime:0.001896s ]
NOTIC: [8] Undefined index: menu_list D:\www\MyBlog\App\Admin\Controller\CommonController.class.php 第 81 行.
NOTIC: [2] Invalid argument supplied for foreach() D:\www\MyBlog\App\Admin\Controller\CommonController.class.php 第 81 行.
SQL: SHOW COLUMNS FROM `myblog_node` [ RunTime:0.0024s ]
SQL: SELECT * FROM `myblog_node` WHERE `menuflag` = 1  [ RunTime:0.0010s ]
INFO: [ view_parse ] --START--
INFO: [ template_filter ] --START--
INFO: Run Behavior\ContentReplaceBehavior [ RunTime:0.000127s ]
INFO: [ template_filter ] --END-- [ RunTime:0.000180s ]
NOTIC: [8] Undefined variable: Os D:\www\MyBlog\App\Runtime\Cache\Admin\09f7be7ed786ea302e629d96d0043604.php 第 147 行.
INFO: Run Behavior\ParseTemplateBehavior [ RunTime:0.033772s ]
INFO: [ view_parse ] --END-- [ RunTime:0.033857s ]
INFO: [ view_filter ] --START--
INFO: Run Behavior\WriteHtmlCacheBehavior [ RunTime:0.000538s ]
INFO: [ view_filter ] --END-- [ RunTime:0.000580s ]
INFO: [ app_end ] --START--
INFO: Run Behavior\ShowPageTraceBehavior [ RunTime:0.000773s ]
INFO: [ app_end ] --END-- [ RunTime:0.000831s ]

[ 2017-03-24T12:53:30+08:00 ] ::1 /MyBlog/Admin/Index/index.html
INFO: [ app_init ] --START--
INFO: Run Behavior\BuildLiteBehavior [ RunTime:0.000014s ]
INFO: [ app_init ] --END-- [ RunTime:0.000430s ]
INFO: [ app_begin ] --START--
INFO: Run Behavior\ReadHtmlCacheBehavior [ RunTime:0.000659s ]
INFO: [ app_begin ] --END-- [ RunTime:0.000722s ]
NOTIC: [8] Undefined index: menu_list D:\www\MyBlog\App\Admin\Controller\CommonController.class.php 第 81 行.
NOTIC: [2] Invalid argument supplied for foreach() D:\www\MyBlog\App\Admin\Controller\CommonController.class.php 第 81 行.
SQL: SHOW COLUMNS FROM `myblog_node` [ RunTime:0.0014s ]
SQL: SELECT * FROM `myblog_node` WHERE `menuflag` = 1  [ RunTime:0.0007s ]
INFO: [ view_parse ] --START--
INFO: [ template_filter ] --START--
INFO: Run Behavior\ContentReplaceBehavior [ RunTime:0.000261s ]
INFO: [ template_filter ] --END-- [ RunTime:0.000353s ]
NOTIC: [8] Undefined variable: Os D:\www\MyBlog\App\Runtime\Cache\Admin\9df924d9a2d217daa77a359c5bee0c33.php 第 111 行.
INFO: Run Behavior\ParseTemplateBehavior [ RunTime:0.025788s ]
INFO: [ view_parse ] --END-- [ RunTime:0.026038s ]
INFO: [ view_filter ] --START--
INFO: Run Behavior\WriteHtmlCacheBehavior [ RunTime:0.003086s ]
INFO: [ view_filter ] --END-- [ RunTime:0.003246s ]
INFO: [ app_end ] --START--
INFO: Run Behavior\ShowPageTraceBehavior [ RunTime:0.001043s ]
INFO: [ app_end ] --END-- [ RunTime:0.001122s ]

