[ 2017-02-20T11:49:49+08:00 ] ::1 /MyBlog/Admin/Login/index
INFO: [ app_init ] --START--
INFO: Run Behavior\BuildLiteBehavior [ RunTime:0.000018s ]
INFO: [ app_init ] --END-- [ RunTime:0.000655s ]
INFO: [ app_begin ] --START--
INFO: Run Behavior\ReadHtmlCacheBehavior [ RunTime:0.000537s ]
INFO: [ app_begin ] --END-- [ RunTime:0.000586s ]
INFO: [ view_parse ] --START--
INFO: [ template_filter ] --START--
INFO: Run Behavior\ContentReplaceBehavior [ RunTime:0.000066s ]
INFO: [ template_filter ] --END-- [ RunTime:0.000112s ]
INFO: Run Behavior\ParseTemplateBehavior [ RunTime:0.011239s ]
INFO: [ view_parse ] --END-- [ RunTime:0.011291s ]
INFO: [ view_filter ] --START--
INFO: Run Behavior\WriteHtmlCacheBehavior [ RunTime:0.000341s ]
INFO: [ view_filter ] --END-- [ RunTime:0.000370s ]
INFO: [ app_end ] --START--
INFO: Run Behavior\ShowPageTraceBehavior [ RunTime:0.000498s ]
INFO: [ app_end ] --END-- [ RunTime:0.000532s ]

[ 2017-02-20T11:49:56+08:00 ] ::1 /MyBlog/Admin/Login/login
INFO: [ app_init ] --START--
INFO: Run Behavior\BuildLiteBehavior [ RunTime:0.000011s ]
INFO: [ app_init ] --END-- [ RunTime:0.000340s ]
INFO: [ app_begin ] --START--
INFO: Run Behavior\ReadHtmlCacheBehavior [ RunTime:0.000494s ]
INFO: [ app_begin ] --END-- [ RunTime:0.000533s ]
SQL: SHOW COLUMNS FROM `myblog_user` [ RunTime:0.0030s ]
SQL: SELECT * FROM `myblog_user` WHERE `username` = 'admin' AND `status` = 1 LIMIT 1   [ RunTime:0.0006s ]
SQL: UPDATE `myblog_user` SET `last_loginip`='0.0.0.0',`last_logintime`='1487562596' WHERE `id` = 1 [ RunTime:0.1065s ]

[ 2017-02-20T11:49:56+08:00 ] ::1 /MyBlog/Admin/Index/index.html
INFO: [ app_init ] --START--
INFO: Run Behavior\BuildLiteBehavior [ RunTime:0.000022s ]
INFO: [ app_init ] --END-- [ RunTime:0.000647s ]
INFO: [ app_begin ] --START--
INFO: Run Behavior\ReadHtmlCacheBehavior [ RunTime:0.000729s ]
INFO: [ app_begin ] --END-- [ RunTime:0.000813s ]
NOTIC: [8] Undefined index: menu_list D:\www\MyBlog\App\Admin\Controller\CommonController.class.php 第 81 行.
NOTIC: [2] Invalid argument supplied for foreach() D:\www\MyBlog\App\Admin\Controller\CommonController.class.php 第 81 行.
SQL: SHOW COLUMNS FROM `myblog_node` [ RunTime:0.0034s ]
SQL: SELECT * FROM `myblog_node` WHERE `menuflag` = 1  [ RunTime:0.0017s ]
INFO: [ view_parse ] --START--
INFO: [ template_filter ] --START--
INFO: Run Behavior\ContentReplaceBehavior [ RunTime:0.000397s ]
INFO: [ template_filter ] --END-- [ RunTime:0.000523s ]
NOTIC: [8] Undefined variable: Os D:\www\MyBlog\App\Runtime\Cache\Admin\9df924d9a2d217daa77a359c5bee0c33.php 第 111 行.
INFO: Run Behavior\ParseTemplateBehavior [ RunTime:0.063435s ]
INFO: [ view_parse ] --END-- [ RunTime:0.063565s ]
INFO: [ view_filter ] --START--
INFO: Run Behavior\WriteHtmlCacheBehavior [ RunTime:0.001007s ]
INFO: [ view_filter ] --END-- [ RunTime:0.001106s ]
INFO: [ app_end ] --START--
INFO: Run Behavior\ShowPageTraceBehavior [ RunTime:0.001674s ]
INFO: [ app_end ] --END-- [ RunTime:0.001883s ]

[ 2017-02-20T11:50:08+08:00 ] ::1 /MyBlog/Admin/System/node.html
INFO: [ app_init ] --START--
INFO: Run Behavior\BuildLiteBehavior [ RunTime:0.000010s ]
INFO: [ app_init ] --END-- [ RunTime:0.000281s ]
INFO: [ app_begin ] --START--
INFO: Run Behavior\ReadHtmlCacheBehavior [ RunTime:0.000358s ]
INFO: [ app_begin ] --END-- [ RunTime:0.000400s ]
NOTIC: [8] Undefined index: menu_list D:\www\MyBlog\App\Admin\Controller\CommonController.class.php 第 81 行.
NOTIC: [2] Invalid argument supplied for foreach() D:\www\MyBlog\App\Admin\Controller\CommonController.class.php 第 81 行.
SQL: SHOW COLUMNS FROM `myblog_node` [ RunTime:0.0008s ]
SQL: SELECT * FROM `myblog_node` WHERE `menuflag` = 1  [ RunTime:0.0007s ]
SQL: SHOW COLUMNS FROM `myblog_node` [ RunTime:0.0009s ]
SQL: SELECT `id`,`title`,`gt`,`ct`,`at`,`pid` FROM `myblog_node`  [ RunTime:0.0005s ]
INFO: [ view_parse ] --START--
INFO: [ template_filter ] --START--
INFO: Run Behavior\ContentReplaceBehavior [ RunTime:0.000092s ]
INFO: [ template_filter ] --END-- [ RunTime:0.000134s ]
NOTIC: [8] Undefined variable: Os D:\www\MyBlog\App\Runtime\Cache\Admin\04c20130a76508dc1e1f53909278cbb5.php 第 153 行.
INFO: Run Behavior\ParseTemplateBehavior [ RunTime:0.023611s ]
INFO: [ view_parse ] --END-- [ RunTime:0.023672s ]
INFO: [ view_filter ] --START--
INFO: Run Behavior\WriteHtmlCacheBehavior [ RunTime:0.000222s ]
INFO: [ view_filter ] --END-- [ RunTime:0.000257s ]
INFO: [ app_end ] --START--
INFO: Run Behavior\ShowPageTraceBehavior [ RunTime:0.000443s ]
INFO: [ app_end ] --END-- [ RunTime:0.000487s ]

[ 2017-02-20T11:50:09+08:00 ] ::1 /MyBlog/Admin/System/user.html
INFO: [ app_init ] --START--
INFO: Run Behavior\BuildLiteBehavior [ RunTime:0.000011s ]
INFO: [ app_init ] --END-- [ RunTime:0.000290s ]
INFO: [ app_begin ] --START--
INFO: Run Behavior\ReadHtmlCacheBehavior [ RunTime:0.000354s ]
INFO: [ app_begin ] --END-- [ RunTime:0.000396s ]
NOTIC: [8] Undefined index: menu_list D:\www\MyBlog\App\Admin\Controller\CommonController.class.php 第 81 行.
NOTIC: [2] Invalid argument supplied for foreach() D:\www\MyBlog\App\Admin\Controller\CommonController.class.php 第 81 行.
SQL: SHOW COLUMNS FROM `myblog_node` [ RunTime:0.0012s ]
SQL: SELECT * FROM `myblog_node` WHERE `menuflag` = 1  [ RunTime:0.0006s ]
SQL: SHOW COLUMNS FROM `myblog_user` [ RunTime:0.0023s ]
SQL: SHOW COLUMNS FROM `myblog_role` [ RunTime:0.0008s ]
SQL: SELECT COUNT(*) AS tp_count FROM `myblog_user` LIMIT 1   [ RunTime:0.0002s ]
SQL: SELECT * FROM `myblog_user` ORDER BY id desc LIMIT 0,10   [ RunTime:0.0004s ]
SQL: SELECT * FROM `myblog_role`  [ RunTime:0.0003s ]
INFO: [ view_parse ] --START--
INFO: [ template_filter ] --START--
INFO: Run Behavior\ContentReplaceBehavior [ RunTime:0.000095s ]
INFO: [ template_filter ] --END-- [ RunTime:0.000135s ]
NOTIC: [8] Undefined variable: Os D:\www\MyBlog\App\Runtime\Cache\Admin\e6ebfbe50ff11fcc9e1d5236f5b98164.php 第 149 行.
INFO: Run Behavior\ParseTemplateBehavior [ RunTime:0.025307s ]
INFO: [ view_parse ] --END-- [ RunTime:0.025355s ]
INFO: [ view_filter ] --START--
INFO: Run Behavior\WriteHtmlCacheBehavior [ RunTime:0.000222s ]
INFO: [ view_filter ] --END-- [ RunTime:0.000252s ]
INFO: [ app_end ] --START--
INFO: Run Behavior\ShowPageTraceBehavior [ RunTime:0.000481s ]
INFO: [ app_end ] --END-- [ RunTime:0.000525s ]

[ 2017-02-20T11:50:11+08:00 ] ::1 /MyBlog/Admin/System/role.html
INFO: [ app_init ] --START--
INFO: Run Behavior\BuildLiteBehavior [ RunTime:0.000024s ]
INFO: [ app_init ] --END-- [ RunTime:0.000472s ]
INFO: [ app_begin ] --START--
INFO: Run Behavior\ReadHtmlCacheBehavior [ RunTime:0.000446s ]
INFO: [ app_begin ] --END-- [ RunTime:0.000504s ]
NOTIC: [8] Undefined index: menu_list D:\www\MyBlog\App\Admin\Controller\CommonController.class.php 第 81 行.
NOTIC: [2] Invalid argument supplied for foreach() D:\www\MyBlog\App\Admin\Controller\CommonController.class.php 第 81 行.
SQL: SHOW COLUMNS FROM `myblog_node` [ RunTime:0.0007s ]
SQL: SELECT * FROM `myblog_node` WHERE `menuflag` = 1  [ RunTime:0.0007s ]
SQL: SHOW COLUMNS FROM `myblog_role` [ RunTime:0.0008s ]
SQL: SELECT COUNT(*) AS tp_count FROM `myblog_role` LIMIT 1   [ RunTime:0.0002s ]
SQL: SELECT * FROM `myblog_role` ORDER BY id desc LIMIT 0,10   [ RunTime:0.0005s ]
INFO: [ view_parse ] --START--
INFO: [ template_filter ] --START--
INFO: Run Behavior\ContentReplaceBehavior [ RunTime:0.000096s ]
INFO: [ template_filter ] --END-- [ RunTime:0.000140s ]
NOTIC: [8] Undefined variable: Os D:\www\MyBlog\App\Runtime\Cache\Admin\48fad9e24618a659080a574d86172b31.php 第 149 行.
INFO: Run Behavior\ParseTemplateBehavior [ RunTime:0.045602s ]
INFO: [ view_parse ] --END-- [ RunTime:0.045689s ]
INFO: [ view_filter ] --START--
INFO: Run Behavior\WriteHtmlCacheBehavior [ RunTime:0.000324s ]
INFO: [ view_filter ] --END-- [ RunTime:0.000379s ]
INFO: [ app_end ] --START--
INFO: Run Behavior\ShowPageTraceBehavior [ RunTime:0.000744s ]
INFO: [ app_end ] --END-- [ RunTime:0.000829s ]

[ 2017-02-20T11:50:13+08:00 ] ::1 /MyBlog/Admin/Article/index.html
INFO: [ app_init ] --START--
INFO: Run Behavior\BuildLiteBehavior [ RunTime:0.000010s ]
INFO: [ app_init ] --END-- [ RunTime:0.000285s ]
INFO: [ app_begin ] --START--
INFO: Run Behavior\ReadHtmlCacheBehavior [ RunTime:0.000400s ]
INFO: [ app_begin ] --END-- [ RunTime:0.000444s ]
NOTIC: [8] Undefined index: menu_list D:\www\MyBlog\App\Admin\Controller\CommonController.class.php 第 81 行.
NOTIC: [2] Invalid argument supplied for foreach() D:\www\MyBlog\App\Admin\Controller\CommonController.class.php 第 81 行.
SQL: SHOW COLUMNS FROM `myblog_node` [ RunTime:0.0006s ]
SQL: SELECT * FROM `myblog_node` WHERE `menuflag` = 1  [ RunTime:0.0005s ]
SQL: SHOW COLUMNS FROM `myblog_article` [ RunTime:0.0008s ]
SQL: SHOW COLUMNS FROM `myblog_article_cate` [ RunTime:0.0019s ]
SQL: SELECT COUNT(*) AS tp_count FROM `myblog_article` LIMIT 1   [ RunTime:0.0005s ]
SQL: SELECT * FROM `myblog_article` ORDER BY create_time desc LIMIT 10   [ RunTime:0.0005s ]
SQL: SELECT * FROM `myblog_article_cate`  [ RunTime:0.0003s ]
INFO: [ view_parse ] --START--
INFO: [ template_filter ] --START--
INFO: Run Behavior\ContentReplaceBehavior [ RunTime:0.000107s ]
INFO: [ template_filter ] --END-- [ RunTime:0.000152s ]
NOTIC: [8] Undefined variable: Os D:\www\MyBlog\App\Runtime\Cache\Admin\ac492b5605bffa8cac27c5e0dc599b32.php 第 149 行.
INFO: Run Behavior\ParseTemplateBehavior [ RunTime:0.018912s ]
INFO: [ view_parse ] --END-- [ RunTime:0.018958s ]
INFO: [ view_filter ] --START--
INFO: Run Behavior\WriteHtmlCacheBehavior [ RunTime:0.000205s ]
INFO: [ view_filter ] --END-- [ RunTime:0.000235s ]
INFO: [ app_end ] --START--
INFO: Run Behavior\ShowPageTraceBehavior [ RunTime:0.000418s ]
INFO: [ app_end ] --END-- [ RunTime:0.000460s ]

[ 2017-02-20T11:50:16+08:00 ] ::1 /MyBlog/Admin/Article/indextype.html
INFO: [ app_init ] --START--
INFO: Run Behavior\BuildLiteBehavior [ RunTime:0.000010s ]
INFO: [ app_init ] --END-- [ RunTime:0.000281s ]
INFO: [ app_begin ] --START--
INFO: Run Behavior\ReadHtmlCacheBehavior [ RunTime:0.000358s ]
INFO: [ app_begin ] --END-- [ RunTime:0.000401s ]
NOTIC: [8] Undefined index: menu_list D:\www\MyBlog\App\Admin\Controller\CommonController.class.php 第 81 行.
NOTIC: [2] Invalid argument supplied for foreach() D:\www\MyBlog\App\Admin\Controller\CommonController.class.php 第 81 行.
SQL: SHOW COLUMNS FROM `myblog_node` [ RunTime:0.0007s ]
SQL: SELECT * FROM `myblog_node` WHERE `menuflag` = 1  [ RunTime:0.0005s ]
SQL: SHOW COLUMNS FROM `myblog_article_cate` [ RunTime:0.0007s ]
SQL: SELECT COUNT(*) AS tp_count FROM `myblog_article_cate` LIMIT 1   [ RunTime:0.0002s ]
SQL: SELECT * FROM `myblog_article_cate` LIMIT 0,10   [ RunTime:0.0003s ]
INFO: [ view_parse ] --START--
INFO: [ template_filter ] --START--
INFO: Run Behavior\ContentReplaceBehavior [ RunTime:0.000095s ]
INFO: [ template_filter ] --END-- [ RunTime:0.000134s ]
NOTIC: [8] Undefined variable: Os D:\www\MyBlog\App\Runtime\Cache\Admin\9ddbdc19835b9f047a52a43d27ae1923.php 第 149 行.
INFO: Run Behavior\ParseTemplateBehavior [ RunTime:0.021677s ]
INFO: [ view_parse ] --END-- [ RunTime:0.021723s ]
INFO: [ view_filter ] --START--
INFO: Run Behavior\WriteHtmlCacheBehavior [ RunTime:0.000203s ]
INFO: [ view_filter ] --END-- [ RunTime:0.000231s ]
INFO: [ app_end ] --START--
INFO: Run Behavior\ShowPageTraceBehavior [ RunTime:0.000669s ]
INFO: [ app_end ] --END-- [ RunTime:0.000721s ]

[ 2017-02-20T11:50:20+08:00 ] ::1 /MyBlog/Admin/Liuyan/index.html
INFO: [ app_init ] --START--
INFO: Run Behavior\BuildLiteBehavior [ RunTime:0.000011s ]
INFO: [ app_init ] --END-- [ RunTime:0.000338s ]
INFO: [ app_begin ] --START--
INFO: Run Behavior\ReadHtmlCacheBehavior [ RunTime:0.000352s ]
INFO: [ app_begin ] --END-- [ RunTime:0.000395s ]
NOTIC: [8] Undefined index: menu_list D:\www\MyBlog\App\Admin\Controller\CommonController.class.php 第 81 行.
NOTIC: [2] Invalid argument supplied for foreach() D:\www\MyBlog\App\Admin\Controller\CommonController.class.php 第 81 行.
SQL: SHOW COLUMNS FROM `myblog_node` [ RunTime:0.0007s ]
SQL: SELECT * FROM `myblog_node` WHERE `menuflag` = 1  [ RunTime:0.0004s ]
SQL: SHOW COLUMNS FROM `myblog_liuyan` [ RunTime:0.0021s ]
SQL: SELECT COUNT(*) AS tp_count FROM `myblog_liuyan` LIMIT 1   [ RunTime:0.0003s ]
SQL: SELECT * FROM `myblog_liuyan` ORDER BY ly_time desc LIMIT 0,10   [ RunTime:0.0004s ]
INFO: [ view_parse ] --START--
INFO: [ template_filter ] --START--
INFO: Run Behavior\ContentReplaceBehavior [ RunTime:0.000101s ]
INFO: [ template_filter ] --END-- [ RunTime:0.000144s ]
NOTIC: [8] Undefined variable: Os D:\www\MyBlog\App\Runtime\Cache\Admin\685d5098d176ea357592d6a5719ce703.php 第 149 行.
INFO: Run Behavior\ParseTemplateBehavior [ RunTime:0.016945s ]
INFO: [ view_parse ] --END-- [ RunTime:0.016989s ]
INFO: [ view_filter ] --START--
INFO: Run Behavior\WriteHtmlCacheBehavior [ RunTime:0.000207s ]
INFO: [ view_filter ] --END-- [ RunTime:0.000236s ]
INFO: [ app_end ] --START--
INFO: Run Behavior\ShowPageTraceBehavior [ RunTime:0.000451s ]
INFO: [ app_end ] --END-- [ RunTime:0.000496s ]

[ 2017-02-20T11:50:22+08:00 ] ::1 /MyBlog/Admin/Site/index.html
INFO: [ app_init ] --START--
INFO: Run Behavior\BuildLiteBehavior [ RunTime:0.000011s ]
INFO: [ app_init ] --END-- [ RunTime:0.000310s ]
INFO: [ app_begin ] --START--
INFO: Run Behavior\ReadHtmlCacheBehavior [ RunTime:0.000353s ]
INFO: [ app_begin ] --END-- [ RunTime:0.000394s ]
NOTIC: [8] Undefined index: menu_list D:\www\MyBlog\App\Admin\Controller\CommonController.class.php 第 81 行.
NOTIC: [2] Invalid argument supplied for foreach() D:\www\MyBlog\App\Admin\Controller\CommonController.class.php 第 81 行.
SQL: SHOW COLUMNS FROM `myblog_node` [ RunTime:0.0017s ]
SQL: SELECT * FROM `myblog_node` WHERE `menuflag` = 1  [ RunTime:0.0011s ]
INFO: [ view_parse ] --START--
INFO: [ template_filter ] --START--
INFO: Run Behavior\ContentReplaceBehavior [ RunTime:0.000293s ]
INFO: [ template_filter ] --END-- [ RunTime:0.000447s ]
NOTIC: [8] Undefined variable: Os D:\www\MyBlog\App\Runtime\Cache\Admin\09f7be7ed786ea302e629d96d0043604.php 第 147 行.
INFO: Run Behavior\ParseTemplateBehavior [ RunTime:0.033877s ]
INFO: [ view_parse ] --END-- [ RunTime:0.033995s ]
INFO: [ view_filter ] --START--
INFO: Run Behavior\WriteHtmlCacheBehavior [ RunTime:0.000830s ]
INFO: [ view_filter ] --END-- [ RunTime:0.001012s ]
INFO: [ app_end ] --START--
INFO: Run Behavior\ShowPageTraceBehavior [ RunTime:0.001714s ]
INFO: [ app_end ] --END-- [ RunTime:0.001843s ]

[ 2017-02-20T11:50:24+08:00 ] ::1 /MyBlog/Admin/Links/index.html
INFO: [ app_init ] --START--
INFO: Run Behavior\BuildLiteBehavior [ RunTime:0.000011s ]
INFO: [ app_init ] --END-- [ RunTime:0.000315s ]
INFO: [ app_begin ] --START--
INFO: Run Behavior\ReadHtmlCacheBehavior [ RunTime:0.000427s ]
INFO: [ app_begin ] --END-- [ RunTime:0.000476s ]
NOTIC: [8] Undefined index: menu_list D:\www\MyBlog\App\Admin\Controller\CommonController.class.php 第 81 行.
NOTIC: [2] Invalid argument supplied for foreach() D:\www\MyBlog\App\Admin\Controller\CommonController.class.php 第 81 行.
SQL: SHOW COLUMNS FROM `myblog_node` [ RunTime:0.0008s ]
SQL: SELECT * FROM `myblog_node` WHERE `menuflag` = 1  [ RunTime:0.0005s ]
SQL: SHOW COLUMNS FROM `myblog_links` [ RunTime:0.0025s ]
SQL: SELECT COUNT(*) AS tp_count FROM `myblog_links` LIMIT 1   [ RunTime:0.0003s ]
SQL: SELECT * FROM `myblog_links` ORDER BY id desc LIMIT 0,10   [ RunTime:0.0003s ]
INFO: [ view_parse ] --START--
INFO: [ template_filter ] --START--
INFO: Run Behavior\ContentReplaceBehavior [ RunTime:0.000111s ]
INFO: [ template_filter ] --END-- [ RunTime:0.000156s ]
NOTIC: [8] Undefined variable: Os D:\www\MyBlog\App\Runtime\Cache\Admin\e7749917abb40bbd19ce11bc1ac1131b.php 第 149 行.
NOTIC: [8] Undefined index: orderby D:\www\MyBlog\App\Runtime\Cache\Admin\e7749917abb40bbd19ce11bc1ac1131b.php 第 228 行.
NOTIC: [8] Undefined index: orderby D:\www\MyBlog\App\Runtime\Cache\Admin\e7749917abb40bbd19ce11bc1ac1131b.php 第 228 行.
INFO: Run Behavior\ParseTemplateBehavior [ RunTime:0.025831s ]
INFO: [ view_parse ] --END-- [ RunTime:0.025883s ]
INFO: [ view_filter ] --START--
INFO: Run Behavior\WriteHtmlCacheBehavior [ RunTime:0.000244s ]
INFO: [ view_filter ] --END-- [ RunTime:0.000274s ]
INFO: [ app_end ] --START--
INFO: Run Behavior\ShowPageTraceBehavior [ RunTime:0.000550s ]
INFO: [ app_end ] --END-- [ RunTime:0.000596s ]

[ 2017-02-20T11:50:28+08:00 ] ::1 /MyBlog/Admin/Article/index.html
INFO: [ app_init ] --START--
INFO: Run Behavior\BuildLiteBehavior [ RunTime:0.000011s ]
INFO: [ app_init ] --END-- [ RunTime:0.000286s ]
INFO: [ app_begin ] --START--
INFO: Run Behavior\ReadHtmlCacheBehavior [ RunTime:0.000353s ]
INFO: [ app_begin ] --END-- [ RunTime:0.000394s ]
NOTIC: [8] Undefined index: menu_list D:\www\MyBlog\App\Admin\Controller\CommonController.class.php 第 81 行.
NOTIC: [2] Invalid argument supplied for foreach() D:\www\MyBlog\App\Admin\Controller\CommonController.class.php 第 81 行.
SQL: SHOW COLUMNS FROM `myblog_node` [ RunTime:0.0009s ]
SQL: SELECT * FROM `myblog_node` WHERE `menuflag` = 1  [ RunTime:0.0006s ]
SQL: SHOW COLUMNS FROM `myblog_article` [ RunTime:0.0007s ]
SQL: SHOW COLUMNS FROM `myblog_article_cate` [ RunTime:0.0008s ]
SQL: SELECT COUNT(*) AS tp_count FROM `myblog_article` LIMIT 1   [ RunTime:0.0004s ]
SQL: SELECT * FROM `myblog_article` ORDER BY create_time desc LIMIT 10   [ RunTime:0.0009s ]
SQL: SELECT * FROM `myblog_article_cate`  [ RunTime:0.0002s ]
INFO: [ view_parse ] --START--
INFO: [ template_filter ] --START--
INFO: Run Behavior\ContentReplaceBehavior [ RunTime:0.000107s ]
INFO: [ template_filter ] --END-- [ RunTime:0.000152s ]
NOTIC: [8] Undefined variable: Os D:\www\MyBlog\App\Runtime\Cache\Admin\ac492b5605bffa8cac27c5e0dc599b32.php 第 149 行.
INFO: Run Behavior\ParseTemplateBehavior [ RunTime:0.014290s ]
INFO: [ view_parse ] --END-- [ RunTime:0.014334s ]
INFO: [ view_filter ] --START--
INFO: Run Behavior\WriteHtmlCacheBehavior [ RunTime:0.000222s ]
INFO: [ view_filter ] --END-- [ RunTime:0.000254s ]
INFO: [ app_end ] --START--
INFO: Run Behavior\ShowPageTraceBehavior [ RunTime:0.000512s ]
INFO: [ app_end ] --END-- [ RunTime:0.000559s ]

[ 2017-02-20T11:50:31+08:00 ] ::1 /MyBlog/Admin/Article/add.html
INFO: [ app_init ] --START--
INFO: Run Behavior\BuildLiteBehavior [ RunTime:0.000011s ]
INFO: [ app_init ] --END-- [ RunTime:0.000283s ]
INFO: [ app_begin ] --START--
INFO: Run Behavior\ReadHtmlCacheBehavior [ RunTime:0.000504s ]
INFO: [ app_begin ] --END-- [ RunTime:0.000574s ]
NOTIC: [8] Undefined index: menu_list D:\www\MyBlog\App\Admin\Controller\CommonController.class.php 第 81 行.
NOTIC: [2] Invalid argument supplied for foreach() D:\www\MyBlog\App\Admin\Controller\CommonController.class.php 第 81 行.
SQL: SHOW COLUMNS FROM `myblog_node` [ RunTime:0.0007s ]
SQL: SELECT * FROM `myblog_node` WHERE `menuflag` = 1  [ RunTime:0.0004s ]
SQL: SHOW COLUMNS FROM `myblog_article_cate` [ RunTime:0.0005s ]
SQL: SELECT * FROM `myblog_article_cate`  [ RunTime:0.0003s ]
INFO: [ view_parse ] --START--
INFO: [ template_filter ] --START--
INFO: Run Behavior\ContentReplaceBehavior [ RunTime:0.000115s ]
INFO: [ template_filter ] --END-- [ RunTime:0.000155s ]
NOTIC: [8] Undefined variable: Os D:\www\MyBlog\App\Runtime\Cache\Admin\e669bccb9b48de10321c04949ff8667c.php 第 151 行.
NOTIC: [8] Undefined variable: detail D:\www\MyBlog\App\Runtime\Cache\Admin\e669bccb9b48de10321c04949ff8667c.php 第 238 行.
NOTIC: [8] Undefined variable: nowtime D:\www\MyBlog\App\Runtime\Cache\Admin\e669bccb9b48de10321c04949ff8667c.php 第 347 行.
INFO: Run Behavior\ParseTemplateBehavior [ RunTime:0.014026s ]
INFO: [ view_parse ] --END-- [ RunTime:0.014071s ]
INFO: [ view_filter ] --START--
INFO: Run Behavior\WriteHtmlCacheBehavior [ RunTime:0.000221s ]
INFO: [ view_filter ] --END-- [ RunTime:0.000251s ]
INFO: [ app_end ] --START--
INFO: Run Behavior\ShowPageTraceBehavior [ RunTime:0.000446s ]
INFO: [ app_end ] --END-- [ RunTime:0.000491s ]

[ 2017-02-20T11:50:31+08:00 ] ::1 /MyBlog/Admin/Article/
INFO: [ app_init ] --START--
INFO: Run Behavior\BuildLiteBehavior [ RunTime:0.000026s ]
INFO: [ app_init ] --END-- [ RunTime:0.000785s ]
INFO: [ app_begin ] --START--
INFO: Run Behavior\ReadHtmlCacheBehavior [ RunTime:0.001006s ]
INFO: [ app_begin ] --END-- [ RunTime:0.001155s ]
NOTIC: [8] Undefined index: menu_list D:\www\MyBlog\App\Admin\Controller\CommonController.class.php 第 81 行.
NOTIC: [2] Invalid argument supplied for foreach() D:\www\MyBlog\App\Admin\Controller\CommonController.class.php 第 81 行.
SQL: SHOW COLUMNS FROM `myblog_node` [ RunTime:0.0007s ]
SQL: SELECT * FROM `myblog_node` WHERE `menuflag` = 1  [ RunTime:0.0005s ]
SQL: SHOW COLUMNS FROM `myblog_article` [ RunTime:0.0009s ]
SQL: SHOW COLUMNS FROM `myblog_article_cate` [ RunTime:0.0006s ]
SQL: SELECT COUNT(*) AS tp_count FROM `myblog_article` LIMIT 1   [ RunTime:0.0002s ]
SQL: SELECT * FROM `myblog_article` ORDER BY create_time desc LIMIT 10   [ RunTime:0.0004s ]
SQL: SELECT * FROM `myblog_article_cate`  [ RunTime:0.0002s ]
INFO: [ view_parse ] --START--
INFO: [ template_filter ] --START--
INFO: Run Behavior\ContentReplaceBehavior [ RunTime:0.000183s ]
INFO: [ template_filter ] --END-- [ RunTime:0.000250s ]
NOTIC: [8] Undefined variable: Os D:\www\MyBlog\App\Runtime\Cache\Admin\ac492b5605bffa8cac27c5e0dc599b32.php 第 149 行.
INFO: Run Behavior\ParseTemplateBehavior [ RunTime:0.025645s ]
INFO: [ view_parse ] --END-- [ RunTime:0.025731s ]
INFO: [ view_filter ] --START--
INFO: Run Behavior\WriteHtmlCacheBehavior [ RunTime:0.000599s ]
INFO: [ view_filter ] --END-- [ RunTime:0.000714s ]
INFO: [ app_end ] --START--
INFO: Run Behavior\ShowPageTraceBehavior [ RunTime:0.001327s ]
INFO: [ app_end ] --END-- [ RunTime:0.001445s ]

