[ 2017-03-03T14:10:25+08:00 ] ::1 /MyBlog/Admin/Login/index.html
INFO: [ app_init ] --START--
INFO: Run Behavior\BuildLiteBehavior [ RunTime:0.000023s ]
INFO: [ app_init ] --END-- [ RunTime:0.005461s ]
INFO: [ app_begin ] --START--
INFO: Run Behavior\ReadHtmlCacheBehavior [ RunTime:0.014692s ]
INFO: [ app_begin ] --END-- [ RunTime:0.014805s ]
INFO: [ view_parse ] --START--
INFO: [ template_filter ] --START--
INFO: Run Behavior\ContentReplaceBehavior [ RunTime:0.000329s ]
INFO: [ template_filter ] --END-- [ RunTime:0.000593s ]
INFO: Run Behavior\ParseTemplateBehavior [ RunTime:0.111115s ]
INFO: [ view_parse ] --END-- [ RunTime:0.111241s ]
INFO: [ view_filter ] --START--
INFO: Run Behavior\WriteHtmlCacheBehavior [ RunTime:0.020166s ]
INFO: [ view_filter ] --END-- [ RunTime:0.020403s ]
INFO: [ app_end ] --START--
INFO: Run Behavior\ShowPageTraceBehavior [ RunTime:0.008730s ]
INFO: [ app_end ] --END-- [ RunTime:0.008941s ]

[ 2017-03-03T14:10:32+08:00 ] ::1 /MyBlog/Admin/Login/login
INFO: [ app_init ] --START--
INFO: Run Behavior\BuildLiteBehavior [ RunTime:0.000020s ]
INFO: [ app_init ] --END-- [ RunTime:0.000730s ]
INFO: [ app_begin ] --START--
INFO: Run Behavior\ReadHtmlCacheBehavior [ RunTime:0.000956s ]
INFO: [ app_begin ] --END-- [ RunTime:0.001023s ]
SQL: SHOW COLUMNS FROM `myblog_user` [ RunTime:0.0300s ]
SQL: SELECT * FROM `myblog_user` WHERE `username` = 'admin' AND `status` = 1 LIMIT 1   [ RunTime:0.0016s ]
SQL: UPDATE `myblog_user` SET `last_loginip`='0.0.0.0',`last_logintime`='1488521432' WHERE `id` = 1 [ RunTime:0.0667s ]

[ 2017-03-03T14:10:33+08:00 ] ::1 /MyBlog/Admin/Index/index.html
INFO: [ app_init ] --START--
INFO: Run Behavior\BuildLiteBehavior [ RunTime:0.000021s ]
INFO: [ app_init ] --END-- [ RunTime:0.000672s ]
INFO: [ app_begin ] --START--
INFO: Run Behavior\ReadHtmlCacheBehavior [ RunTime:0.001450s ]
INFO: [ app_begin ] --END-- [ RunTime:0.001566s ]
NOTIC: [8] Undefined index: menu_list D:\www\MyBlog\App\Admin\Controller\CommonController.class.php 第 81 行.
NOTIC: [2] Invalid argument supplied for foreach() D:\www\MyBlog\App\Admin\Controller\CommonController.class.php 第 81 行.
SQL: SHOW COLUMNS FROM `myblog_node` [ RunTime:0.0296s ]
SQL: SELECT * FROM `myblog_node` WHERE `menuflag` = 1  [ RunTime:0.0088s ]
INFO: [ view_parse ] --START--
INFO: [ template_filter ] --START--
INFO: Run Behavior\ContentReplaceBehavior [ RunTime:0.000428s ]
INFO: [ template_filter ] --END-- [ RunTime:0.000568s ]
NOTIC: [8] Undefined variable: Os D:\www\MyBlog\App\Runtime\Cache\Admin\9df924d9a2d217daa77a359c5bee0c33.php 第 111 行.
INFO: Run Behavior\ParseTemplateBehavior [ RunTime:0.138992s ]
INFO: [ view_parse ] --END-- [ RunTime:0.139121s ]
INFO: [ view_filter ] --START--
INFO: Run Behavior\WriteHtmlCacheBehavior [ RunTime:0.002773s ]
INFO: [ view_filter ] --END-- [ RunTime:0.002899s ]
INFO: [ app_end ] --START--
INFO: Run Behavior\ShowPageTraceBehavior [ RunTime:0.006671s ]
INFO: [ app_end ] --END-- [ RunTime:0.007617s ]

[ 2017-03-03T14:10:36+08:00 ] ::1 /MyBlog/Admin/System/role.html
INFO: [ app_init ] --START--
INFO: Run Behavior\BuildLiteBehavior [ RunTime:0.000010s ]
INFO: [ app_init ] --END-- [ RunTime:0.000320s ]
INFO: [ app_begin ] --START--
INFO: Run Behavior\ReadHtmlCacheBehavior [ RunTime:0.000766s ]
INFO: [ app_begin ] --END-- [ RunTime:0.000821s ]
NOTIC: [8] Undefined index: menu_list D:\www\MyBlog\App\Admin\Controller\CommonController.class.php 第 81 行.
NOTIC: [2] Invalid argument supplied for foreach() D:\www\MyBlog\App\Admin\Controller\CommonController.class.php 第 81 行.
SQL: SHOW COLUMNS FROM `myblog_node` [ RunTime:0.0011s ]
SQL: SELECT * FROM `myblog_node` WHERE `menuflag` = 1  [ RunTime:0.0005s ]
SQL: SHOW COLUMNS FROM `myblog_role` [ RunTime:0.0334s ]
SQL: SELECT COUNT(*) AS tp_count FROM `myblog_role` LIMIT 1   [ RunTime:0.0007s ]
SQL: SELECT * FROM `myblog_role` ORDER BY id desc LIMIT 0,10   [ RunTime:0.0010s ]
INFO: [ view_parse ] --START--
INFO: [ template_filter ] --START--
INFO: Run Behavior\ContentReplaceBehavior [ RunTime:0.000292s ]
INFO: [ template_filter ] --END-- [ RunTime:0.000419s ]
NOTIC: [8] Undefined variable: Os D:\www\MyBlog\App\Runtime\Cache\Admin\48fad9e24618a659080a574d86172b31.php 第 149 行.
INFO: Run Behavior\ParseTemplateBehavior [ RunTime:0.067488s ]
INFO: [ view_parse ] --END-- [ RunTime:0.067667s ]
INFO: [ view_filter ] --START--
INFO: Run Behavior\WriteHtmlCacheBehavior [ RunTime:0.002535s ]
INFO: [ view_filter ] --END-- [ RunTime:0.002686s ]
INFO: [ app_end ] --START--
INFO: Run Behavior\ShowPageTraceBehavior [ RunTime:0.003610s ]
INFO: [ app_end ] --END-- [ RunTime:0.003753s ]

[ 2017-03-03T14:10:40+08:00 ] ::1 /MyBlog/Admin/System/user.html
INFO: [ app_init ] --START--
INFO: Run Behavior\BuildLiteBehavior [ RunTime:0.000016s ]
INFO: [ app_init ] --END-- [ RunTime:0.000546s ]
INFO: [ app_begin ] --START--
INFO: Run Behavior\ReadHtmlCacheBehavior [ RunTime:0.000693s ]
INFO: [ app_begin ] --END-- [ RunTime:0.000744s ]
NOTIC: [8] Undefined index: menu_list D:\www\MyBlog\App\Admin\Controller\CommonController.class.php 第 81 行.
NOTIC: [2] Invalid argument supplied for foreach() D:\www\MyBlog\App\Admin\Controller\CommonController.class.php 第 81 行.
SQL: SHOW COLUMNS FROM `myblog_node` [ RunTime:0.0010s ]
SQL: SELECT * FROM `myblog_node` WHERE `menuflag` = 1  [ RunTime:0.0004s ]
SQL: SHOW COLUMNS FROM `myblog_user` [ RunTime:0.0020s ]
SQL: SHOW COLUMNS FROM `myblog_role` [ RunTime:0.0010s ]
SQL: SELECT COUNT(*) AS tp_count FROM `myblog_user` LIMIT 1   [ RunTime:0.0002s ]
SQL: SELECT * FROM `myblog_user` ORDER BY id desc LIMIT 0,10   [ RunTime:0.0004s ]
SQL: SELECT * FROM `myblog_role`  [ RunTime:0.0003s ]
INFO: [ view_parse ] --START--
INFO: [ template_filter ] --START--
INFO: Run Behavior\ContentReplaceBehavior [ RunTime:0.000096s ]
INFO: [ template_filter ] --END-- [ RunTime:0.000149s ]
NOTIC: [8] Undefined variable: Os D:\www\MyBlog\App\Runtime\Cache\Admin\e6ebfbe50ff11fcc9e1d5236f5b98164.php 第 149 行.
INFO: Run Behavior\ParseTemplateBehavior [ RunTime:0.023762s ]
INFO: [ view_parse ] --END-- [ RunTime:0.023841s ]
INFO: [ view_filter ] --START--
INFO: Run Behavior\WriteHtmlCacheBehavior [ RunTime:0.000658s ]
INFO: [ view_filter ] --END-- [ RunTime:0.000712s ]
INFO: [ app_end ] --START--
INFO: Run Behavior\ShowPageTraceBehavior [ RunTime:0.000851s ]
INFO: [ app_end ] --END-- [ RunTime:0.000901s ]

[ 2017-03-03T14:13:47+08:00 ] ::1 /MyBlog/Admin/System/role.html
INFO: [ app_init ] --START--
INFO: Run Behavior\BuildLiteBehavior [ RunTime:0.000017s ]
INFO: [ app_init ] --END-- [ RunTime:0.000454s ]
INFO: [ app_begin ] --START--
INFO: Run Behavior\ReadHtmlCacheBehavior [ RunTime:0.001425s ]
INFO: [ app_begin ] --END-- [ RunTime:0.001529s ]
NOTIC: [8] Undefined index: menu_list D:\www\MyBlog\App\Admin\Controller\CommonController.class.php 第 81 行.
NOTIC: [2] Invalid argument supplied for foreach() D:\www\MyBlog\App\Admin\Controller\CommonController.class.php 第 81 行.
SQL: SHOW COLUMNS FROM `myblog_node` [ RunTime:0.0020s ]
SQL: SELECT * FROM `myblog_node` WHERE `menuflag` = 1  [ RunTime:0.0009s ]
SQL: SHOW COLUMNS FROM `myblog_role` [ RunTime:0.0017s ]
SQL: SELECT COUNT(*) AS tp_count FROM `myblog_role` LIMIT 1   [ RunTime:0.0007s ]
SQL: SELECT * FROM `myblog_role` ORDER BY id desc LIMIT 0,10   [ RunTime:0.0020s ]
INFO: [ view_parse ] --START--
INFO: [ template_filter ] --START--
INFO: Run Behavior\ContentReplaceBehavior [ RunTime:0.000153s ]
INFO: [ template_filter ] --END-- [ RunTime:0.000230s ]
NOTIC: [8] Undefined variable: Os D:\www\MyBlog\App\Runtime\Cache\Admin\48fad9e24618a659080a574d86172b31.php 第 149 行.
INFO: Run Behavior\ParseTemplateBehavior [ RunTime:0.022664s ]
INFO: [ view_parse ] --END-- [ RunTime:0.022748s ]
INFO: [ view_filter ] --START--
INFO: Run Behavior\WriteHtmlCacheBehavior [ RunTime:0.000909s ]
INFO: [ view_filter ] --END-- [ RunTime:0.000967s ]
INFO: [ app_end ] --START--
INFO: Run Behavior\ShowPageTraceBehavior [ RunTime:0.001233s ]
INFO: [ app_end ] --END-- [ RunTime:0.001304s ]

