[ 2017-03-05T15:42:20+08:00 ] ::1 /MyBlog/Admin/Login/index.html
INFO: [ app_init ] --START--
INFO: Run Behavior\BuildLiteBehavior [ RunTime:0.000037s ]
INFO: [ app_init ] --END-- [ RunTime:0.006456s ]
INFO: [ app_begin ] --START--
INFO: Run Behavior\ReadHtmlCacheBehavior [ RunTime:0.003702s ]
INFO: [ app_begin ] --END-- [ RunTime:0.003790s ]
INFO: [ view_parse ] --START--
INFO: [ template_filter ] --START--
INFO: Run Behavior\ContentReplaceBehavior [ RunTime:0.000094s ]
INFO: [ template_filter ] --END-- [ RunTime:0.000166s ]
INFO: Run Behavior\ParseTemplateBehavior [ RunTime:0.081274s ]
INFO: [ view_parse ] --END-- [ RunTime:0.081337s ]
INFO: [ view_filter ] --START--
INFO: Run Behavior\WriteHtmlCacheBehavior [ RunTime:0.015918s ]
INFO: [ view_filter ] --END-- [ RunTime:0.015967s ]
INFO: [ app_end ] --START--
INFO: Run Behavior\ShowPageTraceBehavior [ RunTime:0.009620s ]
INFO: [ app_end ] --END-- [ RunTime:0.009707s ]

[ 2017-03-05T15:42:34+08:00 ] ::1 /MyBlog/Admin/Login/login
INFO: [ app_init ] --START--
INFO: Run Behavior\BuildLiteBehavior [ RunTime:0.000018s ]
INFO: [ app_init ] --END-- [ RunTime:0.000492s ]
INFO: [ app_begin ] --START--
INFO: Run Behavior\ReadHtmlCacheBehavior [ RunTime:0.000655s ]
INFO: [ app_begin ] --END-- [ RunTime:0.000703s ]
SQL: SHOW COLUMNS FROM `myblog_user` [ RunTime:0.0523s ]
SQL: SELECT * FROM `myblog_user` WHERE `username` = 'admin' AND `status` = 1 LIMIT 1   [ RunTime:0.0199s ]
SQL: UPDATE `myblog_user` SET `last_loginip`='0.0.0.0',`last_logintime`='1488699753' WHERE `id` = 1 [ RunTime:0.1332s ]

[ 2017-03-05T15:42:34+08:00 ] ::1 /MyBlog/Admin/Index/index.html
INFO: [ app_init ] --START--
INFO: Run Behavior\BuildLiteBehavior [ RunTime:0.000012s ]
INFO: [ app_init ] --END-- [ RunTime:0.000377s ]
INFO: [ app_begin ] --START--
INFO: Run Behavior\ReadHtmlCacheBehavior [ RunTime:0.000603s ]
INFO: [ app_begin ] --END-- [ RunTime:0.000650s ]
NOTIC: [8] Undefined index: menu_list D:\www\MyBlog\App\Admin\Controller\CommonController.class.php 第 81 行.
NOTIC: [2] Invalid argument supplied for foreach() D:\www\MyBlog\App\Admin\Controller\CommonController.class.php 第 81 行.
SQL: SHOW COLUMNS FROM `myblog_node` [ RunTime:0.0359s ]
SQL: SELECT * FROM `myblog_node` WHERE `menuflag` = 1  [ RunTime:0.0086s ]
INFO: [ view_parse ] --START--
INFO: [ template_filter ] --START--
INFO: Run Behavior\ContentReplaceBehavior [ RunTime:0.000122s ]
INFO: [ template_filter ] --END-- [ RunTime:0.000165s ]
NOTIC: [8] Undefined variable: Os D:\www\MyBlog\App\Runtime\Cache\Admin\9df924d9a2d217daa77a359c5bee0c33.php 第 111 行.
INFO: Run Behavior\ParseTemplateBehavior [ RunTime:0.087360s ]
INFO: [ view_parse ] --END-- [ RunTime:0.087409s ]
INFO: [ view_filter ] --START--
INFO: Run Behavior\WriteHtmlCacheBehavior [ RunTime:0.000505s ]
INFO: [ view_filter ] --END-- [ RunTime:0.000537s ]
INFO: [ app_end ] --START--
INFO: Run Behavior\ShowPageTraceBehavior [ RunTime:0.002079s ]
INFO: [ app_end ] --END-- [ RunTime:0.002156s ]

[ 2017-03-05T15:42:38+08:00 ] ::1 /MyBlog/Admin/System/user.html
INFO: [ app_init ] --START--
INFO: Run Behavior\BuildLiteBehavior [ RunTime:0.000012s ]
INFO: [ app_init ] --END-- [ RunTime:0.000400s ]
INFO: [ app_begin ] --START--
INFO: Run Behavior\ReadHtmlCacheBehavior [ RunTime:0.000608s ]
INFO: [ app_begin ] --END-- [ RunTime:0.000671s ]
NOTIC: [8] Undefined index: menu_list D:\www\MyBlog\App\Admin\Controller\CommonController.class.php 第 81 行.
NOTIC: [2] Invalid argument supplied for foreach() D:\www\MyBlog\App\Admin\Controller\CommonController.class.php 第 81 行.
SQL: SHOW COLUMNS FROM `myblog_node` [ RunTime:0.0014s ]
SQL: SELECT * FROM `myblog_node` WHERE `menuflag` = 1  [ RunTime:0.0007s ]
SQL: SHOW COLUMNS FROM `myblog_user` [ RunTime:0.0024s ]
SQL: SHOW COLUMNS FROM `myblog_role` [ RunTime:0.0735s ]
SQL: SELECT COUNT(*) AS tp_count FROM `myblog_user` LIMIT 1   [ RunTime:0.0198s ]
SQL: SELECT * FROM `myblog_user` ORDER BY id desc LIMIT 0,10   [ RunTime:0.0009s ]
SQL: SELECT * FROM `myblog_role`  [ RunTime:0.0007s ]
INFO: [ view_parse ] --START--
INFO: [ template_filter ] --START--
INFO: Run Behavior\ContentReplaceBehavior [ RunTime:0.000165s ]
INFO: [ template_filter ] --END-- [ RunTime:0.000236s ]
NOTIC: [8] Undefined variable: Os D:\www\MyBlog\App\Runtime\Cache\Admin\e6ebfbe50ff11fcc9e1d5236f5b98164.php 第 149 行.
INFO: Run Behavior\ParseTemplateBehavior [ RunTime:0.034466s ]
INFO: [ view_parse ] --END-- [ RunTime:0.034567s ]
INFO: [ view_filter ] --START--
INFO: Run Behavior\WriteHtmlCacheBehavior [ RunTime:0.000966s ]
INFO: [ view_filter ] --END-- [ RunTime:0.001034s ]
INFO: [ app_end ] --START--
INFO: Run Behavior\ShowPageTraceBehavior [ RunTime:0.002318s ]
INFO: [ app_end ] --END-- [ RunTime:0.002432s ]

[ 2017-03-05T15:42:41+08:00 ] ::1 /MyBlog/Admin/System/editUser/id/2.html
INFO: [ app_init ] --START--
INFO: Run Behavior\BuildLiteBehavior [ RunTime:0.000010s ]
INFO: [ app_init ] --END-- [ RunTime:0.000350s ]
INFO: [ app_begin ] --START--
INFO: Run Behavior\ReadHtmlCacheBehavior [ RunTime:0.000609s ]
INFO: [ app_begin ] --END-- [ RunTime:0.000670s ]
NOTIC: [8] Undefined index: menu_list D:\www\MyBlog\App\Admin\Controller\CommonController.class.php 第 81 行.
NOTIC: [2] Invalid argument supplied for foreach() D:\www\MyBlog\App\Admin\Controller\CommonController.class.php 第 81 行.
SQL: SHOW COLUMNS FROM `myblog_node` [ RunTime:0.0018s ]
SQL: SELECT * FROM `myblog_node` WHERE `menuflag` = 1  [ RunTime:0.0006s ]
SQL: SHOW COLUMNS FROM `myblog_user` [ RunTime:0.0024s ]
SQL: SHOW COLUMNS FROM `myblog_role` [ RunTime:0.0014s ]
SQL: SHOW COLUMNS FROM `myblog_role_user` [ RunTime:0.0511s ]
SQL: SELECT * FROM `myblog_role`  [ RunTime:0.0004s ]
SQL: SELECT * FROM `myblog_user` WHERE `id` = 2 LIMIT 1   [ RunTime:0.0005s ]
INFO: [ view_parse ] --START--
INFO: [ template_filter ] --START--
INFO: Run Behavior\ContentReplaceBehavior [ RunTime:0.000155s ]
INFO: [ template_filter ] --END-- [ RunTime:0.000202s ]
NOTIC: [8] Undefined variable: Os D:\www\MyBlog\App\Runtime\Cache\Admin\26bf12a7b9beaa265dd4897ed856cd90.php 第 148 行.
NOTIC: [8] Undefined variable: nowtime D:\www\MyBlog\App\Runtime\Cache\Admin\26bf12a7b9beaa265dd4897ed856cd90.php 第 301 行.
INFO: Run Behavior\ParseTemplateBehavior [ RunTime:0.034346s ]
INFO: [ view_parse ] --END-- [ RunTime:0.034393s ]
INFO: [ view_filter ] --START--
INFO: Run Behavior\WriteHtmlCacheBehavior [ RunTime:0.000557s ]
INFO: [ view_filter ] --END-- [ RunTime:0.000606s ]
INFO: [ app_end ] --START--
INFO: Run Behavior\ShowPageTraceBehavior [ RunTime:0.001275s ]
INFO: [ app_end ] --END-- [ RunTime:0.001372s ]

[ 2017-03-05T15:42:47+08:00 ] ::1 /MyBlog/Admin/System/role.html
INFO: [ app_init ] --START--
INFO: Run Behavior\BuildLiteBehavior [ RunTime:0.000026s ]
INFO: [ app_init ] --END-- [ RunTime:0.000675s ]
INFO: [ app_begin ] --START--
INFO: Run Behavior\ReadHtmlCacheBehavior [ RunTime:0.000978s ]
INFO: [ app_begin ] --END-- [ RunTime:0.001063s ]
NOTIC: [8] Undefined index: menu_list D:\www\MyBlog\App\Admin\Controller\CommonController.class.php 第 81 行.
NOTIC: [2] Invalid argument supplied for foreach() D:\www\MyBlog\App\Admin\Controller\CommonController.class.php 第 81 行.
SQL: SHOW COLUMNS FROM `myblog_node` [ RunTime:0.0017s ]
SQL: SELECT * FROM `myblog_node` WHERE `menuflag` = 1  [ RunTime:0.0015s ]
SQL: SHOW COLUMNS FROM `myblog_role` [ RunTime:0.0014s ]
SQL: SELECT COUNT(*) AS tp_count FROM `myblog_role` LIMIT 1   [ RunTime:0.0002s ]
SQL: SELECT * FROM `myblog_role` ORDER BY id desc LIMIT 0,10   [ RunTime:0.0006s ]
INFO: [ view_parse ] --START--
INFO: [ template_filter ] --START--
INFO: Run Behavior\ContentReplaceBehavior [ RunTime:0.000118s ]
INFO: [ template_filter ] --END-- [ RunTime:0.000182s ]
NOTIC: [8] Undefined variable: Os D:\www\MyBlog\App\Runtime\Cache\Admin\48fad9e24618a659080a574d86172b31.php 第 149 行.
INFO: Run Behavior\ParseTemplateBehavior [ RunTime:0.021509s ]
INFO: [ view_parse ] --END-- [ RunTime:0.021606s ]
INFO: [ view_filter ] --START--
INFO: Run Behavior\WriteHtmlCacheBehavior [ RunTime:0.000515s ]
INFO: [ view_filter ] --END-- [ RunTime:0.000551s ]
INFO: [ app_end ] --START--
INFO: Run Behavior\ShowPageTraceBehavior [ RunTime:0.001055s ]
INFO: [ app_end ] --END-- [ RunTime:0.001149s ]

[ 2017-03-05T15:42:49+08:00 ] ::1 /MyBlog/Admin/System/user.html
INFO: [ app_init ] --START--
INFO: Run Behavior\BuildLiteBehavior [ RunTime:0.000012s ]
INFO: [ app_init ] --END-- [ RunTime:0.000385s ]
INFO: [ app_begin ] --START--
INFO: Run Behavior\ReadHtmlCacheBehavior [ RunTime:0.000626s ]
INFO: [ app_begin ] --END-- [ RunTime:0.000681s ]
NOTIC: [8] Undefined index: menu_list D:\www\MyBlog\App\Admin\Controller\CommonController.class.php 第 81 行.
NOTIC: [2] Invalid argument supplied for foreach() D:\www\MyBlog\App\Admin\Controller\CommonController.class.php 第 81 行.
SQL: SHOW COLUMNS FROM `myblog_node` [ RunTime:0.0014s ]
SQL: SELECT * FROM `myblog_node` WHERE `menuflag` = 1  [ RunTime:0.0006s ]
SQL: SHOW COLUMNS FROM `myblog_user` [ RunTime:0.0022s ]
SQL: SHOW COLUMNS FROM `myblog_role` [ RunTime:0.0019s ]
SQL: SELECT COUNT(*) AS tp_count FROM `myblog_user` LIMIT 1   [ RunTime:0.0003s ]
SQL: SELECT * FROM `myblog_user` ORDER BY id desc LIMIT 0,10   [ RunTime:0.0006s ]
SQL: SELECT * FROM `myblog_role`  [ RunTime:0.0004s ]
INFO: [ view_parse ] --START--
INFO: [ template_filter ] --START--
INFO: Run Behavior\ContentReplaceBehavior [ RunTime:0.000160s ]
INFO: [ template_filter ] --END-- [ RunTime:0.000231s ]
NOTIC: [8] Undefined variable: Os D:\www\MyBlog\App\Runtime\Cache\Admin\e6ebfbe50ff11fcc9e1d5236f5b98164.php 第 149 行.
INFO: Run Behavior\ParseTemplateBehavior [ RunTime:0.018574s ]
INFO: [ view_parse ] --END-- [ RunTime:0.018629s ]
INFO: [ view_filter ] --START--
INFO: Run Behavior\WriteHtmlCacheBehavior [ RunTime:0.000501s ]
INFO: [ view_filter ] --END-- [ RunTime:0.000538s ]
INFO: [ app_end ] --START--
INFO: Run Behavior\ShowPageTraceBehavior [ RunTime:0.001084s ]
INFO: [ app_end ] --END-- [ RunTime:0.001153s ]

[ 2017-03-05T15:42:50+08:00 ] ::1 /MyBlog/Admin/System/editUser/id/1.html
INFO: [ app_init ] --START--
INFO: Run Behavior\BuildLiteBehavior [ RunTime:0.000011s ]
INFO: [ app_init ] --END-- [ RunTime:0.000359s ]
INFO: [ app_begin ] --START--
INFO: Run Behavior\ReadHtmlCacheBehavior [ RunTime:0.000593s ]
INFO: [ app_begin ] --END-- [ RunTime:0.000640s ]
NOTIC: [8] Undefined index: menu_list D:\www\MyBlog\App\Admin\Controller\CommonController.class.php 第 81 行.
NOTIC: [2] Invalid argument supplied for foreach() D:\www\MyBlog\App\Admin\Controller\CommonController.class.php 第 81 行.
SQL: SHOW COLUMNS FROM `myblog_node` [ RunTime:0.0014s ]
SQL: SELECT * FROM `myblog_node` WHERE `menuflag` = 1  [ RunTime:0.0006s ]
SQL: SHOW COLUMNS FROM `myblog_user` [ RunTime:0.0038s ]
SQL: SHOW COLUMNS FROM `myblog_role` [ RunTime:0.0013s ]
SQL: SHOW COLUMNS FROM `myblog_role_user` [ RunTime:0.0013s ]
SQL: SELECT * FROM `myblog_role`  [ RunTime:0.0003s ]
SQL: SELECT * FROM `myblog_user` WHERE `id` = 1 LIMIT 1   [ RunTime:0.0004s ]
INFO: [ view_parse ] --START--
INFO: [ template_filter ] --START--
INFO: Run Behavior\ContentReplaceBehavior [ RunTime:0.000139s ]
INFO: [ template_filter ] --END-- [ RunTime:0.000197s ]
NOTIC: [8] Undefined variable: Os D:\www\MyBlog\App\Runtime\Cache\Admin\26bf12a7b9beaa265dd4897ed856cd90.php 第 148 行.
NOTIC: [8] Undefined variable: nowtime D:\www\MyBlog\App\Runtime\Cache\Admin\26bf12a7b9beaa265dd4897ed856cd90.php 第 301 行.
INFO: Run Behavior\ParseTemplateBehavior [ RunTime:0.018207s ]
INFO: [ view_parse ] --END-- [ RunTime:0.018276s ]
INFO: [ view_filter ] --START--
INFO: Run Behavior\WriteHtmlCacheBehavior [ RunTime:0.000569s ]
INFO: [ view_filter ] --END-- [ RunTime:0.000610s ]
INFO: [ app_end ] --START--
INFO: Run Behavior\ShowPageTraceBehavior [ RunTime:0.001249s ]
INFO: [ app_end ] --END-- [ RunTime:0.001340s ]

[ 2017-03-05T15:43:01+08:00 ] ::1 /MyBlog/Admin/Article/index.html
INFO: [ app_init ] --START--
INFO: Run Behavior\BuildLiteBehavior [ RunTime:0.000020s ]
INFO: [ app_init ] --END-- [ RunTime:0.000564s ]
INFO: [ app_begin ] --START--
INFO: Run Behavior\ReadHtmlCacheBehavior [ RunTime:0.001099s ]
INFO: [ app_begin ] --END-- [ RunTime:0.001203s ]
NOTIC: [8] Undefined index: menu_list D:\www\MyBlog\App\Admin\Controller\CommonController.class.php 第 81 行.
NOTIC: [2] Invalid argument supplied for foreach() D:\www\MyBlog\App\Admin\Controller\CommonController.class.php 第 81 行.
SQL: SHOW COLUMNS FROM `myblog_node` [ RunTime:0.0028s ]
SQL: SELECT * FROM `myblog_node` WHERE `menuflag` = 1  [ RunTime:0.0011s ]
SQL: SHOW COLUMNS FROM `myblog_article` [ RunTime:0.0211s ]
SQL: SHOW COLUMNS FROM `myblog_article_cate` [ RunTime:0.0126s ]
SQL: SELECT COUNT(*) AS tp_count FROM `myblog_article` LIMIT 1   [ RunTime:0.0005s ]
SQL: SELECT * FROM `myblog_article` ORDER BY create_time desc LIMIT 10   [ RunTime:0.0008s ]
SQL: SELECT * FROM `myblog_article_cate`  [ RunTime:0.0005s ]
INFO: [ view_parse ] --START--
INFO: [ template_filter ] --START--
INFO: Run Behavior\ContentReplaceBehavior [ RunTime:0.000212s ]
INFO: [ template_filter ] --END-- [ RunTime:0.000682s ]
NOTIC: [8] Undefined variable: Os D:\www\MyBlog\App\Runtime\Cache\Admin\ac492b5605bffa8cac27c5e0dc599b32.php 第 149 行.
INFO: Run Behavior\ParseTemplateBehavior [ RunTime:0.038942s ]
INFO: [ view_parse ] --END-- [ RunTime:0.039032s ]
INFO: [ view_filter ] --START--
INFO: Run Behavior\WriteHtmlCacheBehavior [ RunTime:0.000986s ]
INFO: [ view_filter ] --END-- [ RunTime:0.001059s ]
INFO: [ app_end ] --START--
INFO: Run Behavior\ShowPageTraceBehavior [ RunTime:0.001352s ]
INFO: [ app_end ] --END-- [ RunTime:0.001443s ]

[ 2017-03-05T15:43:05+08:00 ] ::1 /MyBlog/Admin/Index/cpwd.html
INFO: [ app_init ] --START--
INFO: Run Behavior\BuildLiteBehavior [ RunTime:0.000017s ]
INFO: [ app_init ] --END-- [ RunTime:0.000389s ]
INFO: [ app_begin ] --START--
INFO: Run Behavior\ReadHtmlCacheBehavior [ RunTime:0.000590s ]
INFO: [ app_begin ] --END-- [ RunTime:0.000635s ]
NOTIC: [8] Undefined index: menu_list D:\www\MyBlog\App\Admin\Controller\CommonController.class.php 第 81 行.
NOTIC: [2] Invalid argument supplied for foreach() D:\www\MyBlog\App\Admin\Controller\CommonController.class.php 第 81 行.
SQL: SHOW COLUMNS FROM `myblog_node` [ RunTime:0.0020s ]
SQL: SELECT * FROM `myblog_node` WHERE `menuflag` = 1  [ RunTime:0.0008s ]
SQL: SHOW COLUMNS FROM `myblog_user` [ RunTime:0.0022s ]
INFO: [ view_parse ] --START--
INFO: [ template_filter ] --START--
INFO: Run Behavior\ContentReplaceBehavior [ RunTime:0.000137s ]
INFO: [ template_filter ] --END-- [ RunTime:0.000198s ]
NOTIC: [8] Undefined variable: Os D:\www\MyBlog\App\Runtime\Cache\Admin\a36ee622c43fef4d6f4e3ee70c3d46cf.php 第 147 行.
INFO: Run Behavior\ParseTemplateBehavior [ RunTime:0.026754s ]
INFO: [ view_parse ] --END-- [ RunTime:0.026822s ]
INFO: [ view_filter ] --START--
INFO: Run Behavior\WriteHtmlCacheBehavior [ RunTime:0.000623s ]
INFO: [ view_filter ] --END-- [ RunTime:0.000672s ]
INFO: [ app_end ] --START--
INFO: Run Behavior\ShowPageTraceBehavior [ RunTime:0.000940s ]
INFO: [ app_end ] --END-- [ RunTime:0.001012s ]

